Log file open, 10/04/19 10:22:09
LogWindows: Failed to load 'aqProf.dll' (GetLastError=126)
LogWindows: File 'aqProf.dll' does not exist
LogWindows: Failed to load 'VSPerf140.dll' (GetLastError=126)
LogWindows: File 'VSPerf140.dll' does not exist
LogWindows: Failed to load 'VtuneApi.dll' (GetLastError=126)
LogWindows: File 'VtuneApi.dll' does not exist
LogWindows: Failed to load 'VtuneApi32e.dll' (GetLastError=126)
LogWindows: File 'VtuneApi32e.dll' does not exist
LogInit: Display: Running engine for game: Platformer1
LogPlatformFile: Not using cached read wrapper
LogTaskGraph: Started task graph with 5 named threads and 23 total threads with 3 sets of task threads.
LogStats: Stats thread started at 0.287770
LogD3D11RHI: Loaded GFSDK_Aftermath_Lib.x64.dll
LogICUInternationalization: Display: ICU TimeZone Detection - Raw Offset: +10:00, Platform Override: ''
LogPluginManager: Mounting plugin Paper2D
LogPluginManager: Mounting plugin AISupport
LogPluginManager: Mounting plugin LightPropagationVolume
LogPluginManager: Mounting plugin CLionSourceCodeAccess
LogPluginManager: Mounting plugin CodeLiteSourceCodeAccess
LogPluginManager: Mounting plugin GitSourceControl
LogPluginManager: Mounting plugin KDevelopSourceCodeAccess
LogPluginManager: Mounting plugin NullSourceCodeAccess
LogPluginManager: Mounting plugin PerforceSourceControl
LogPluginManager: Mounting plugin SubversionSourceControl
LogPluginManager: Mounting plugin UObjectPlugin
LogPluginManager: Mounting plugin VisualStudioCodeSourceCodeAccess
LogPluginManager: Mounting plugin VisualStudioSourceCodeAccess
LogPluginManager: Mounting plugin XCodeSourceCodeAccess
LogPluginManager: Mounting plugin AssetManagerEditor
LogPluginManager: Mounting plugin CryptoKeys
LogPluginManager: Mounting plugin DataValidation
LogPluginManager: Mounting plugin FacialAnimation
LogPluginManager: Mounting plugin GameplayTagsEditor
LogPluginManager: Mounting plugin MacGraphicsSwitching
LogPluginManager: Mounting plugin MeshEditor
LogPluginManager: Mounting plugin MobileLauncherProfileWizard
LogPluginManager: Mounting plugin PluginBrowser
LogPluginManager: Mounting plugin SpeedTreeImporter
LogPluginManager: Mounting plugin DatasmithContent
LogPluginManager: Mounting plugin AlembicImporter
LogPluginManager: Mounting plugin AppleImageUtils
LogPluginManager: Mounting plugin AppleVision
LogPluginManager: Mounting plugin BackChannel
LogPluginManager: Mounting plugin CharacterAI
LogPluginManager: Mounting plugin GeometryCache
LogPluginManager: Mounting plugin HTML5Networking
LogPluginManager: Mounting plugin ProxyLODPlugin
LogPluginManager: Mounting plugin MagicLeap
LogPluginManager: Mounting plugin MagicLeapEmulator
LogPluginManager: Mounting plugin MagicLeapMedia
LogPluginManager: Mounting plugin AndroidMedia
LogPluginManager: Mounting plugin AvfMedia
LogPluginManager: Mounting plugin ImgMedia
LogPluginManager: Mounting plugin LinearTimecode
LogPluginManager: Mounting plugin MediaCompositing
LogPluginManager: Mounting plugin MediaPlayerEditor
LogPluginManager: Mounting plugin WmfMedia
LogPluginManager: Mounting plugin TcpMessaging
LogPluginManager: Mounting plugin UdpMessaging
LogPluginManager: Mounting plugin ActorSequence
LogPluginManager: Mounting plugin LevelSequenceEditor
LogPluginManager: Mounting plugin MatineeToLevelSequence
LogPluginManager: Mounting plugin NetcodeUnitTest
LogPluginManager: Mounting plugin NUTUnrealEngine4
LogPluginManager: Mounting plugin OnlineSubsystemGooglePlay
LogPluginManager: Mounting plugin OnlineSubsystemIOS
LogPluginManager: Mounting plugin OnlineSubsystem
LogPluginManager: Mounting plugin OnlineSubsystemNull
LogPluginManager: Mounting plugin OnlineSubsystemUtils
LogPluginManager: Mounting plugin LauncherChunkInstaller
LogPluginManager: Mounting plugin AndroidDeviceProfileSelector
LogPluginManager: Mounting plugin AndroidMoviePlayer
LogPluginManager: Mounting plugin AndroidPermission
LogPluginManager: Mounting plugin AppleMoviePlayer
LogPluginManager: Mounting plugin ArchVisCharacter
LogPluginManager: Mounting plugin AudioCapture
LogPluginManager: Mounting plugin CableComponent
LogPluginManager: Mounting plugin CustomMeshComponent
LogPluginManager: Mounting plugin EditableMesh
LogPluginManager: Mounting plugin ExampleDeviceProfileSelector
LogPluginManager: Mounting plugin GoogleCloudMessaging
LogPluginManager: Mounting plugin ImmediatePhysics
LogPluginManager: Mounting plugin IOSDeviceProfileSelector
LogPluginManager: Mounting plugin LinuxDeviceProfileSelector
LogPluginManager: Mounting plugin LocationServicesBPLibrary
LogPluginManager: Mounting plugin MobilePatchingUtils
LogPluginManager: Mounting plugin OculusVR
LogPluginManager: Plugin shader directory ../../../Engine/Plugins/Runtime/Oculus/OculusVR/Shaders found
LogPluginManager: Mapping shader source directory ../../../Engine/Plugins/Runtime/Oculus/OculusVR/Shaders to virtual directory /Plugin/OculusVR
LogPluginManager: Mounting plugin PhysXVehicles
LogPluginManager: Mounting plugin ProceduralMeshComponent
LogPluginManager: Mounting plugin RuntimePhysXCooking
LogPluginManager: Mounting plugin SteamVR
LogPluginManager: Mounting plugin WindowsMoviePlayer
LogStreaming: Display: Took  0.056s to configure plugins.
LogInit: Using libcurl 7.55.1-DEV
LogInit:  - built for x86_64-pc-win32
LogInit:  - supports SSL with OpenSSL/1.0.2h
LogInit:  - supports HTTP deflate (compression) using libz 1.2.8
LogInit:  - other features:
LogInit:      CURL_VERSION_SSL
LogInit:      CURL_VERSION_LIBZ
LogInit:      CURL_VERSION_IPV6
LogInit:      CURL_VERSION_ASYNCHDNS
LogInit:      CURL_VERSION_LARGEFILE
LogInit:      CURL_VERSION_IDN
LogInit:  CurlRequestOptions (configurable via config and command line):
LogInit:  - bVerifyPeer = false  - Libcurl will NOT verify peer certificate
LogInit:  - bUseHttpProxy = false  - Libcurl will NOT use HTTP proxy
LogInit:  - bDontReuseConnections = false  - Libcurl will reuse connections
LogInit:  - CertBundlePath = nullptr  - Libcurl will use whatever was configured at build time.
LogInit:  - MaxHostConnections = 16  - Libcurl will limit the number of connections to a host
LogInit:  - LocalHostAddr = Default
LogInit:  - BufferSize = 65536
LogInit: WinSock: version 1.1 (2.2), MaxSocks=32767, MaxUdp=65467
LogInit: Build: ++UE4+Release-4.20-CL-4369336
LogInit: Engine Version: 4.20.3-4369336+++UE4+Release-4.20
LogInit: Compatible Engine Version: 4.20.0-4212847+++UE4+Release-4.20
LogInit: Net CL: 4212847
LogInit: OS: Windows 10 (), CPU:         Intel(R) Core(TM) i7-3770 CPU @ 3.40GHz, GPU: NVIDIA GeForce GTX 660 Ti
LogInit: Compiled (64-bit): Sep 17 2018 12:26:19
LogInit: Compiled with Visual C++: 19.13.26129.00
LogInit: Build Configuration: Development
LogInit: Branch Name: ++UE4+Release-4.20
LogInit: Command Line:  /Game/_MyContent/Maps/Level_1 -game -PIEVIACONSOLE -ResX=1280 -ResY=720  -Multiprocess -messaging -SessionName="Play in Standalone Game" -windowed 
LogInit: Base Directory: C:/Program Files/Epic Games/UE_4.20/Engine/Binaries/Win64/
LogInit: Installed Engine Build: 1
LogDevObjectVersion: Number of dev versions registered: 20
LogDevObjectVersion:   Dev-Blueprints (B0D832E4-1F89-4F0D-ACCF-7EB736FD4AA2): 10
LogDevObjectVersion:   Dev-Build (E1C64328-A22C-4D53-A36C-8E866417BD8C): 0
LogDevObjectVersion:   Dev-Core (375EC13C-06E4-48FB-B500-84F0262A717E): 2
LogDevObjectVersion:   Dev-Editor (E4B068ED-F494-42E9-A231-DA0B2E46BB41): 24
LogDevObjectVersion:   Dev-Framework (CFFC743F-43B0-4480-9391-14DF171D2073): 34
LogDevObjectVersion:   Dev-Mobile (B02B49B5-BB20-44E9-A304-32B752E40360): 2
LogDevObjectVersion:   Dev-Networking (A4E4105C-59A1-49B5-A7C5-40C4547EDFEE): 0
LogDevObjectVersion:   Dev-Online (39C831C9-5AE6-47DC-9A44-9C173E1C8E7C): 0
LogDevObjectVersion:   Dev-Physics (78F01B33-EBEA-4F98-B9B4-84EACCB95AA2): 0
LogDevObjectVersion:   Dev-Platform (6631380F-2D4D-43E0-8009-CF276956A95A): 0
LogDevObjectVersion:   Dev-Rendering (12F88B9F-8875-4AFC-A67C-D90C383ABD29): 26
LogDevObjectVersion:   Dev-Sequencer (7B5AE74C-D270-4C10-A958-57980B212A5A): 9
LogDevObjectVersion:   Dev-VR (D7296918-1DD6-4BDD-9DE2-64A83CC13884): 2
LogDevObjectVersion:   Dev-LoadTimes (C2A15278-BFE7-4AFE-6C17-90FF531DF755): 1
LogDevObjectVersion:   Private-Geometry (6EACA3D4-40EC-4CC1-B786-8BED09428FC5): 3
LogDevObjectVersion:   Dev-AnimPhys (29E575DD-E0A3-4627-9D10-D276232CDCEA): 17
LogDevObjectVersion:   Dev-ReflectionCapture (6B266CEC-1EC7-4B8F-A30B-E4D90942FC07): 1
LogDevObjectVersion:   Dev-Automation (0DF73D61-A23F-47EA-B727-89E90C41499A): 1
LogDevObjectVersion:   FortniteMain (601D1886-AC64-4F84-AA16-D3DE0DEAC7D6): 12
LogDevObjectVersion:   Dev-Enterprise (9DFFBCD6-494F-0158-E221-12823C92A888): 1
LogStreaming: Display: Took  0.003s to delete old logs.
LogInit: Presizing for max 8388607 objects, including 0 objects not considered by GC, pre-allocating 0 bytes for permanent pool.
LogInit: Object subsystem initialized
[2019.10.04-00.22.09:398][  0]LogInit: Selected Device Profile: [Windows]
[2019.10.04-00.22.09:398][  0]LogInit: Applying CVar settings loaded from the selected device profile: [Windows]
[2019.10.04-00.22.09:405][  0]LogHAL: Display: Platform has ~ 16 GB [17139372032 / 17179869184 / 16], which maps to Larger [LargestMinGB=32, LargerMinGB=12, DefaultMinGB=8, SmallerMinGB=6, SmallestMinGB=0)
[2019.10.04-00.22.09:405][  0]LogInit: Setting Device Profile CVar: [[r.Vulkan.UseRealUBs:1]]
[2019.10.04-00.22.09:405][  0]LogInit: Going up to parent DeviceProfile []
[2019.10.04-00.22.09:406][  0]LogInit: Computer: SYD-D32E9F
[2019.10.04-00.22.09:406][  0]LogInit: User: s192119
[2019.10.04-00.22.09:406][  0]LogInit: CPU Page size=4096, Cores=4
[2019.10.04-00.22.09:406][  0]LogInit: High frequency timer resolution =3.323585 MHz
[2019.10.04-00.22.09:406][  0]LogMemory: Memory total: Physical=16.0GB (16GB approx)
[2019.10.04-00.22.09:406][  0]LogMemory: Platform Memory Stats for Windows
[2019.10.04-00.22.09:406][  0]LogMemory: Process Physical Memory: 100.72 MB used, 100.72 MB peak
[2019.10.04-00.22.09:406][  0]LogMemory: Process Virtual Memory: 89.46 MB used, 89.46 MB peak
[2019.10.04-00.22.09:406][  0]LogMemory: Physical Memory: 3321.23 MB used,  13024.15 MB free, 16345.38 MB total
[2019.10.04-00.22.09:406][  0]LogMemory: Virtual Memory: 4638.47 MB used,  13024.15 MB free, 134217728.00 MB total
[2019.10.04-00.22.09:425][  0]LogInit: Using OS detected language (en-US).
[2019.10.04-00.22.09:425][  0]LogInit: Using OS detected locale (en-US).
[2019.10.04-00.22.09:426][  0]LogTextLocalizationManager: No specific localization for 'en-US' exists, so the 'en' localization will be used.
[2019.10.04-00.22.09:847][  0]LogStreaming: Display: Took  0.422s to InitEngineTextLocalization.
[2019.10.04-00.22.09:869][  0]LogSlate: New Slate User Created.  User Index 0, Is Virtual User: 0
[2019.10.04-00.22.09:869][  0]LogSlate: Slate User Registered.  User Index 0, Is Virtual User: 0
[2019.10.04-00.22.09:948][  0]LogHMD: Failed to initialize OpenVR with code 110
[2019.10.04-00.22.09:948][  0]LogD3D11RHI: D3D11 adapters:
[2019.10.04-00.22.10:007][  0]LogD3D11RHI:    0. 'NVIDIA GeForce GTX 660 Ti' (Feature Level 11_0)
[2019.10.04-00.22.10:007][  0]LogD3D11RHI:       1998/0/8172 MB DedicatedVideo/DedicatedSystem/SharedSystem, Outputs:2, VendorId:0x10de
[2019.10.04-00.22.10:009][  0]LogD3D11RHI:    1. 'Microsoft Basic Render Driver' (Feature Level 11_0)
[2019.10.04-00.22.10:009][  0]LogD3D11RHI:       0/0/8172 MB DedicatedVideo/DedicatedSystem/SharedSystem, Outputs:0, VendorId:0x1414
[2019.10.04-00.22.10:009][  0]LogD3D11RHI: Chosen D3D11 Adapter: 0
[2019.10.04-00.22.10:014][  0]LogD3D11RHI: Creating new Direct3DDevice
[2019.10.04-00.22.10:014][  0]LogD3D11RHI:     GPU DeviceId: 0x1183 (for the marketing name, search the web for "GPU Device Id")
[2019.10.04-00.22.10:014][  0]LogWindows: EnumDisplayDevices:
[2019.10.04-00.22.10:014][  0]LogWindows:    0. 'NVIDIA GeForce GTX 660 Ti' (P:1 D:1)
[2019.10.04-00.22.10:014][  0]LogWindows:    1. 'NVIDIA GeForce GTX 660 Ti' (P:0 D:1)
[2019.10.04-00.22.10:014][  0]LogWindows:    2. 'NVIDIA GeForce GTX 660 Ti' (P:0 D:0)
[2019.10.04-00.22.10:015][  0]LogWindows:    3. 'NVIDIA GeForce GTX 660 Ti' (P:0 D:0)
[2019.10.04-00.22.10:015][  0]LogWindows: DebugString: FoundDriverCount:4 
[2019.10.04-00.22.10:015][  0]LogD3D11RHI:     Adapter Name: NVIDIA GeForce GTX 660 Ti
[2019.10.04-00.22.10:015][  0]LogD3D11RHI:   Driver Version: 417.35 (internal:25.21.14.1735, unified:417.35)
[2019.10.04-00.22.10:015][  0]LogD3D11RHI:      Driver Date: 12-11-2018
[2019.10.04-00.22.10:015][  0]LogRHI: Texture pool is 1398 MB (70% of 1998 MB)
[2019.10.04-00.22.10:060][  0]LogD3D11RHI: Async texture creation enabled
[2019.10.04-00.22.10:077][  0]LogD3D11RHI: GPU Timing Frequency: 1000.000000 (Debug: 2 2)
[2019.10.04-00.22.10:079][  0]LogShaderCompilers: Guid format shader working directory is -22 characters bigger than the processId version (../../../../../../Users/s192119/Documents/GitHub/Project1/Platformer1/Intermediate/Shaders/WorkingDirectory/10800/).
[2019.10.04-00.22.10:079][  0]LogShaderCompilers: Cleaned the shader compiler working directory 'C:/Users/s192119/AppData/Local/Temp/UnrealShaderWorkingDir/23B0CEA946037C88CD6A8988EC97F812/'.
[2019.10.04-00.22.10:329][  0]LogTemp: Display: Loaded TP WindowsClientTargetPlatform
[2019.10.04-00.22.10:342][  0]LogTemp: Display: Loaded TP WindowsNoEditorTargetPlatform
[2019.10.04-00.22.10:355][  0]LogTemp: Display: Loaded TP WindowsServerTargetPlatform
[2019.10.04-00.22.10:369][  0]LogTemp: Display: Loaded TP WindowsTargetPlatform
[2019.10.04-00.22.10:369][  0]LogTargetPlatformManager: Display: Building Assets For Windows
[2019.10.04-00.22.10:418][  0]LogXGEController: Cannot use XGE Controller as Incredibuild is not installed on this machine.
[2019.10.04-00.22.10:418][  0]LogShaderCompilers: Cannot use XGE Shader Compiler as Incredibuild is not installed on this machine.
[2019.10.04-00.22.10:418][  0]LogShaderCompilers: Display: Using Local Shader Compiler.
[2019.10.04-00.22.11:150][  0]LogDerivedDataCache: Display: Max Cache Size: 512 MB
[2019.10.04-00.22.11:213][  0]LogDerivedDataCache: Loaded boot cache 0.06s 71MB C:/Users/s192119/AppData/Local/UnrealEngine/4.20/DerivedDataCache/Boot.ddc.
[2019.10.04-00.22.11:213][  0]LogDerivedDataCache: Display: Loaded Boot cache: C:/Users/s192119/AppData/Local/UnrealEngine/4.20/DerivedDataCache/Boot.ddc
[2019.10.04-00.22.11:214][  0]LogDerivedDataCache: FDerivedDataBackendGraph:  Pak pak cache file ../../../../../../Users/s192119/Documents/GitHub/Project1/Platformer1/DerivedDataCache/DDC.ddp not found, will not use a pak cache.
[2019.10.04-00.22.11:214][  0]LogDerivedDataCache: Unable to find inner node Pak for hierarchical cache Hierarchy.
[2019.10.04-00.22.11:214][  0]LogDerivedDataCache: FDerivedDataBackendGraph:  CompressedPak pak cache file ../../../../../../Users/s192119/Documents/GitHub/Project1/Platformer1/DerivedDataCache/Compressed.ddp not found, will not use a pak cache.
[2019.10.04-00.22.11:214][  0]LogDerivedDataCache: Unable to find inner node CompressedPak for hierarchical cache Hierarchy.
[2019.10.04-00.22.11:227][  0]LogDerivedDataCache: Display: Pak cache opened for reading ../../../Engine/DerivedDataCache/Compressed.ddp.
[2019.10.04-00.22.11:239][  0]LogDerivedDataCache: Using Local data cache path C:/Users/s192119/AppData/Local/UnrealEngine/Common/DerivedDataCache: Writable
[2019.10.04-00.22.11:239][  0]LogDerivedDataCache: Shared data cache path not found in *engine.ini, will not use an Shared cache.
[2019.10.04-00.22.11:239][  0]LogDerivedDataCache: Unable to find inner node Shared for hierarchical cache Hierarchy.
[2019.10.04-00.22.11:259][  0]LogMaterial: Verifying Global Shaders for PCD3D_SM5
[2019.10.04-00.22.11:260][  0]LogSlate: Using FreeType 2.6.0
[2019.10.04-00.22.11:261][  0]LogSlate: SlateFontServices - WITH_FREETYPE: 1, WITH_HARFBUZZ: 1
[2019.10.04-00.22.11:301][  0]LogInit: Using OS detected language (en-US).
[2019.10.04-00.22.11:301][  0]LogInit: Using OS detected locale (en-US).
[2019.10.04-00.22.11:301][  0]LogTextLocalizationManager: No localization for 'en-US' exists, so 'en' will be used for the language.
[2019.10.04-00.22.11:301][  0]LogTextLocalizationManager: No localization for 'en-US' exists, so 'en' will be used for the locale.
[2019.10.04-00.22.11:609][  0]LogStreaming: Display: Took  0.308s to InitGameTextLocalization.
[2019.10.04-00.22.11:616][  0]LogAssetRegistry: FAssetRegistry took 0.0042 seconds to start up
[2019.10.04-00.22.11:856][  0]LogPackageLocalizationCache: Processed 11 localized package path(s) for 1 prioritized culture(s) in 0.011677 seconds
[2019.10.04-00.22.11:964][  0]LogInit: Selected Device Profile: [Windows]
[2019.10.04-00.22.12:089][  0]LogSimplygon: Simplygon DLL not present - disabling.
[2019.10.04-00.22.12:092][  0]LogMeshReduction: Using SimplygonSwarm for distributed automatic mesh merging
[2019.10.04-00.22.12:092][  0]LogMeshReduction: Using ProxyLODMeshReduction for automatic mesh merging
[2019.10.04-00.22.12:092][  0]LogMeshReduction: Using QuadricMeshReduction for automatic static mesh reduction
[2019.10.04-00.22.12:092][  0]LogMeshReduction: No automatic skeletal mesh reduction module available
[2019.10.04-00.22.12:106][  0]LogNetVersion: Platformer1 1.0.0, NetCL: 4212847, EngineNetVer: 5, GameNetVer: 0 (Checksum: 2788840230)
[2019.10.04-00.22.12:564][  0]LogMoviePlayer: Initializing movie player
[2019.10.04-00.22.12:718][  0]LogTcpMessaging: Initializing TcpMessaging bridge
[2019.10.04-00.22.12:731][  0]LogUdpMessaging: Initializing bridge on interface 0.0.0.0:0 to multicast group 230.0.0.1:6666.
[2019.10.04-00.22.12:817][  0]SourceControl: Source control is disabled
[2019.10.04-00.22.12:817][  0]SourceControl: Source control is disabled
[2019.10.04-00.22.12:818][  0]SourceControl: Source control is disabled
[2019.10.04-00.22.12:943][  0]LogAndroidPermission: UAndroidPermissionCallbackProxy::GetInstance
[2019.10.04-00.22.12:978][  0]LogOcInput: OculusInput pre-init called
[2019.10.04-00.22.12:987][  0]LogUObjectArray: 42168 objects as part of root set at end of initial load.
[2019.10.04-00.22.12:987][  0]LogUObjectAllocator: 7432352 out of 0 bytes used by permanent object pool.
[2019.10.04-00.22.12:987][  0]LogUObjectArray: CloseDisregardForGC: 0/0 objects in disregard for GC pool
[2019.10.04-00.22.13:041][  0]LogEngine: Initializing Engine...
[2019.10.04-00.22.13:041][  0]LogHMD: Failed to initialize OpenVR with code 110
[2019.10.04-00.22.13:054][  0]LogStats: UGameplayTagsManager::ConstructGameplayTagTree: ImportINI prefixes -  0.000 s
[2019.10.04-00.22.13:054][  0]LogStats: UGameplayTagsManager::ConstructGameplayTagTree: Construct from data asset -  0.000 s
[2019.10.04-00.22.13:054][  0]LogStats: UGameplayTagsManager::ConstructGameplayTagTree: ImportINI -  0.000 s
[2019.10.04-00.22.13:054][  0]LogStats: UGameplayTagsManager::ConstructGameplayTagTree: GameplayTagTreeChangedEvent.Broadcast -  0.000 s
[2019.10.04-00.22.13:228][  0]LogInit: Initializing FReadOnlyCVARCache
[2019.10.04-00.22.13:235][  0]LogInit: XAudio2 using 'Digital Audio (S/PDIF) (2- High Definition Audio Device)' : 2 channels at 48 kHz using 16 bits per sample (channel mask 0x3)
[2019.10.04-00.22.13:250][  0]LogInit: FAudioDevice initialized.
[2019.10.04-00.22.13:261][  0]LogNetVersion: Set ProjectVersion to 1.0.0.0. Version Checksum will be recalculated on next use.
[2019.10.04-00.22.13:270][  0]LogInit: Texture streaming: Enabled
[2019.10.04-00.22.13:408][  0]LogSlate: Updating window title bar state: overlay mode, drag disabled, window buttons hidden, title bar hidden
[2019.10.04-00.22.13:408][  0]LogInit: Display: Game Engine Initialized.
[2019.10.04-00.22.13:408][  0]LogGameplayTags: Display: UGameplayTagsManager::DoneAddingNativeTags. DelegateIsBound: 0
[2019.10.04-00.22.13:408][  0]LogStats: UGameplayTagsManager::ConstructGameplayTagTree: ImportINI prefixes -  0.000 s
[2019.10.04-00.22.13:408][  0]LogStats: UGameplayTagsManager::ConstructGameplayTagTree: Construct from data asset -  0.000 s
[2019.10.04-00.22.13:408][  0]LogStats: UGameplayTagsManager::ConstructGameplayTagTree: ImportINI -  0.000 s
[2019.10.04-00.22.13:408][  0]LogStats: UGameplayTagsManager::ConstructGameplayTagTree: GameplayTagTreeChangedEvent.Broadcast -  0.000 s
[2019.10.04-00.22.13:422][  0]LogInit: Display: Starting Game.
[2019.10.04-00.22.13:422][  0]LogNet: Browse: /Game/_MyContent/Maps/Level_1?Name=Player
[2019.10.04-00.22.13:422][  0]LogLoad: LoadMap: /Game/_MyContent/Maps/Level_1?Name=Player
[2019.10.04-00.22.13:873][  0]LogAIModule: Creating AISystem for world Level_1
[2019.10.04-00.22.13:873][  0]LogLoad: Game class is 'MyGameMode_C'
[2019.10.04-00.22.13:892][  0]LogWorld: Bringing World /Game/_MyContent/Maps/Level_1.Level_1 up for play (max tick rate 0) at 2019.10.04-10.22.13
[2019.10.04-00.22.13:893][  0]LogWorld: Bringing up level for play took: 0.018661
[2019.10.04-00.22.13:899][  0]LogLoad: Took 0.477282 seconds to LoadMap(/Game/_MyContent/Maps/Level_1)
[2019.10.04-00.22.13:974][  0]LogRenderer: Reallocating scene render targets to support 1280x720 Format 10 NumSamples 1 (Frame:1).
[2019.10.04-00.22.13:974][  0]LogLoad: (Engine Initialization) Total time: 6.09 seconds
[2019.10.04-00.22.13:974][  0]LogLoad: (Engine Initialization) Total Blueprint compile time: 0.00 seconds
[2019.10.04-00.22.13:992][  0]LogWindowsTextInputMethodSystem: Display: IME system now deactivated.
[2019.10.04-00.22.13:997][  0]LogContentStreaming: Texture pool size now 1000 MB
[2019.10.04-00.22.29:646][904]LogRenderer: Reallocating scene render targets to support 1920x1020 Format 10 NumSamples 1 (Frame:907).
[2019.10.04-00.22.30:302][944]LogSlate: FSceneViewport::OnFocusLost() reason 0
[2019.10.04-00.23.56:553][291]LogSlate: FSceneViewport::OnFocusLost() reason 0
[2019.10.04-00.23.56:602][294]LogNet: Browse: /Game/_MyContent/Maps/Level_1
[2019.10.04-00.23.56:602][294]LogLoad: LoadMap: /Game/_MyContent/Maps/Level_1
[2019.10.04-00.23.57:037][294]LogAIModule: Creating AISystem for world Level_1
[2019.10.04-00.23.57:037][294]LogLoad: Game class is 'MyGameMode_C'
[2019.10.04-00.23.57:051][294]LogWorld: Bringing World /Game/_MyContent/Maps/Level_1.Level_1 up for play (max tick rate 0) at 2019.10.04-10.23.57
[2019.10.04-00.23.57:052][294]LogWorld: Bringing up level for play took: 0.013973
[2019.10.04-00.23.57:054][294]LogLoad: Took 0.452035 seconds to LoadMap(/Game/_MyContent/Maps/Level_1)
[2019.10.04-00.24.09:736][ 70]LogSlate: FSceneViewport::OnFocusLost() reason 0
[2019.10.04-00.24.09:817][ 75]LogNet: Browse: /Game/_MyContent/Maps/Level_1
[2019.10.04-00.24.09:817][ 75]LogLoad: LoadMap: /Game/_MyContent/Maps/Level_1
[2019.10.04-00.24.10:254][ 75]LogAIModule: Creating AISystem for world Level_1
[2019.10.04-00.24.10:255][ 75]LogLoad: Game class is 'MyGameMode_C'
[2019.10.04-00.24.10:269][ 75]LogWorld: Bringing World /Game/_MyContent/Maps/Level_1.Level_1 up for play (max tick rate 0) at 2019.10.04-10.24.10
[2019.10.04-00.24.10:270][ 75]LogWorld: Bringing up level for play took: 0.013991
[2019.10.04-00.24.10:273][ 75]LogLoad: Took 0.455692 seconds to LoadMap(/Game/_MyContent/Maps/Level_1)
[2019.10.04-00.24.34:654][575]LogSlate: FSceneViewport::OnFocusLost() reason 0
[2019.10.04-00.24.34:719][579]LogNet: Browse: /Game/_MyContent/Maps/Level_1
[2019.10.04-00.24.34:719][579]LogLoad: LoadMap: /Game/_MyContent/Maps/Level_1
[2019.10.04-00.24.35:157][579]LogAIModule: Creating AISystem for world Level_1
[2019.10.04-00.24.35:158][579]LogLoad: Game class is 'MyGameMode_C'
[2019.10.04-00.24.35:172][579]LogWorld: Bringing World /Game/_MyContent/Maps/Level_1.Level_1 up for play (max tick rate 0) at 2019.10.04-10.24.35
[2019.10.04-00.24.35:172][579]LogWorld: Bringing up level for play took: 0.014008
[2019.10.04-00.24.35:175][579]LogLoad: Took 0.456007 seconds to LoadMap(/Game/_MyContent/Maps/Level_1)
[2019.10.04-00.24.55:571][837]LogSlate: FSceneViewport::OnFocusLost() reason 0
[2019.10.04-00.24.55:636][841]LogNet: Browse: /Game/_MyContent/Maps/Level_1
[2019.10.04-00.24.55:636][841]LogLoad: LoadMap: /Game/_MyContent/Maps/Level_1
[2019.10.04-00.24.56:069][841]LogAIModule: Creating AISystem for world Level_1
[2019.10.04-00.24.56:070][841]LogLoad: Game class is 'MyGameMode_C'
[2019.10.04-00.24.56:085][841]LogWorld: Bringing World /Game/_MyContent/Maps/Level_1.Level_1 up for play (max tick rate 0) at 2019.10.04-10.24.56
[2019.10.04-00.24.56:085][841]LogWorld: Bringing up level for play took: 0.014828
[2019.10.04-00.24.56:088][841]LogLoad: Took 0.452384 seconds to LoadMap(/Game/_MyContent/Maps/Level_1)
[2019.10.04-00.26.23:049][225]LogSlate: FSceneViewport::OnFocusLost() reason 0
[2019.10.04-00.26.23:114][229]LogNet: Browse: /Game/_MyContent/Maps/Level_1
[2019.10.04-00.26.23:114][229]LogLoad: LoadMap: /Game/_MyContent/Maps/Level_1
[2019.10.04-00.26.23:544][229]LogAIModule: Creating AISystem for world Level_1
[2019.10.04-00.26.23:544][229]LogLoad: Game class is 'MyGameMode_C'
[2019.10.04-00.26.23:559][229]LogWorld: Bringing World /Game/_MyContent/Maps/Level_1.Level_1 up for play (max tick rate 0) at 2019.10.04-10.26.23
[2019.10.04-00.26.23:559][229]LogWorld: Bringing up level for play took: 0.014380
[2019.10.04-00.26.23:562][229]LogLoad: Took 0.448356 seconds to LoadMap(/Game/_MyContent/Maps/Level_1)
[2019.10.04-00.27.04:897][784]LogSlate: FSceneViewport::OnFocusLost() reason 0
[2019.10.04-00.27.04:978][789]LogNet: Browse: /Game/_MyContent/Maps/Level_1
[2019.10.04-00.27.04:979][789]LogLoad: LoadMap: /Game/_MyContent/Maps/Level_1
[2019.10.04-00.27.05:414][789]LogAIModule: Creating AISystem for world Level_1
[2019.10.04-00.27.05:414][789]LogLoad: Game class is 'MyGameMode_C'
[2019.10.04-00.27.05:430][789]LogWorld: Bringing World /Game/_MyContent/Maps/Level_1.Level_1 up for play (max tick rate 0) at 2019.10.04-10.27.05
[2019.10.04-00.27.05:431][789]LogWorld: Bringing up level for play took: 0.015243
[2019.10.04-00.27.05:434][789]LogLoad: Took 0.454937 seconds to LoadMap(/Game/_MyContent/Maps/Level_1)
[2019.10.04-00.27.21:044][745]LogSlate: FSceneViewport::OnFocusLost() reason 0
[2019.10.04-00.27.21:157][752]LogNet: Browse: /Game/_MyContent/Maps/Level_1
[2019.10.04-00.27.21:157][752]LogLoad: LoadMap: /Game/_MyContent/Maps/Level_1
[2019.10.04-00.27.21:586][752]LogAIModule: Creating AISystem for world Level_1
[2019.10.04-00.27.21:586][752]LogLoad: Game class is 'MyGameMode_C'
[2019.10.04-00.27.21:601][752]LogWorld: Bringing World /Game/_MyContent/Maps/Level_1.Level_1 up for play (max tick rate 0) at 2019.10.04-10.27.21
[2019.10.04-00.27.21:601][752]LogWorld: Bringing up level for play took: 0.014594
[2019.10.04-00.27.21:604][752]LogLoad: Took 0.446006 seconds to LoadMap(/Game/_MyContent/Maps/Level_1)
[2019.10.04-00.27.46:617][293]LogSlate: FSceneViewport::OnFocusLost() reason 0
[2019.10.04-00.27.46:699][298]LogNet: Browse: /Game/_MyContent/Maps/Level_1
[2019.10.04-00.27.46:699][298]LogLoad: LoadMap: /Game/_MyContent/Maps/Level_1
[2019.10.04-00.27.47:128][298]LogAIModule: Creating AISystem for world Level_1
[2019.10.04-00.27.47:129][298]LogLoad: Game class is 'MyGameMode_C'
[2019.10.04-00.27.47:143][298]LogWorld: Bringing World /Game/_MyContent/Maps/Level_1.Level_1 up for play (max tick rate 0) at 2019.10.04-10.27.47
[2019.10.04-00.27.47:144][298]LogWorld: Bringing up level for play took: 0.014019
[2019.10.04-00.27.47:147][298]LogLoad: Took 0.448387 seconds to LoadMap(/Game/_MyContent/Maps/Level_1)
[2019.10.04-00.28.05:964][457]LogSlate: FSceneViewport::OnFocusLost() reason 0
[2019.10.04-00.28.06:077][464]LogNet: Browse: /Game/_MyContent/Maps/Level_1
[2019.10.04-00.28.06:077][464]LogLoad: LoadMap: /Game/_MyContent/Maps/Level_1
[2019.10.04-00.28.06:515][464]LogAIModule: Creating AISystem for world Level_1
[2019.10.04-00.28.06:515][464]LogLoad: Game class is 'MyGameMode_C'
[2019.10.04-00.28.06:529][464]LogWorld: Bringing World /Game/_MyContent/Maps/Level_1.Level_1 up for play (max tick rate 0) at 2019.10.04-10.28.06
[2019.10.04-00.28.06:530][464]LogWorld: Bringing up level for play took: 0.013992
[2019.10.04-00.28.06:533][464]LogLoad: Took 0.455651 seconds to LoadMap(/Game/_MyContent/Maps/Level_1)
[2019.10.04-00.28.26:025][665]LogSlate: FSceneViewport::OnFocusLost() reason 0
[2019.10.04-00.28.26:090][669]LogNet: Browse: /Game/_MyContent/Maps/Level_1
[2019.10.04-00.28.26:090][669]LogLoad: LoadMap: /Game/_MyContent/Maps/Level_1
[2019.10.04-00.28.26:527][669]LogAIModule: Creating AISystem for world Level_1
[2019.10.04-00.28.26:527][669]LogLoad: Game class is 'MyGameMode_C'
[2019.10.04-00.28.26:543][669]LogWorld: Bringing World /Game/_MyContent/Maps/Level_1.Level_1 up for play (max tick rate 0) at 2019.10.04-10.28.26
[2019.10.04-00.28.26:543][669]LogWorld: Bringing up level for play took: 0.015077
[2019.10.04-00.28.26:546][669]LogLoad: Took 0.456226 seconds to LoadMap(/Game/_MyContent/Maps/Level_1)
[2019.10.04-00.29.01:723][842]LogSlate: FSceneViewport::OnFocusLost() reason 0
[2019.10.04-00.29.01:852][850]LogNet: Browse: /Game/_MyContent/Maps/Level_1
[2019.10.04-00.29.01:852][850]LogLoad: LoadMap: /Game/_MyContent/Maps/Level_1
[2019.10.04-00.29.02:284][850]LogAIModule: Creating AISystem for world Level_1
[2019.10.04-00.29.02:284][850]LogLoad: Game class is 'MyGameMode_C'
[2019.10.04-00.29.02:299][850]LogWorld: Bringing World /Game/_MyContent/Maps/Level_1.Level_1 up for play (max tick rate 0) at 2019.10.04-10.29.02
[2019.10.04-00.29.02:300][850]LogWorld: Bringing up level for play took: 0.015255
[2019.10.04-00.29.02:303][850]LogLoad: Took 0.450434 seconds to LoadMap(/Game/_MyContent/Maps/Level_1)
[2019.10.04-00.30.19:336][614]LogSlate: FSceneViewport::OnFocusLost() reason 0
[2019.10.04-00.30.19:434][620]LogNet: Browse: /Game/_MyContent/Maps/Level_1
[2019.10.04-00.30.19:434][620]LogLoad: LoadMap: /Game/_MyContent/Maps/Level_1
[2019.10.04-00.30.19:869][620]LogAIModule: Creating AISystem for world Level_1
[2019.10.04-00.30.19:869][620]LogLoad: Game class is 'MyGameMode_C'
[2019.10.04-00.30.19:884][620]LogWorld: Bringing World /Game/_MyContent/Maps/Level_1.Level_1 up for play (max tick rate 0) at 2019.10.04-10.30.19
[2019.10.04-00.30.19:884][620]LogWorld: Bringing up level for play took: 0.014282
[2019.10.04-00.30.19:887][620]LogLoad: Took 0.452740 seconds to LoadMap(/Game/_MyContent/Maps/Level_1)
[2019.10.04-00.31.36:136][340]LogSlate: FSceneViewport::OnFocusLost() reason 0
[2019.10.04-00.31.36:217][345]LogNet: Browse: /Game/_MyContent/Maps/Level_1
[2019.10.04-00.31.36:217][345]LogLoad: LoadMap: /Game/_MyContent/Maps/Level_1
[2019.10.04-00.31.36:647][345]LogAIModule: Creating AISystem for world Level_1
[2019.10.04-00.31.36:647][345]LogLoad: Game class is 'MyGameMode_C'
[2019.10.04-00.31.36:663][345]LogWorld: Bringing World /Game/_MyContent/Maps/Level_1.Level_1 up for play (max tick rate 0) at 2019.10.04-10.31.36
[2019.10.04-00.31.36:663][345]LogWorld: Bringing up level for play took: 0.015185
[2019.10.04-00.31.36:666][345]LogLoad: Took 0.449309 seconds to LoadMap(/Game/_MyContent/Maps/Level_1)
[2019.10.04-00.31.57:845][651]LogSlate: FSceneViewport::OnFocusLost() reason 0
[2019.10.04-00.31.57:927][656]LogNet: Browse: /Game/_MyContent/Maps/Level_1
[2019.10.04-00.31.57:927][656]LogLoad: LoadMap: /Game/_MyContent/Maps/Level_1
[2019.10.04-00.31.58:361][656]LogAIModule: Creating AISystem for world Level_1
[2019.10.04-00.31.58:361][656]LogLoad: Game class is 'MyGameMode_C'
[2019.10.04-00.31.58:375][656]LogWorld: Bringing World /Game/_MyContent/Maps/Level_1.Level_1 up for play (max tick rate 0) at 2019.10.04-10.31.58
[2019.10.04-00.31.58:376][656]LogWorld: Bringing up level for play took: 0.014118
[2019.10.04-00.31.58:379][656]LogLoad: Took 0.452136 seconds to LoadMap(/Game/_MyContent/Maps/Level_1)
[2019.10.04-00.33.06:095][845]LogSlate: FSceneViewport::OnFocusLost() reason 0
[2019.10.04-00.33.06:176][850]LogNet: Browse: /Game/_MyContent/Maps/Level_1
[2019.10.04-00.33.06:176][850]LogLoad: LoadMap: /Game/_MyContent/Maps/Level_1
[2019.10.04-00.33.06:608][850]LogAIModule: Creating AISystem for world Level_1
[2019.10.04-00.33.06:609][850]LogLoad: Game class is 'MyGameMode_C'
[2019.10.04-00.33.06:623][850]LogWorld: Bringing World /Game/_MyContent/Maps/Level_1.Level_1 up for play (max tick rate 0) at 2019.10.04-10.33.06
[2019.10.04-00.33.06:623][850]LogWorld: Bringing up level for play took: 0.013924
[2019.10.04-00.33.06:626][850]LogLoad: Took 0.450073 seconds to LoadMap(/Game/_MyContent/Maps/Level_1)
[2019.10.04-00.33.27:163][112]LogSlate: FSceneViewport::OnFocusLost() reason 0
[2019.10.04-00.33.27:261][118]LogNet: Browse: /Game/_MyContent/Maps/Level_1
[2019.10.04-00.33.27:261][118]LogLoad: LoadMap: /Game/_MyContent/Maps/Level_1
[2019.10.04-00.33.27:691][118]LogAIModule: Creating AISystem for world Level_1
[2019.10.04-00.33.27:691][118]LogLoad: Game class is 'MyGameMode_C'
[2019.10.04-00.33.27:707][118]LogWorld: Bringing World /Game/_MyContent/Maps/Level_1.Level_1 up for play (max tick rate 0) at 2019.10.04-10.33.27
[2019.10.04-00.33.27:707][118]LogWorld: Bringing up level for play took: 0.014707
[2019.10.04-00.33.27:710][118]LogLoad: Took 0.449198 seconds to LoadMap(/Game/_MyContent/Maps/Level_1)
[2019.10.04-00.33.57:965][989]LogSlate: FSceneViewport::OnFocusLost() reason 0
[2019.10.04-00.33.58:063][995]LogNet: Browse: /Game/_MyContent/Maps/Level_1
[2019.10.04-00.33.58:063][995]LogLoad: LoadMap: /Game/_MyContent/Maps/Level_1
[2019.10.04-00.33.58:495][995]LogAIModule: Creating AISystem for world Level_1
[2019.10.04-00.33.58:495][995]LogLoad: Game class is 'MyGameMode_C'
[2019.10.04-00.33.58:510][995]LogWorld: Bringing World /Game/_MyContent/Maps/Level_1.Level_1 up for play (max tick rate 0) at 2019.10.04-10.33.58
[2019.10.04-00.33.58:510][995]LogWorld: Bringing up level for play took: 0.014130
[2019.10.04-00.33.58:513][995]LogLoad: Took 0.450558 seconds to LoadMap(/Game/_MyContent/Maps/Level_1)
[2019.10.04-00.34.32:536][ 95]LogSlate: FSceneViewport::OnFocusLost() reason 0
[2019.10.04-00.34.32:602][ 99]LogNet: Browse: /Game/_MyContent/Maps/Level_1
[2019.10.04-00.34.32:602][ 99]LogLoad: LoadMap: /Game/_MyContent/Maps/Level_1
[2019.10.04-00.34.33:033][ 99]LogAIModule: Creating AISystem for world Level_1
[2019.10.04-00.34.33:033][ 99]LogLoad: Game class is 'MyGameMode_C'
[2019.10.04-00.34.33:048][ 99]LogWorld: Bringing World /Game/_MyContent/Maps/Level_1.Level_1 up for play (max tick rate 0) at 2019.10.04-10.34.33
[2019.10.04-00.34.33:048][ 99]LogWorld: Bringing up level for play took: 0.014675
[2019.10.04-00.34.33:051][ 99]LogLoad: Took 0.449380 seconds to LoadMap(/Game/_MyContent/Maps/Level_1)
[2019.10.04-00.35.15:910][750]LogSlate: FSceneViewport::OnFocusLost() reason 0
[2019.10.04-00.35.15:975][754]LogNet: Browse: /Game/_MyContent/Maps/Level_1
[2019.10.04-00.35.15:976][754]LogLoad: LoadMap: /Game/_MyContent/Maps/Level_1
[2019.10.04-00.35.16:412][754]LogAIModule: Creating AISystem for world Level_1
[2019.10.04-00.35.16:412][754]LogLoad: Game class is 'MyGameMode_C'
[2019.10.04-00.35.16:427][754]LogWorld: Bringing World /Game/_MyContent/Maps/Level_1.Level_1 up for play (max tick rate 0) at 2019.10.04-10.35.16
[2019.10.04-00.35.16:427][754]LogWorld: Bringing up level for play took: 0.014084
[2019.10.04-00.35.16:430][754]LogLoad: Took 0.454316 seconds to LoadMap(/Game/_MyContent/Maps/Level_1)
[2019.10.04-00.36.27:378][141]LogSlate: FSceneViewport::OnFocusLost() reason 0
[2019.10.04-00.36.27:459][146]LogNet: Browse: /Game/_MyContent/Maps/Level_1
[2019.10.04-00.36.27:459][146]LogLoad: LoadMap: /Game/_MyContent/Maps/Level_1
[2019.10.04-00.36.27:893][146]LogAIModule: Creating AISystem for world Level_1
[2019.10.04-00.36.27:894][146]LogLoad: Game class is 'MyGameMode_C'
[2019.10.04-00.36.27:908][146]LogWorld: Bringing World /Game/_MyContent/Maps/Level_1.Level_1 up for play (max tick rate 0) at 2019.10.04-10.36.27
[2019.10.04-00.36.27:908][146]LogWorld: Bringing up level for play took: 0.013932
[2019.10.04-00.36.27:911][146]LogLoad: Took 0.452332 seconds to LoadMap(/Game/_MyContent/Maps/Level_1)
[2019.10.04-00.37.08:205][637]LogSlate: FSceneViewport::OnFocusLost() reason 0
[2019.10.04-00.37.08:270][641]LogNet: Browse: /Game/_MyContent/Maps/Level_1
[2019.10.04-00.37.08:270][641]LogLoad: LoadMap: /Game/_MyContent/Maps/Level_1
[2019.10.04-00.37.08:704][641]LogAIModule: Creating AISystem for world Level_1
[2019.10.04-00.37.08:704][641]LogLoad: Game class is 'MyGameMode_C'
[2019.10.04-00.37.08:719][641]LogWorld: Bringing World /Game/_MyContent/Maps/Level_1.Level_1 up for play (max tick rate 0) at 2019.10.04-10.37.08
[2019.10.04-00.37.08:720][641]LogWorld: Bringing up level for play took: 0.014690
[2019.10.04-00.37.08:723][641]LogLoad: Took 0.452377 seconds to LoadMap(/Game/_MyContent/Maps/Level_1)
[2019.10.04-00.37.36:194][337]LogSlate: FSceneViewport::OnFocusLost() reason 0
[2019.10.04-00.37.36:259][341]LogNet: Browse: /Game/_MyContent/Maps/Level_1
[2019.10.04-00.37.36:260][341]LogLoad: LoadMap: /Game/_MyContent/Maps/Level_1
[2019.10.04-00.37.36:685][341]LogAIModule: Creating AISystem for world Level_1
[2019.10.04-00.37.36:686][341]LogLoad: Game class is 'MyGameMode_C'
[2019.10.04-00.37.36:700][341]LogWorld: Bringing World /Game/_MyContent/Maps/Level_1.Level_1 up for play (max tick rate 0) at 2019.10.04-10.37.36
[2019.10.04-00.37.36:701][341]LogWorld: Bringing up level for play took: 0.014162
[2019.10.04-00.37.36:704][341]LogLoad: Took 0.444389 seconds to LoadMap(/Game/_MyContent/Maps/Level_1)
[2019.10.04-00.38.01:763][886]LogSlate: FSceneViewport::OnFocusLost() reason 0
[2019.10.04-00.38.01:828][890]LogNet: Browse: /Game/_MyContent/Maps/Level_1
[2019.10.04-00.38.01:829][890]LogLoad: LoadMap: /Game/_MyContent/Maps/Level_1
[2019.10.04-00.38.02:269][890]LogAIModule: Creating AISystem for world Level_1
[2019.10.04-00.38.02:270][890]LogLoad: Game class is 'MyGameMode_C'
[2019.10.04-00.38.02:284][890]LogWorld: Bringing World /Game/_MyContent/Maps/Level_1.Level_1 up for play (max tick rate 0) at 2019.10.04-10.38.02
[2019.10.04-00.38.02:284][890]LogWorld: Bringing up level for play took: 0.013899
[2019.10.04-00.38.02:287][890]LogLoad: Took 0.458446 seconds to LoadMap(/Game/_MyContent/Maps/Level_1)
[2019.10.04-00.38.42:556][382]LogSlate: FSceneViewport::OnFocusLost() reason 0
[2019.10.04-00.38.42:621][386]LogNet: Browse: /Game/_MyContent/Maps/Level_1
[2019.10.04-00.38.42:621][386]LogLoad: LoadMap: /Game/_MyContent/Maps/Level_1
[2019.10.04-00.38.43:054][386]LogAIModule: Creating AISystem for world Level_1
[2019.10.04-00.38.43:055][386]LogLoad: Game class is 'MyGameMode_C'
[2019.10.04-00.38.43:070][386]LogWorld: Bringing World /Game/_MyContent/Maps/Level_1.Level_1 up for play (max tick rate 0) at 2019.10.04-10.38.43
[2019.10.04-00.38.43:071][386]LogWorld: Bringing up level for play took: 0.014803
[2019.10.04-00.38.43:074][386]LogLoad: Took 0.452337 seconds to LoadMap(/Game/_MyContent/Maps/Level_1)
[2019.10.04-00.39.05:096][740]LogSlate: FSceneViewport::OnFocusLost() reason 0
[2019.10.04-00.39.05:193][746]LogNet: Browse: /Game/_MyContent/Maps/Level_1
[2019.10.04-00.39.05:193][746]LogLoad: LoadMap: /Game/_MyContent/Maps/Level_1
[2019.10.04-00.39.05:991][746]LogAIModule: Creating AISystem for world Level_1
[2019.10.04-00.39.05:991][746]LogLoad: Game class is 'MyGameMode_C'
[2019.10.04-00.39.06:006][746]LogWorld: Bringing World /Game/_MyContent/Maps/Level_1.Level_1 up for play (max tick rate 0) at 2019.10.04-10.39.06
[2019.10.04-00.39.06:006][746]LogWorld: Bringing up level for play took: 0.014017
[2019.10.04-00.39.06:009][746]LogLoad: Took 0.815373 seconds to LoadMap(/Game/_MyContent/Maps/Level_1)
[2019.10.04-00.39.21:216][678]LogSlate: FSceneViewport::OnFocusLost() reason 0
[2019.10.04-00.39.21:297][683]LogNet: Browse: /Game/_MyContent/Maps/Level_1
[2019.10.04-00.39.21:297][683]LogLoad: LoadMap: /Game/_MyContent/Maps/Level_1
[2019.10.04-00.39.21:732][683]LogAIModule: Creating AISystem for world Level_1
[2019.10.04-00.39.21:733][683]LogLoad: Game class is 'MyGameMode_C'
[2019.10.04-00.39.21:747][683]LogWorld: Bringing World /Game/_MyContent/Maps/Level_1.Level_1 up for play (max tick rate 0) at 2019.10.04-10.39.21
[2019.10.04-00.39.21:747][683]LogWorld: Bringing up level for play took: 0.014045
[2019.10.04-00.39.21:750][683]LogLoad: Took 0.453359 seconds to LoadMap(/Game/_MyContent/Maps/Level_1)
[2019.10.04-00.39.42:967][991]LogSlate: FSceneViewport::OnFocusLost() reason 0
[2019.10.04-00.39.43:032][995]LogNet: Browse: /Game/_MyContent/Maps/Level_1
[2019.10.04-00.39.43:032][995]LogLoad: LoadMap: /Game/_MyContent/Maps/Level_1
[2019.10.04-00.39.43:462][995]LogAIModule: Creating AISystem for world Level_1
[2019.10.04-00.39.43:462][995]LogLoad: Game class is 'MyGameMode_C'
[2019.10.04-00.39.43:476][995]LogWorld: Bringing World /Game/_MyContent/Maps/Level_1.Level_1 up for play (max tick rate 0) at 2019.10.04-10.39.43
[2019.10.04-00.39.43:477][995]LogWorld: Bringing up level for play took: 0.013959
[2019.10.04-00.39.43:480][995]LogLoad: Took 0.447695 seconds to LoadMap(/Game/_MyContent/Maps/Level_1)
[2019.10.04-00.40.03:725][243]LogSlate: FSceneViewport::OnFocusLost() reason 0
[2019.10.04-00.40.03:790][247]LogNet: Browse: /Game/_MyContent/Maps/Level_1
[2019.10.04-00.40.03:790][247]LogLoad: LoadMap: /Game/_MyContent/Maps/Level_1
[2019.10.04-00.40.04:222][247]LogAIModule: Creating AISystem for world Level_1
[2019.10.04-00.40.04:223][247]LogLoad: Game class is 'MyGameMode_C'
[2019.10.04-00.40.04:237][247]LogWorld: Bringing World /Game/_MyContent/Maps/Level_1.Level_1 up for play (max tick rate 0) at 2019.10.04-10.40.04
[2019.10.04-00.40.04:238][247]LogWorld: Bringing up level for play took: 0.014089
[2019.10.04-00.40.04:241][247]LogLoad: Took 0.450647 seconds to LoadMap(/Game/_MyContent/Maps/Level_1)
[2019.10.04-00.40.52:618][239]LogSlate: FSceneViewport::OnFocusLost() reason 0
[2019.10.04-00.40.52:765][248]LogNet: Browse: /Game/_MyContent/Maps/Level_1
[2019.10.04-00.40.52:765][248]LogLoad: LoadMap: /Game/_MyContent/Maps/Level_1
[2019.10.04-00.40.53:194][248]LogAIModule: Creating AISystem for world Level_1
[2019.10.04-00.40.53:194][248]LogLoad: Game class is 'MyGameMode_C'
[2019.10.04-00.40.53:209][248]LogWorld: Bringing World /Game/_MyContent/Maps/Level_1.Level_1 up for play (max tick rate 0) at 2019.10.04-10.40.53
[2019.10.04-00.40.53:209][248]LogWorld: Bringing up level for play took: 0.014031
[2019.10.04-00.40.53:212][248]LogLoad: Took 0.447161 seconds to LoadMap(/Game/_MyContent/Maps/Level_1)
[2019.10.04-00.41.26:276][287]LogSlate: FSceneViewport::OnFocusLost() reason 0
[2019.10.04-00.41.26:341][291]LogNet: Browse: /Game/_MyContent/Maps/Level_1
[2019.10.04-00.41.26:341][291]LogLoad: LoadMap: /Game/_MyContent/Maps/Level_1
[2019.10.04-00.41.26:778][291]LogAIModule: Creating AISystem for world Level_1
[2019.10.04-00.41.26:778][291]LogLoad: Game class is 'MyGameMode_C'
[2019.10.04-00.41.26:792][291]LogWorld: Bringing World /Game/_MyContent/Maps/Level_1.Level_1 up for play (max tick rate 0) at 2019.10.04-10.41.26
[2019.10.04-00.41.26:793][291]LogWorld: Bringing up level for play took: 0.013983
[2019.10.04-00.41.26:796][291]LogLoad: Took 0.454587 seconds to LoadMap(/Game/_MyContent/Maps/Level_1)
[2019.10.04-00.42.41:885][938]LogSlate: FSceneViewport::OnFocusLost() reason 0
[2019.10.04-00.42.41:950][942]LogNet: Browse: /Game/_MyContent/Maps/Level_1
[2019.10.04-00.42.41:950][942]LogLoad: LoadMap: /Game/_MyContent/Maps/Level_1
[2019.10.04-00.42.42:384][942]LogAIModule: Creating AISystem for world Level_1
[2019.10.04-00.42.42:384][942]LogLoad: Game class is 'MyGameMode_C'
[2019.10.04-00.42.42:398][942]LogWorld: Bringing World /Game/_MyContent/Maps/Level_1.Level_1 up for play (max tick rate 0) at 2019.10.04-10.42.42
[2019.10.04-00.42.42:399][942]LogWorld: Bringing up level for play took: 0.014091
[2019.10.04-00.42.42:402][942]LogLoad: Took 0.451912 seconds to LoadMap(/Game/_MyContent/Maps/Level_1)
[2019.10.04-00.44.02:222][883]LogSlate: FSceneViewport::OnFocusLost() reason 0
[2019.10.04-00.44.02:270][886]LogNet: Browse: /Game/_MyContent/Maps/Level_1
[2019.10.04-00.44.02:271][886]LogLoad: LoadMap: /Game/_MyContent/Maps/Level_1
[2019.10.04-00.44.02:704][886]LogAIModule: Creating AISystem for world Level_1
[2019.10.04-00.44.02:705][886]LogLoad: Game class is 'MyGameMode_C'
[2019.10.04-00.44.02:719][886]LogWorld: Bringing World /Game/_MyContent/Maps/Level_1.Level_1 up for play (max tick rate 0) at 2019.10.04-10.44.02
[2019.10.04-00.44.02:720][886]LogWorld: Bringing up level for play took: 0.014242
[2019.10.04-00.44.02:723][886]LogLoad: Took 0.452748 seconds to LoadMap(/Game/_MyContent/Maps/Level_1)
[2019.10.04-00.44.17:042][766]LogSlate: FSceneViewport::OnFocusLost() reason 0
[2019.10.04-00.44.17:123][771]LogNet: Browse: /Game/_MyContent/Maps/Level_1
[2019.10.04-00.44.17:123][771]LogLoad: LoadMap: /Game/_MyContent/Maps/Level_1
[2019.10.04-00.44.17:557][771]LogAIModule: Creating AISystem for world Level_1
[2019.10.04-00.44.17:557][771]LogLoad: Game class is 'MyGameMode_C'
[2019.10.04-00.44.17:572][771]LogWorld: Bringing World /Game/_MyContent/Maps/Level_1.Level_1 up for play (max tick rate 0) at 2019.10.04-10.44.17
[2019.10.04-00.44.17:572][771]LogWorld: Bringing up level for play took: 0.013891
[2019.10.04-00.44.17:575][771]LogLoad: Took 0.452266 seconds to LoadMap(/Game/_MyContent/Maps/Level_1)
[2019.10.04-00.46.09:578][703]LogSlate: FSceneViewport::OnFocusLost() reason 0
[2019.10.04-00.46.09:644][707]LogNet: Browse: /Game/_MyContent/Maps/Level_1
[2019.10.04-00.46.09:644][707]LogLoad: LoadMap: /Game/_MyContent/Maps/Level_1
[2019.10.04-00.46.10:081][707]LogAIModule: Creating AISystem for world Level_1
[2019.10.04-00.46.10:081][707]LogLoad: Game class is 'MyGameMode_C'
[2019.10.04-00.46.10:095][707]LogWorld: Bringing World /Game/_MyContent/Maps/Level_1.Level_1 up for play (max tick rate 0) at 2019.10.04-10.46.10
[2019.10.04-00.46.10:096][707]LogWorld: Bringing up level for play took: 0.013857
[2019.10.04-00.46.10:099][707]LogLoad: Took 0.454729 seconds to LoadMap(/Game/_MyContent/Maps/Level_1)
[2019.10.04-00.46.13:610][915]LogSlate: FSceneViewport::OnFocusLost() reason 0
[2019.10.04-00.46.13:739][923]Closing by request
[2019.10.04-00.46.13:741][923]LogWindows: FPlatformMisc::RequestExit(0)
[2019.10.04-00.46.13:869][924]LogSlate: Window 'Platformer1 (64-bit Development PCD3D_SM5) ' being destroyed
[2019.10.04-00.46.13:870][924]LogWindowsTextInputMethodSystem: Display: IME system now deactivated.
[2019.10.04-00.46.13:873][924]LogWindowsTextInputMethodSystem: Display: IME system now deactivated.
[2019.10.04-00.46.13:873][924]LogExit: Preparing to exit.
[2019.10.04-00.46.13:873][924]LogMoviePlayer: Shutting down movie player
[2019.10.04-00.46.14:481][924]LogSlate: Updating window title bar state: overlay mode, drag disabled, window buttons hidden, title bar hidden
[2019.10.04-00.46.14:494][924]LogExit: Game engine shut down
[2019.10.04-00.46.14:911][924]LogExit: Object subsystem successfully closed.
[2019.10.04-00.46.14:927][924]LogShaderCompilers: Display: Shaders left to compile 0
[2019.10.04-00.46.14:930][924]LogD3D11RHI: Shutdown
[2019.10.04-00.46.14:930][924]LogD3D11RHI: CleanupD3DDevice
[2019.10.04-00.46.14:931][924]LogD3D11RHI: ~FD3D11DynamicRHI
[2019.10.04-00.46.14:944][924]LogModuleManager: Shutting down and abandoning module SequenceRecorderSections (376)
[2019.10.04-00.46.14:944][924]LogModuleManager: Shutting down and abandoning module SequenceRecorder (374)
[2019.10.04-00.46.14:944][924]LogModuleManager: Shutting down and abandoning module AutomationController (372)
[2019.10.04-00.46.14:944][924]LogModuleManager: Shutting down and abandoning module AutomationWorker (370)
[2019.10.04-00.46.14:944][924]LogModuleManager: Shutting down and abandoning module Voice (368)
[2019.10.04-00.46.14:944][924]LogModuleManager: Shutting down and abandoning module AIModule (366)
[2019.10.04-00.46.14:944][924]LogModuleManager: Shutting down and abandoning module GameplayDebugger (365)
[2019.10.04-00.46.14:944][924]LogModuleManager: Shutting down and abandoning module AITestSuite (363)
[2019.10.04-00.46.14:944][924]LogModuleManager: Shutting down and abandoning module NavigationSystem (361)
[2019.10.04-00.46.14:944][924]LogModuleManager: Shutting down and abandoning module WmfMediaFactory (358)
[2019.10.04-00.46.14:944][924]LogModuleManager: Shutting down and abandoning module OpenExrWrapper (356)
[2019.10.04-00.46.14:944][924]LogModuleManager: Shutting down and abandoning module ImgMediaFactory (354)
[2019.10.04-00.46.14:944][924]LogModuleManager: Shutting down and abandoning module AvfMediaFactory (352)
[2019.10.04-00.46.14:944][924]LogModuleManager: Shutting down and abandoning module MagicLeapCameraPreviewFactory (350)
[2019.10.04-00.46.14:944][924]LogModuleManager: Shutting down and abandoning module MagicLeapMediaFactory (348)
[2019.10.04-00.46.14:944][924]LogModuleManager: Shutting down and abandoning module CharacterAI (346)
[2019.10.04-00.46.14:944][924]LogModuleManager: Shutting down and abandoning module SessionServices (344)
[2019.10.04-00.46.14:944][924]LogModuleManager: Shutting down and abandoning module MovieSceneCapture (342)
[2019.10.04-00.46.14:944][924]LogModuleManager: Shutting down and abandoning module MovieSceneTracks (340)
[2019.10.04-00.46.14:944][924]LogModuleManager: Shutting down and abandoning module MovieScene (338)
[2019.10.04-00.46.14:944][924]LogModuleManager: Shutting down and abandoning module StreamingPauseRendering (336)
[2019.10.04-00.46.14:944][924]LogModuleManager: Shutting down and abandoning module PortalServices (334)
[2019.10.04-00.46.14:944][924]LogModuleManager: Shutting down and abandoning module PortalRpc (332)
[2019.10.04-00.46.14:944][924]LogModuleManager: Shutting down and abandoning module MessagingRpc (330)
[2019.10.04-00.46.14:944][924]LogModuleManager: Shutting down and abandoning module ProfilerService (328)
[2019.10.04-00.46.15:053][924]LogModuleManager: Shutting down and abandoning module TaskGraph (326)
[2019.10.04-00.46.15:053][924]LogModuleManager: Shutting down and abandoning module SteamVRController (324)
[2019.10.04-00.46.15:053][924]LogModuleManager: Shutting down and abandoning module ProceduralMeshComponent (322)
[2019.10.04-00.46.15:053][924]LogModuleManager: Shutting down and abandoning module OculusInput (320)
[2019.10.04-00.46.15:053][924]LogModuleManager: Shutting down and abandoning module MobilePatchingUtils (318)
[2019.10.04-00.46.15:053][924]LogModuleManager: Shutting down and abandoning module EditableMesh (316)
[2019.10.04-00.46.15:053][924]LogModuleManager: Shutting down and abandoning module CustomMeshComponent (314)
[2019.10.04-00.46.15:053][924]LogModuleManager: Shutting down and abandoning module CableComponent (312)
[2019.10.04-00.46.15:053][924]LogModuleManager: Shutting down and abandoning module AudioCapture (310)
[2019.10.04-00.46.15:053][924]LogModuleManager: Shutting down and abandoning module ArchVisCharacter (308)
[2019.10.04-00.46.15:053][924]LogModuleManager: Shutting down and abandoning module AndroidPermission (306)
[2019.10.04-00.46.15:053][924]LogModuleManager: Shutting down and abandoning module NUTUnrealEngine4 (304)
[2019.10.04-00.46.15:053][924]LogModuleManager: Shutting down and abandoning module NetcodeUnitTest (302)
[2019.10.04-00.46.15:053][924]LogModuleManager: Shutting down and abandoning module MediaCompositing (300)
[2019.10.04-00.46.15:053][924]LogModuleManager: Shutting down and abandoning module LinearTimecode (298)
[2019.10.04-00.46.15:053][924]LogModuleManager: Shutting down and abandoning module ImgMedia (296)
[2019.10.04-00.46.15:055][924]LogModuleManager: Shutting down and abandoning module HTML5Networking (294)
[2019.10.04-00.46.15:055][924]LogModuleManager: Shutting down and abandoning module GeometryCacheTracks (292)
[2019.10.04-00.46.15:055][924]LogModuleManager: Shutting down and abandoning module GeometryCacheSequencer (291)
[2019.10.04-00.46.15:055][924]LogModuleManager: Shutting down and abandoning module GeometryCache (288)
[2019.10.04-00.46.15:055][924]LogModuleManager: Shutting down and abandoning module GeometryCacheEd (287)
[2019.10.04-00.46.15:055][924]LogModuleManager: Shutting down and abandoning module BackChannel (284)
[2019.10.04-00.46.15:055][924]LogModuleManager: Shutting down and abandoning module AppleVision (282)
[2019.10.04-00.46.15:055][924]LogModuleManager: Shutting down and abandoning module AppleImageUtils (280)
[2019.10.04-00.46.15:056][924]LogModuleManager: Shutting down and abandoning module DatasmithContent (278)
[2019.10.04-00.46.15:056][924]LogModuleManager: Shutting down and abandoning module CryptoKeysOpenSSL (276)
[2019.10.04-00.46.15:056][924]LogModuleManager: Shutting down and abandoning module CryptoKeys (274)
[2019.10.04-00.46.15:056][924]LogModuleManager: Shutting down and abandoning module VisualStudioSourceCodeAccess (272)
[2019.10.04-00.46.15:056][924]LogModuleManager: Shutting down and abandoning module HotReload (271)
[2019.10.04-00.46.15:056][924]LogModuleManager: Shutting down and abandoning module DirectoryWatcher (270)
[2019.10.04-00.46.15:056][924]LogModuleManager: Shutting down and abandoning module VisualStudioCodeSourceCodeAccess (266)
[2019.10.04-00.46.15:056][924]LogModuleManager: Shutting down and abandoning module UObjectPlugin (264)
[2019.10.04-00.46.15:056][924]LogModuleManager: Shutting down and abandoning module SubversionSourceControl (262)
[2019.10.04-00.46.15:056][924]LogModuleManager: Shutting down and abandoning module PerforceSourceControl (260)
[2019.10.04-00.46.15:056][924]LogModuleManager: Shutting down and abandoning module SourceControl (259)
[2019.10.04-00.46.15:057][924]LogModuleManager: Shutting down and abandoning module CLionSourceCodeAccess (256)
[2019.10.04-00.46.15:057][924]LogModuleManager: Shutting down and abandoning module RuntimePhysXCooking (254)
[2019.10.04-00.46.15:057][924]LogModuleManager: Shutting down and abandoning module PhysXVehiclesEditor (252)
[2019.10.04-00.46.15:057][924]LogModuleManager: Shutting down and abandoning module PhysXVehicles (250)
[2019.10.04-00.46.15:057][924]LogModuleManager: Shutting down and abandoning module LocationServicesBPLibrary (248)
[2019.10.04-00.46.15:057][924]LogModuleManager: Shutting down and abandoning module ImmediatePhysicsEditor (246)
[2019.10.04-00.46.15:057][924]LogModuleManager: Shutting down and abandoning module ImmediatePhysics (244)
[2019.10.04-00.46.15:057][924]LogModuleManager: Shutting down and abandoning module ActorSequence (242)
[2019.10.04-00.46.15:057][924]LogModuleManager: Shutting down and abandoning module UdpMessaging (240)
[2019.10.04-00.46.15:158][924]LogModuleManager: Shutting down and abandoning module TcpMessaging (238)
[2019.10.04-00.46.15:258][924]LogModuleManager: Shutting down and abandoning module MagicLeapAudio (236)
[2019.10.04-00.46.15:258][924]LogModuleManager: Shutting down and abandoning module GameplayTagsEditor (234)
[2019.10.04-00.46.15:258][924]LogModuleManager: Shutting down and abandoning module FacialAnimation (232)
[2019.10.04-00.46.15:258][924]LogModuleManager: Shutting down and abandoning module DataValidation (230)
[2019.10.04-00.46.15:258][924]LogModuleManager: Shutting down and abandoning module AssetManagerEditor (228)
[2019.10.04-00.46.15:258][924]LogModuleManager: Shutting down and abandoning module TreeMap (227)
[2019.10.04-00.46.15:258][924]LogModuleManager: Shutting down and abandoning module LightPropagationVolumeRuntime (224)
[2019.10.04-00.46.15:258][924]LogModuleManager: Shutting down and abandoning module AISupportModule (222)
[2019.10.04-00.46.15:258][924]LogModuleManager: Shutting down and abandoning module Paper2D (220)
[2019.10.04-00.46.15:258][924]LogModuleManager: Shutting down and abandoning module PIEPreviewDeviceProfileSelector (218)
[2019.10.04-00.46.15:258][924]LogModuleManager: Shutting down and abandoning module WindowsMoviePlayer (216)
[2019.10.04-00.46.15:258][924]LogModuleManager: Shutting down and abandoning module WmfMedia (214)
[2019.10.04-00.46.15:259][924]LogModuleManager: Shutting down and abandoning module Media (213)
[2019.10.04-00.46.15:265][924]LogModuleManager: Shutting down and abandoning module PacketHandler (210)
[2019.10.04-00.46.15:265][924]LogModuleManager: Shutting down and abandoning module ClothingSystemEditor (208)
[2019.10.04-00.46.15:265][924]LogModuleManager: Shutting down and abandoning module ClothingSystemRuntime (206)
[2019.10.04-00.46.15:265][924]LogModuleManager: Shutting down and abandoning module MediaAssets (204)
[2019.10.04-00.46.15:265][924]LogModuleManager: Shutting down and abandoning module Overlay (202)
[2019.10.04-00.46.15:265][924]LogModuleManager: Shutting down and abandoning module OverlayEditor (201)
[2019.10.04-00.46.15:265][924]LogModuleManager: Shutting down and abandoning module VREditor (198)
[2019.10.04-00.46.15:265][924]LogModuleManager: Shutting down and abandoning module StringTableEditor (196)
[2019.10.04-00.46.15:265][924]LogModuleManager: Shutting down and abandoning module GameplayTasksEditor (194)
[2019.10.04-00.46.15:265][924]LogModuleManager: Shutting down and abandoning module BehaviorTreeEditor (192)
[2019.10.04-00.46.15:265][924]LogModuleManager: Shutting down and abandoning module FunctionalTesting (190)
[2019.10.04-00.46.15:265][924]LogModuleManager: Shutting down and abandoning module CollisionAnalyzer (188)
[2019.10.04-00.46.15:265][924]LogModuleManager: Shutting down and abandoning module WorkspaceMenuStructure (187)
[2019.10.04-00.46.15:265][924]LogModuleManager: Shutting down and abandoning module UMG (184)
[2019.10.04-00.46.15:265][924]LogModuleManager: Shutting down and abandoning module UMGEditor (183)
[2019.10.04-00.46.15:265][924]LogModuleManager: Shutting down and abandoning module Sequencer (182)
[2019.10.04-00.46.15:265][924]LogModuleManager: Shutting down and abandoning module MessageLog (179)
[2019.10.04-00.46.15:265][924]LogModuleManager: Shutting down and abandoning module SlateReflector (174)
[2019.10.04-00.46.15:265][924]LogModuleManager: Shutting down and abandoning module Slate (172)
[2019.10.04-00.46.15:265][924]LogModuleManager: Shutting down and abandoning module EditorStyle (170)
[2019.10.04-00.46.15:266][924]LogModuleManager: Shutting down and abandoning module MRMesh (168)
[2019.10.04-00.46.15:267][924]LogModuleManager: Shutting down and abandoning module Messaging (166)
[2019.10.04-00.46.15:267][924]LogModuleManager: Shutting down and abandoning module SourceCodeAccess (164)
[2019.10.04-00.46.15:267][924]LogModuleManager: Shutting down and abandoning module HeadMountedDisplay (162)
[2019.10.04-00.46.15:267][924]LogModuleManager: Shutting down and abandoning module XAudio2 (160)
[2019.10.04-00.46.15:267][924]LogModuleManager: Shutting down and abandoning module Networking (158)
[2019.10.04-00.46.15:267][924]LogModuleManager: Shutting down and abandoning module Core (156)
[2019.10.04-00.46.15:267][924]LogModuleManager: Shutting down and abandoning module LevelSequence (154)
[2019.10.04-00.46.15:267][924]LogModuleManager: Shutting down and abandoning module KismetCompiler (152)
[2019.10.04-00.46.15:267][924]LogModuleManager: Shutting down and abandoning module MeshUtilities (150)
[2019.10.04-00.46.15:267][924]LogModuleManager: Shutting down and abandoning module MeshMergeUtilities (149)
[2019.10.04-00.46.15:267][924]LogModuleManager: Shutting down and abandoning module MeshReductionInterface (148)
[2019.10.04-00.46.15:267][924]LogModuleManager: Shutting down and abandoning module SimplygonSwarm (147)
[2019.10.04-00.46.15:267][924]LogModuleManager: Shutting down and abandoning module ProxyLODMeshReduction (145)
[2019.10.04-00.46.15:267][924]LogModuleManager: Shutting down and abandoning module SimplygonMeshReduction (143)
[2019.10.04-00.46.15:267][924]LogModuleManager: Shutting down and abandoning module QuadricMeshReduction (141)
[2019.10.04-00.46.15:267][924]LogModuleManager: Shutting down and abandoning module MaterialBaking (137)
[2019.10.04-00.46.15:267][924]LogModuleManager: Shutting down and abandoning module DerivedDataCache (132)
[2019.10.04-00.46.15:324][924]LogDerivedDataCache: Shutdown
[2019.10.04-00.46.15:324][924]LogModuleManager: Shutting down and abandoning module XGEController (130)
[2019.10.04-00.46.15:324][924]LogModuleManager: Shutting down and abandoning module TargetPlatform (128)
[2019.10.04-00.46.15:324][924]LogModuleManager: Shutting down and abandoning module VulkanShaderFormat (127)
[2019.10.04-00.46.15:324][924]LogModuleManager: Shutting down and abandoning module ShaderFormatVectorVM (125)
[2019.10.04-00.46.15:324][924]LogModuleManager: Shutting down and abandoning module ShaderFormatOpenGL (123)
[2019.10.04-00.46.15:324][924]LogModuleManager: Shutting down and abandoning module ShaderFormatD3D (121)
[2019.10.04-00.46.15:324][924]LogModuleManager: Shutting down and abandoning module MetalShaderFormat (119)
[2019.10.04-00.46.15:324][924]LogModuleManager: Shutting down and abandoning module TextureFormatUncompressed (117)
[2019.10.04-00.46.15:324][924]LogModuleManager: Shutting down and abandoning module TextureFormatPVR (115)
[2019.10.04-00.46.15:324][924]LogModuleManager: Shutting down and abandoning module TextureFormatDXT (113)
[2019.10.04-00.46.15:324][924]LogModuleManager: Shutting down and abandoning module TextureFormatIntelISPCTexComp (111)
[2019.10.04-00.46.15:324][924]LogModuleManager: Shutting down and abandoning module TextureFormatASTC (109)
[2019.10.04-00.46.15:324][924]LogModuleManager: Shutting down and abandoning module ImageWrapper (108)
[2019.10.04-00.46.15:324][924]LogModuleManager: Shutting down and abandoning module TextureFormatAndroid (105)
[2019.10.04-00.46.15:324][924]LogModuleManager: Shutting down and abandoning module AudioFormatOpus (103)
[2019.10.04-00.46.15:324][924]LogModuleManager: Shutting down and abandoning module AudioFormatOgg (101)
[2019.10.04-00.46.15:324][924]LogModuleManager: Shutting down and abandoning module AudioFormatADPCM (99)
[2019.10.04-00.46.15:324][924]LogModuleManager: Shutting down and abandoning module WindowsTargetPlatform (97)
[2019.10.04-00.46.15:324][924]LogModuleManager: Shutting down and abandoning module WindowsServerTargetPlatform (95)
[2019.10.04-00.46.15:324][924]LogModuleManager: Shutting down and abandoning module WindowsNoEditorTargetPlatform (93)
[2019.10.04-00.46.15:325][924]LogModuleManager: Shutting down and abandoning module WindowsClientTargetPlatform (91)
[2019.10.04-00.46.15:325][924]LogModuleManager: Shutting down and abandoning module InputCore (88)
[2019.10.04-00.46.15:325][924]LogModuleManager: Shutting down and abandoning module Settings (86)
[2019.10.04-00.46.15:325][924]LogModuleManager: Shutting down and abandoning module PhysXCooking (84)
[2019.10.04-00.46.15:325][924]LogModuleManager: Shutting down and abandoning module SteamVR (82)
[2019.10.04-00.46.15:325][924]LogModuleManager: Shutting down and abandoning module OculusHMD (80)
[2019.10.04-00.46.15:325][924]LogModuleManager: Shutting down and abandoning module ExampleDeviceProfileSelector (78)
[2019.10.04-00.46.15:325][924]LogModuleManager: Shutting down and abandoning module LauncherChunkInstaller (76)
[2019.10.04-00.46.15:325][924]LogModuleManager: Shutting down and abandoning module OnlineBlueprintSupport (74)
[2019.10.04-00.46.15:325][924]LogModuleManager: Shutting down and abandoning module OnlineSubsystem (70)
[2019.10.04-00.46.15:325][924]LogModuleManager: Shutting down and abandoning module XMPP (65)
[2019.10.04-00.46.15:325][924]LogModuleManager: Shutting down and abandoning module WebSockets (64)
[2019.10.04-00.46.15:360][924]LogModuleManager: Shutting down and abandoning module HTTP (61)
[2019.10.04-00.46.15:392][924]LogModuleManager: Shutting down and abandoning module SSL (60)
[2019.10.04-00.46.15:393][924]LogModuleManager: Shutting down and abandoning module MagicLeapEmulator (56)
[2019.10.04-00.46.15:393][924]LogModuleManager: Shutting down and abandoning module MagicLeapPrivileges (54)
[2019.10.04-00.46.15:393][924]LogModuleManager: Shutting down and abandoning module MagicLeapIdentity (52)
[2019.10.04-00.46.15:393][924]LogModuleManager: Shutting down and abandoning module MagicLeapHelperVulkan (50)
[2019.10.04-00.46.15:393][924]LogModuleManager: Shutting down and abandoning module MagicLeapHelperOpenGL (48)
[2019.10.04-00.46.15:393][924]LogModuleManager: Shutting down and abandoning module MagicLeapSecureStorage (46)
[2019.10.04-00.46.15:393][924]LogModuleManager: Shutting down and abandoning module MagicLeapGestures (44)
[2019.10.04-00.46.15:393][924]LogModuleManager: Shutting down and abandoning module MagicLeapEyeTracker (42)
[2019.10.04-00.46.15:393][924]LogModuleManager: Shutting down and abandoning module MagicLeapController (40)
[2019.10.04-00.46.15:393][924]LogSlate: Slate User Destroyed.  User Index 0, Is Virtual User: 0
[2019.10.04-00.46.15:393][924]LogModuleManager: Shutting down and abandoning module MagicLeap (38)
[2019.10.04-00.46.15:394][924]LogModuleManager: Shutting down and abandoning module AnimationModifiers (36)
[2019.10.04-00.46.15:394][924]LogModuleManager: Shutting down and abandoning module PropertyEditor (35)
[2019.10.04-00.46.15:394][924]LogModuleManager: Shutting down and abandoning module AudioEditor (32)
[2019.10.04-00.46.15:394][924]LogModuleManager: Shutting down and abandoning module TextureCompressor (30)
[2019.10.04-00.46.15:394][924]LogModuleManager: Shutting down and abandoning module ShaderCore (28)
[2019.10.04-00.46.15:394][924]LogModuleManager: Shutting down and abandoning module Landscape (26)
[2019.10.04-00.46.15:394][924]LogModuleManager: Shutting down and abandoning module SlateRHIRenderer (24)
[2019.10.04-00.46.15:394][924]LogModuleManager: Shutting down and abandoning module OpenGLDrv (22)
[2019.10.04-00.46.15:394][924]LogModuleManager: Shutting down and abandoning module D3D11RHI (20)
[2019.10.04-00.46.15:394][924]LogModuleManager: Shutting down and abandoning module AnimGraphRuntime (18)
[2019.10.04-00.46.15:394][924]LogModuleManager: Shutting down and abandoning module Renderer (16)
[2019.10.04-00.46.15:394][924]LogModuleManager: Shutting down and abandoning module Engine (14)
[2019.10.04-00.46.15:394][924]LogModuleManager: Shutting down and abandoning module CoreUObject (12)
[2019.10.04-00.46.15:394][924]LogModuleManager: Shutting down and abandoning module NetworkFile (10)
[2019.10.04-00.46.15:394][924]LogModuleManager: Shutting down and abandoning module CookedIterativeFile (8)
[2019.10.04-00.46.15:394][924]LogModuleManager: Shutting down and abandoning module StreamingFile (6)
[2019.10.04-00.46.15:394][924]LogModuleManager: Shutting down and abandoning module SandboxFile (4)
[2019.10.04-00.46.15:394][924]LogModuleManager: Shutting down and abandoning module PakFile (2)
[2019.10.04-00.46.15:398][924]LogExit: Exiting.
[2019.10.04-00.46.15:404][924]Log file closed, 10/04/19 10:46:15
