Log file open, 10/03/19 09:10:03
LogWindows: Failed to load 'aqProf.dll' (GetLastError=126)
LogWindows: File 'aqProf.dll' does not exist
LogWindows: Failed to load 'VSPerf140.dll' (GetLastError=126)
LogWindows: File 'VSPerf140.dll' does not exist
LogWindows: Failed to load 'VtuneApi.dll' (GetLastError=126)
LogWindows: File 'VtuneApi.dll' does not exist
LogWindows: Failed to load 'VtuneApi32e.dll' (GetLastError=126)
LogWindows: File 'VtuneApi32e.dll' does not exist
LogInit: Display: Running engine for game: Platformer1
LogPlatformFile: Not using cached read wrapper
LogTaskGraph: Started task graph with 5 named threads and 23 total threads with 3 sets of task threads.
LogStats: Stats thread started at 0.281396
LogD3D11RHI: Loaded GFSDK_Aftermath_Lib.x64.dll
LogICUInternationalization: Display: ICU TimeZone Detection - Raw Offset: +10:00, Platform Override: ''
LogPluginManager: Mounting plugin Paper2D
LogPluginManager: Mounting plugin AISupport
LogPluginManager: Mounting plugin LightPropagationVolume
LogPluginManager: Mounting plugin CLionSourceCodeAccess
LogPluginManager: Mounting plugin CodeLiteSourceCodeAccess
LogPluginManager: Mounting plugin GitSourceControl
LogPluginManager: Mounting plugin KDevelopSourceCodeAccess
LogPluginManager: Mounting plugin NullSourceCodeAccess
LogPluginManager: Mounting plugin PerforceSourceControl
LogPluginManager: Mounting plugin SubversionSourceControl
LogPluginManager: Mounting plugin UObjectPlugin
LogPluginManager: Mounting plugin VisualStudioCodeSourceCodeAccess
LogPluginManager: Mounting plugin VisualStudioSourceCodeAccess
LogPluginManager: Mounting plugin XCodeSourceCodeAccess
LogPluginManager: Mounting plugin AssetManagerEditor
LogPluginManager: Mounting plugin CryptoKeys
LogPluginManager: Mounting plugin DataValidation
LogPluginManager: Mounting plugin FacialAnimation
LogPluginManager: Mounting plugin GameplayTagsEditor
LogPluginManager: Mounting plugin MacGraphicsSwitching
LogPluginManager: Mounting plugin MeshEditor
LogPluginManager: Mounting plugin MobileLauncherProfileWizard
LogPluginManager: Mounting plugin PluginBrowser
LogPluginManager: Mounting plugin SpeedTreeImporter
LogPluginManager: Mounting plugin DatasmithContent
LogPluginManager: Mounting plugin AlembicImporter
LogPluginManager: Mounting plugin AppleImageUtils
LogPluginManager: Mounting plugin AppleVision
LogPluginManager: Mounting plugin BackChannel
LogPluginManager: Mounting plugin CharacterAI
LogPluginManager: Mounting plugin GeometryCache
LogPluginManager: Mounting plugin HTML5Networking
LogPluginManager: Mounting plugin ProxyLODPlugin
LogPluginManager: Mounting plugin MagicLeap
LogPluginManager: Mounting plugin MagicLeapEmulator
LogPluginManager: Mounting plugin MagicLeapMedia
LogPluginManager: Mounting plugin AndroidMedia
LogPluginManager: Mounting plugin AvfMedia
LogPluginManager: Mounting plugin ImgMedia
LogPluginManager: Mounting plugin LinearTimecode
LogPluginManager: Mounting plugin MediaCompositing
LogPluginManager: Mounting plugin MediaPlayerEditor
LogPluginManager: Mounting plugin WmfMedia
LogPluginManager: Mounting plugin TcpMessaging
LogPluginManager: Mounting plugin UdpMessaging
LogPluginManager: Mounting plugin ActorSequence
LogPluginManager: Mounting plugin LevelSequenceEditor
LogPluginManager: Mounting plugin MatineeToLevelSequence
LogPluginManager: Mounting plugin NetcodeUnitTest
LogPluginManager: Mounting plugin NUTUnrealEngine4
LogPluginManager: Mounting plugin OnlineSubsystemGooglePlay
LogPluginManager: Mounting plugin OnlineSubsystemIOS
LogPluginManager: Mounting plugin OnlineSubsystem
LogPluginManager: Mounting plugin OnlineSubsystemNull
LogPluginManager: Mounting plugin OnlineSubsystemUtils
LogPluginManager: Mounting plugin LauncherChunkInstaller
LogPluginManager: Mounting plugin AndroidDeviceProfileSelector
LogPluginManager: Mounting plugin AndroidMoviePlayer
LogPluginManager: Mounting plugin AndroidPermission
LogPluginManager: Mounting plugin AppleMoviePlayer
LogPluginManager: Mounting plugin ArchVisCharacter
LogPluginManager: Mounting plugin AudioCapture
LogPluginManager: Mounting plugin CableComponent
LogPluginManager: Mounting plugin CustomMeshComponent
LogPluginManager: Mounting plugin EditableMesh
LogPluginManager: Mounting plugin ExampleDeviceProfileSelector
LogPluginManager: Mounting plugin GoogleCloudMessaging
LogPluginManager: Mounting plugin ImmediatePhysics
LogPluginManager: Mounting plugin IOSDeviceProfileSelector
LogPluginManager: Mounting plugin LinuxDeviceProfileSelector
LogPluginManager: Mounting plugin LocationServicesBPLibrary
LogPluginManager: Mounting plugin MobilePatchingUtils
LogPluginManager: Mounting plugin OculusVR
LogPluginManager: Plugin shader directory ../../../Engine/Plugins/Runtime/Oculus/OculusVR/Shaders found
LogPluginManager: Mapping shader source directory ../../../Engine/Plugins/Runtime/Oculus/OculusVR/Shaders to virtual directory /Plugin/OculusVR
LogPluginManager: Mounting plugin PhysXVehicles
LogPluginManager: Mounting plugin ProceduralMeshComponent
LogPluginManager: Mounting plugin RuntimePhysXCooking
LogPluginManager: Mounting plugin SteamVR
LogPluginManager: Mounting plugin WindowsMoviePlayer
LogStreaming: Display: Took  0.108s to configure plugins.
LogInit: Using libcurl 7.55.1-DEV
LogInit:  - built for x86_64-pc-win32
LogInit:  - supports SSL with OpenSSL/1.0.2h
LogInit:  - supports HTTP deflate (compression) using libz 1.2.8
LogInit:  - other features:
LogInit:      CURL_VERSION_SSL
LogInit:      CURL_VERSION_LIBZ
LogInit:      CURL_VERSION_IPV6
LogInit:      CURL_VERSION_ASYNCHDNS
LogInit:      CURL_VERSION_LARGEFILE
LogInit:      CURL_VERSION_IDN
LogInit:  CurlRequestOptions (configurable via config and command line):
LogInit:  - bVerifyPeer = false  - Libcurl will NOT verify peer certificate
LogInit:  - bUseHttpProxy = false  - Libcurl will NOT use HTTP proxy
LogInit:  - bDontReuseConnections = false  - Libcurl will reuse connections
LogInit:  - CertBundlePath = nullptr  - Libcurl will use whatever was configured at build time.
LogInit:  - MaxHostConnections = 16  - Libcurl will limit the number of connections to a host
LogInit:  - LocalHostAddr = Default
LogInit:  - BufferSize = 65536
LogInit: WinSock: version 1.1 (2.2), MaxSocks=32767, MaxUdp=65467
LogInit: Build: ++UE4+Release-4.20-CL-4369336
LogInit: Engine Version: 4.20.3-4369336+++UE4+Release-4.20
LogInit: Compatible Engine Version: 4.20.0-4212847+++UE4+Release-4.20
LogInit: Net CL: 4212847
LogInit: OS: Windows 10 (), CPU:         Intel(R) Core(TM) i7-3770 CPU @ 3.40GHz, GPU: NVIDIA GeForce GTX 660 Ti
LogInit: Compiled (64-bit): Sep 17 2018 12:26:19
LogInit: Compiled with Visual C++: 19.13.26129.00
LogInit: Build Configuration: Development
LogInit: Branch Name: ++UE4+Release-4.20
LogInit: Command Line: 
LogInit: Base Directory: C:/Program Files/Epic Games/UE_4.20/Engine/Binaries/Win64/
LogInit: Installed Engine Build: 1
LogDevObjectVersion: Number of dev versions registered: 20
LogDevObjectVersion:   Dev-Blueprints (B0D832E4-1F89-4F0D-ACCF-7EB736FD4AA2): 10
LogDevObjectVersion:   Dev-Build (E1C64328-A22C-4D53-A36C-8E866417BD8C): 0
LogDevObjectVersion:   Dev-Core (375EC13C-06E4-48FB-B500-84F0262A717E): 2
LogDevObjectVersion:   Dev-Editor (E4B068ED-F494-42E9-A231-DA0B2E46BB41): 24
LogDevObjectVersion:   Dev-Framework (CFFC743F-43B0-4480-9391-14DF171D2073): 34
LogDevObjectVersion:   Dev-Mobile (B02B49B5-BB20-44E9-A304-32B752E40360): 2
LogDevObjectVersion:   Dev-Networking (A4E4105C-59A1-49B5-A7C5-40C4547EDFEE): 0
LogDevObjectVersion:   Dev-Online (39C831C9-5AE6-47DC-9A44-9C173E1C8E7C): 0
LogDevObjectVersion:   Dev-Physics (78F01B33-EBEA-4F98-B9B4-84EACCB95AA2): 0
LogDevObjectVersion:   Dev-Platform (6631380F-2D4D-43E0-8009-CF276956A95A): 0
LogDevObjectVersion:   Dev-Rendering (12F88B9F-8875-4AFC-A67C-D90C383ABD29): 26
LogDevObjectVersion:   Dev-Sequencer (7B5AE74C-D270-4C10-A958-57980B212A5A): 9
LogDevObjectVersion:   Dev-VR (D7296918-1DD6-4BDD-9DE2-64A83CC13884): 2
LogDevObjectVersion:   Dev-LoadTimes (C2A15278-BFE7-4AFE-6C17-90FF531DF755): 1
LogDevObjectVersion:   Private-Geometry (6EACA3D4-40EC-4CC1-B786-8BED09428FC5): 3
LogDevObjectVersion:   Dev-AnimPhys (29E575DD-E0A3-4627-9D10-D276232CDCEA): 17
LogDevObjectVersion:   Dev-ReflectionCapture (6B266CEC-1EC7-4B8F-A30B-E4D90942FC07): 1
LogDevObjectVersion:   Dev-Automation (0DF73D61-A23F-47EA-B727-89E90C41499A): 1
LogDevObjectVersion:   FortniteMain (601D1886-AC64-4F84-AA16-D3DE0DEAC7D6): 12
LogDevObjectVersion:   Dev-Enterprise (9DFFBCD6-494F-0158-E221-12823C92A888): 1
LogStreaming: Display: Took  0.003s to delete old logs.
LogInit: Presizing for max 8388607 objects, including 0 objects not considered by GC, pre-allocating 0 bytes for permanent pool.
LogInit: Object subsystem initialized
[2019.10.02-23.10.04:158][  0]LogInit: Selected Device Profile: [Windows]
[2019.10.02-23.10.04:158][  0]LogInit: Applying CVar settings loaded from the selected device profile: [Windows]
[2019.10.02-23.10.04:171][  0]LogHAL: Display: Platform has ~ 16 GB [17139372032 / 17179869184 / 16], which maps to Larger [LargestMinGB=32, LargerMinGB=12, DefaultMinGB=8, SmallerMinGB=6, SmallestMinGB=0)
[2019.10.02-23.10.04:171][  0]LogInit: Setting Device Profile CVar: [[r.Vulkan.UseRealUBs:1]]
[2019.10.02-23.10.04:171][  0]LogInit: Going up to parent DeviceProfile []
[2019.10.02-23.10.04:172][  0]LogInit: Computer: SYD-D32E9F
[2019.10.02-23.10.04:172][  0]LogInit: User: s192119
[2019.10.02-23.10.04:172][  0]LogInit: CPU Page size=4096, Cores=4
[2019.10.02-23.10.04:172][  0]LogInit: High frequency timer resolution =3.323577 MHz
[2019.10.02-23.10.04:172][  0]LogMemory: Memory total: Physical=16.0GB (16GB approx)
[2019.10.02-23.10.04:172][  0]LogMemory: Platform Memory Stats for Windows
[2019.10.02-23.10.04:172][  0]LogMemory: Process Physical Memory: 100.46 MB used, 100.46 MB peak
[2019.10.02-23.10.04:172][  0]LogMemory: Process Virtual Memory: 89.68 MB used, 89.68 MB peak
[2019.10.02-23.10.04:172][  0]LogMemory: Physical Memory: 3854.20 MB used,  12491.18 MB free, 16345.38 MB total
[2019.10.02-23.10.04:172][  0]LogMemory: Virtual Memory: 4638.47 MB used,  12491.18 MB free, 134217728.00 MB total
[2019.10.02-23.10.04:189][  0]LogInit: Using OS detected language (en-US).
[2019.10.02-23.10.04:189][  0]LogInit: Using OS detected locale (en-US).
[2019.10.02-23.10.04:190][  0]LogTextLocalizationManager: No specific localization for 'en-US' exists, so the 'en' localization will be used.
[2019.10.02-23.10.04:581][  0]LogStreaming: Display: Took  0.392s to InitEngineTextLocalization.
[2019.10.02-23.10.04:581][  0]LogInit: Setting process to per monitor DPI aware
[2019.10.02-23.10.04:618][  0]LogSlate: New Slate User Created.  User Index 0, Is Virtual User: 0
[2019.10.02-23.10.04:618][  0]LogSlate: Slate User Registered.  User Index 0, Is Virtual User: 0
[2019.10.02-23.10.04:822][  0]LogHMD: Failed to initialize OpenVR with code 110
[2019.10.02-23.10.04:822][  0]LogD3D11RHI: D3D11 adapters:
[2019.10.02-23.10.04:887][  0]LogD3D11RHI:    0. 'NVIDIA GeForce GTX 660 Ti' (Feature Level 11_0)
[2019.10.02-23.10.04:887][  0]LogD3D11RHI:       1998/0/8172 MB DedicatedVideo/DedicatedSystem/SharedSystem, Outputs:2, VendorId:0x10de
[2019.10.02-23.10.04:889][  0]LogD3D11RHI:    1. 'Microsoft Basic Render Driver' (Feature Level 11_0)
[2019.10.02-23.10.04:889][  0]LogD3D11RHI:       0/0/8172 MB DedicatedVideo/DedicatedSystem/SharedSystem, Outputs:0, VendorId:0x1414
[2019.10.02-23.10.04:889][  0]LogD3D11RHI: Chosen D3D11 Adapter: 0
[2019.10.02-23.10.04:894][  0]LogD3D11RHI: Creating new Direct3DDevice
[2019.10.02-23.10.04:894][  0]LogD3D11RHI:     GPU DeviceId: 0x1183 (for the marketing name, search the web for "GPU Device Id")
[2019.10.02-23.10.04:894][  0]LogWindows: EnumDisplayDevices:
[2019.10.02-23.10.04:894][  0]LogWindows:    0. 'NVIDIA GeForce GTX 660 Ti' (P:1 D:1)
[2019.10.02-23.10.04:895][  0]LogWindows:    1. 'NVIDIA GeForce GTX 660 Ti' (P:0 D:1)
[2019.10.02-23.10.04:895][  0]LogWindows:    2. 'NVIDIA GeForce GTX 660 Ti' (P:0 D:0)
[2019.10.02-23.10.04:895][  0]LogWindows:    3. 'NVIDIA GeForce GTX 660 Ti' (P:0 D:0)
[2019.10.02-23.10.04:895][  0]LogWindows: DebugString: FoundDriverCount:4 
[2019.10.02-23.10.04:895][  0]LogD3D11RHI:     Adapter Name: NVIDIA GeForce GTX 660 Ti
[2019.10.02-23.10.04:895][  0]LogD3D11RHI:   Driver Version: 417.35 (internal:25.21.14.1735, unified:417.35)
[2019.10.02-23.10.04:895][  0]LogD3D11RHI:      Driver Date: 12-11-2018
[2019.10.02-23.10.04:895][  0]LogRHI: Texture pool is 1398 MB (70% of 1998 MB)
[2019.10.02-23.10.04:941][  0]LogD3D11RHI: Async texture creation enabled
[2019.10.02-23.10.04:958][  0]LogD3D11RHI: GPU Timing Frequency: 1000.000000 (Debug: 2 2)
[2019.10.02-23.10.04:960][  0]LogShaderCompilers: Guid format shader working directory is -21 characters bigger than the processId version (../../../../../../Users/s192119/Documents/GitHub/Project1/Platformer1/Intermediate/Shaders/WorkingDirectory/7484/).
[2019.10.02-23.10.04:960][  0]LogShaderCompilers: Cleaned the shader compiler working directory 'C:/Users/s192119/AppData/Local/Temp/UnrealShaderWorkingDir/39659CE94A5DBF65C98F578404BFEFFF/'.
[2019.10.02-23.10.05:211][  0]LogTemp: Display: Loaded TP AllDesktopTargetPlatform
[2019.10.02-23.10.05:225][  0]LogTemp: Display: Loaded TP MacClientTargetPlatform
[2019.10.02-23.10.05:238][  0]LogTemp: Display: Loaded TP MacNoEditorTargetPlatform
[2019.10.02-23.10.05:252][  0]LogTemp: Display: Loaded TP MacServerTargetPlatform
[2019.10.02-23.10.05:266][  0]LogTemp: Display: Loaded TP MacTargetPlatform
[2019.10.02-23.10.05:279][  0]LogTemp: Display: Loaded TP WindowsClientTargetPlatform
[2019.10.02-23.10.05:293][  0]LogTemp: Display: Loaded TP WindowsNoEditorTargetPlatform
[2019.10.02-23.10.05:306][  0]LogTemp: Display: Loaded TP WindowsServerTargetPlatform
[2019.10.02-23.10.05:312][  0]LogTemp: Display: Loaded TP WindowsTargetPlatform
[2019.10.02-23.10.05:396][  0]LogTemp: Display: Loaded TP AndroidTargetPlatform
[2019.10.02-23.10.05:396][  0]LogTemp: Display: Loaded TP AndroidTargetPlatform
[2019.10.02-23.10.05:396][  0]LogTemp: Display: Loaded TP AndroidTargetPlatform
[2019.10.02-23.10.05:396][  0]LogTemp: Display: Loaded TP AndroidTargetPlatform
[2019.10.02-23.10.05:396][  0]LogTemp: Display: Loaded TP AndroidTargetPlatform
[2019.10.02-23.10.05:396][  0]LogTemp: Display: Loaded TP AndroidTargetPlatform
[2019.10.02-23.10.05:396][  0]LogTemp: Display: Loaded TP AndroidTargetPlatform
[2019.10.02-23.10.05:396][  0]LogTemp: Display: Loaded TP AndroidTargetPlatform
[2019.10.02-23.10.05:396][  0]LogTemp: Display: Loaded TP AndroidTargetPlatform
[2019.10.02-23.10.05:396][  0]LogTemp: Display: Loaded TP AndroidTargetPlatform
[2019.10.02-23.10.05:396][  0]LogTemp: Display: Loaded TP AndroidTargetPlatform
[2019.10.02-23.10.05:396][  0]LogTemp: Display: Loaded TP AndroidTargetPlatform
[2019.10.02-23.10.05:396][  0]LogTemp: Display: Loaded TP AndroidTargetPlatform
[2019.10.02-23.10.05:396][  0]LogTemp: Display: Loaded TP AndroidTargetPlatform
[2019.10.02-23.10.05:396][  0]LogTemp: Display: Loaded TP AndroidTargetPlatform
[2019.10.02-23.10.05:396][  0]LogTemp: Display: Loaded TP AndroidTargetPlatform
[2019.10.02-23.10.05:396][  0]LogTemp: Display: Loaded TP AndroidTargetPlatform
[2019.10.02-23.10.05:396][  0]LogTemp: Display: Loaded TP AndroidTargetPlatform
[2019.10.02-23.10.05:397][  0]LogTemp: Display: Loaded TP HTML5TargetPlatform
[2019.10.02-23.10.05:460][  0]LogTemp: Display: Loaded TP IOSTargetPlatform
[2019.10.02-23.10.05:460][  0]LogTemp: Display: Loaded TP IOSTargetPlatform
[2019.10.02-23.10.05:484][  0]LogTemp: Display: Loaded TP TVOSTargetPlatform
[2019.10.02-23.10.05:485][  0]LogTemp: Display: Loaded TP TVOSTargetPlatform
[2019.10.02-23.10.05:499][  0]LogTemp: Display: Loaded TP LinuxClientTargetPlatform
[2019.10.02-23.10.05:514][  0]LogTemp: Display: Loaded TP LinuxNoEditorTargetPlatform
[2019.10.02-23.10.05:527][  0]LogTemp: Display: Loaded TP LinuxServerTargetPlatform
[2019.10.02-23.10.05:542][  0]LogTemp: Display: Loaded TP LinuxTargetPlatform
[2019.10.02-23.10.05:551][  0]LogTemp: Display: Loaded TP LuminTargetPlatform
[2019.10.02-23.10.05:551][  0]LogTargetPlatformManager: Display: Building Assets For Windows
[2019.10.02-23.10.05:607][  0]LogXGEController: Cannot use XGE Controller as Incredibuild is not installed on this machine.
[2019.10.02-23.10.05:607][  0]LogShaderCompilers: Cannot use XGE Shader Compiler as Incredibuild is not installed on this machine.
[2019.10.02-23.10.05:607][  0]LogShaderCompilers: Display: Using Local Shader Compiler.
[2019.10.02-23.10.06:382][  0]LogDerivedDataCache: Display: Max Cache Size: 512 MB
[2019.10.02-23.10.06:446][  0]LogDerivedDataCache: Loaded boot cache 0.06s 71MB C:/Users/s192119/AppData/Local/UnrealEngine/4.20/DerivedDataCache/Boot.ddc.
[2019.10.02-23.10.06:447][  0]LogDerivedDataCache: Display: Loaded Boot cache: C:/Users/s192119/AppData/Local/UnrealEngine/4.20/DerivedDataCache/Boot.ddc
[2019.10.02-23.10.06:447][  0]LogDerivedDataCache: FDerivedDataBackendGraph:  Pak pak cache file ../../../../../../Users/s192119/Documents/GitHub/Project1/Platformer1/DerivedDataCache/DDC.ddp not found, will not use a pak cache.
[2019.10.02-23.10.06:447][  0]LogDerivedDataCache: Unable to find inner node Pak for hierarchical cache Hierarchy.
[2019.10.02-23.10.06:447][  0]LogDerivedDataCache: FDerivedDataBackendGraph:  CompressedPak pak cache file ../../../../../../Users/s192119/Documents/GitHub/Project1/Platformer1/DerivedDataCache/Compressed.ddp not found, will not use a pak cache.
[2019.10.02-23.10.06:447][  0]LogDerivedDataCache: Unable to find inner node CompressedPak for hierarchical cache Hierarchy.
[2019.10.02-23.10.06:460][  0]LogDerivedDataCache: Display: Pak cache opened for reading ../../../Engine/DerivedDataCache/Compressed.ddp.
[2019.10.02-23.10.06:473][  0]LogDerivedDataCache: Using Local data cache path C:/Users/s192119/AppData/Local/UnrealEngine/Common/DerivedDataCache: Writable
[2019.10.02-23.10.06:473][  0]LogDerivedDataCache: Shared data cache path not found in *engine.ini, will not use an Shared cache.
[2019.10.02-23.10.06:473][  0]LogDerivedDataCache: Unable to find inner node Shared for hierarchical cache Hierarchy.
[2019.10.02-23.10.06:493][  0]LogMaterial: Verifying Global Shaders for PCD3D_SM5
[2019.10.02-23.10.06:494][  0]LogSlate: Using FreeType 2.6.0
[2019.10.02-23.10.06:495][  0]LogSlate: SlateFontServices - WITH_FREETYPE: 1, WITH_HARFBUZZ: 1
[2019.10.02-23.10.06:568][  0]LogAssetRegistry: FAssetRegistry took 0.0263 seconds to start up
[2019.10.02-23.10.06:953][  0]LogInit: Selected Device Profile: [Windows]
[2019.10.02-23.10.07:083][  0]LogSimplygon: Simplygon DLL not present - disabling.
[2019.10.02-23.10.07:086][  0]LogMeshReduction: Using SimplygonSwarm for distributed automatic mesh merging
[2019.10.02-23.10.07:086][  0]LogMeshReduction: Using ProxyLODMeshReduction for automatic mesh merging
[2019.10.02-23.10.07:086][  0]LogMeshReduction: Using QuadricMeshReduction for automatic static mesh reduction
[2019.10.02-23.10.07:086][  0]LogMeshReduction: No automatic skeletal mesh reduction module available
[2019.10.02-23.10.07:102][  0]LogNetVersion: Platformer1 1.0.0, NetCL: 4212847, EngineNetVer: 5, GameNetVer: 0 (Checksum: 2788840230)
[2019.10.02-23.10.07:632][  0]LogPackageLocalizationCache: Processed 11 localized package path(s) for 2 prioritized culture(s) in 0.110176 seconds
[2019.10.02-23.10.07:640][  0]LogUObjectArray: 38425 objects as part of root set at end of initial load.
[2019.10.02-23.10.07:640][  0]LogUObjectAllocator: 6690872 out of 0 bytes used by permanent object pool.
[2019.10.02-23.10.07:640][  0]LogUObjectArray: CloseDisregardForGC: 0/0 objects in disregard for GC pool
[2019.10.02-23.10.08:465][  0]LogTcpMessaging: Initializing TcpMessaging bridge
[2019.10.02-23.10.08:479][  0]LogUdpMessaging: Initializing bridge on interface 0.0.0.0:0 to multicast group 230.0.0.1:6666.
[2019.10.02-23.10.08:622][  0]SourceControl: Source control is disabled
[2019.10.02-23.10.08:622][  0]SourceControl: Source control is disabled
[2019.10.02-23.10.08:623][  0]SourceControl: Source control is disabled
[2019.10.02-23.10.08:624][  0]SourceControl: Source control is disabled
[2019.10.02-23.10.08:796][  0]LogAndroidPermission: UAndroidPermissionCallbackProxy::GetInstance
[2019.10.02-23.10.08:844][  0]LogOcInput: OculusInput pre-init called
[2019.10.02-23.10.08:905][  0]LogEngine: Initializing Engine...
[2019.10.02-23.10.08:906][  0]LogHMD: Failed to initialize OpenVR with code 110
[2019.10.02-23.10.08:907][  0]LogStats: UGameplayTagsManager::ConstructGameplayTagTree: ImportINI prefixes -  0.000 s
[2019.10.02-23.10.08:907][  0]LogStats: UGameplayTagsManager::ConstructGameplayTagTree: Construct from data asset -  0.000 s
[2019.10.02-23.10.08:907][  0]LogStats: UGameplayTagsManager::ConstructGameplayTagTree: ImportINI -  0.000 s
[2019.10.02-23.10.08:907][  0]LogStats: UGameplayTagsManager::ConstructGameplayTagTree: GameplayTagTreeChangedEvent.Broadcast -  0.000 s
[2019.10.02-23.10.09:128][  0]LogInit: Initializing FReadOnlyCVARCache
[2019.10.02-23.10.09:143][  0]LogAIModule: Creating AISystem for world Untitled
[2019.10.02-23.10.09:159][  0]LogInit: XAudio2 using 'Speakers (2- High Definition Audio Device)' : 2 channels at 48 kHz using 16 bits per sample (channel mask 0x3)
[2019.10.02-23.10.09:179][  0]LogInit: FAudioDevice initialized.
[2019.10.02-23.10.09:179][  0]LogNetVersion: Set ProjectVersion to 1.0.0.0. Version Checksum will be recalculated on next use.
[2019.10.02-23.10.09:274][  0]LogDerivedDataCache: Saved boot cache 0.09s 71MB C:/Users/s192119/AppData/Local/UnrealEngine/4.20/DerivedDataCache/Boot.ddc.
[2019.10.02-23.10.09:287][  0]LogInit: Texture streaming: Enabled
[2019.10.02-23.10.09:304][  0]LogEngineSessionManager: EngineSessionManager initialized
[2019.10.02-23.10.09:315][  0]LogInit: Transaction tracking system initialized
[2019.10.02-23.10.09:334][  0]BlueprintLog: New page: Editor Load
[2019.10.02-23.10.09:403][  0]LocalizationService: Localization service is disabled
[2019.10.02-23.10.09:653][  0]LogCook: Display: Max memory allowance for cook 16384mb min free memory 0mb
[2019.10.02-23.10.09:653][  0]LogCook: Display: Mobile HDR setting 1
[2019.10.02-23.10.09:653][  0]LogGameplayTags: Display: UGameplayTagsManager::DoneAddingNativeTags. DelegateIsBound: 0
[2019.10.02-23.10.09:653][  0]LogStats: UGameplayTagsManager::ConstructGameplayTagTree: ImportINI prefixes -  0.000 s
[2019.10.02-23.10.09:653][  0]LogStats: UGameplayTagsManager::ConstructGameplayTagTree: Construct from data asset -  0.000 s
[2019.10.02-23.10.09:653][  0]LogStats: UGameplayTagsManager::ConstructGameplayTagTree: ImportINI -  0.000 s
[2019.10.02-23.10.09:653][  0]LogStats: UGameplayTagsManager::ConstructGameplayTagTree: GameplayTagTreeChangedEvent.Broadcast -  0.000 s
[2019.10.02-23.10.09:764][  0]LogFileCache: Scanning file cache for directory 'C:/Users/s192119/Documents/GitHub/Project1/Platformer1/Content/' took 0.01s
[2019.10.02-23.10.09:764][  0]SourceControl: Source control is disabled
[2019.10.02-23.10.09:765][  0]Cmd: MAP LOAD FILE="../../../../../../Users/s192119/Documents/GitHub/Project1/Platformer1/Content/_MyContent/Maps/Level_1.umap" TEMPLATE=0 SHOWPROGRESS=1 FEATURELEVEL=3
[2019.10.02-23.10.09:765][  0]LightingResults: New page: Lighting Build
[2019.10.02-23.10.09:767][  0]MapCheck: New page: Map Check
[2019.10.02-23.10.09:767][  0]LightingResults: New page: Lighting Build
[2019.10.02-23.10.10:279][  0]LogAIModule: Creating AISystem for world Level_1
[2019.10.02-23.10.10:294][  0]LogEditorServer: Finished looking for orphan Actors (0.000 secs)
[2019.10.02-23.10.10:317][  0]Cmd: MAP CHECKDEP NOCLEARLOG
[2019.10.02-23.10.10:392][  0]MapCheck: Map check complete: 0 Error(s), 0 Warning(s), took 75.128ms to complete.
[2019.10.02-23.10.10:392][  0]LogFileHelpers: Loading map 'Level_1' took 0.628
[2019.10.02-23.10.10:502][  0]LogSlate: Updating window title bar state: overlay mode, drag disabled, window buttons hidden, title bar hidden
[2019.10.02-23.10.10:510][  0]LogSlate: Updating window title bar state: overlay mode, drag disabled, window buttons hidden, title bar hidden
[2019.10.02-23.10.10:519][  0]LogSlate: Updating window title bar state: overlay mode, drag disabled, window buttons hidden, title bar hidden
[2019.10.02-23.10.10:526][  0]LogSlate: Updating window title bar state: overlay mode, drag disabled, window buttons hidden, title bar hidden
[2019.10.02-23.10.10:532][  0]LogCollectionManager: Loaded 0 collections in 0.001251 seconds
[2019.10.02-23.10.10:576][  0]LogFileCache: Scanning file cache for directory 'C:/Users/s192119/Documents/GitHub/Project1/Platformer1/Saved/Collections/' took 0.01s
[2019.10.02-23.10.10:576][  0]LogFileCache: Scanning file cache for directory 'C:/Users/s192119/Documents/GitHub/Project1/Platformer1/Content/Developers/s192119/Collections/' took 0.01s
[2019.10.02-23.10.10:576][  0]LogFileCache: Scanning file cache for directory 'C:/Users/s192119/Documents/GitHub/Project1/Platformer1/Content/Collections/' took 0.01s
[2019.10.02-23.10.10:576][  0]LogCollectionManager: Rebuilt the GUID cache for 0 collections in 0.000001 seconds
[2019.10.02-23.10.10:585][  0]LogContentBrowser: Native class hierarchy populated in 0.0094 seconds. Added 2572 classes and 603 folders.
[2019.10.02-23.10.10:592][  0]LogContentBrowser: Native class hierarchy updated for 'WidgetCarousel' in 0.0002 seconds. Added 0 classes and 0 folders.
[2019.10.02-23.10.10:633][  0]LogContentBrowser: Native class hierarchy updated for 'AddContentDialog' in 0.0003 seconds. Added 0 classes and 0 folders.
[2019.10.02-23.10.10:638][  0]LogContentBrowser: Native class hierarchy updated for 'SceneOutliner' in 0.0003 seconds. Added 1 classes and 2 folders.
[2019.10.02-23.10.10:653][  0]LogSlate: Took 0.000332 seconds to synchronously load lazily loaded font '../../../Engine/Content/Slate/Fonts/Roboto-Regular.ttf' (155K)
[2019.10.02-23.10.10:656][  0]LogSlate: Took 0.000226 seconds to synchronously load lazily loaded font '../../../Engine/Content/Slate/Fonts/Roboto-Bold.ttf' (160K)
[2019.10.02-23.10.10:661][  0]LogSlate: Took 0.000261 seconds to synchronously load lazily loaded font '../../../Engine/Content/Editor/Slate/Fonts/FontAwesome.ttf' (139K)
[2019.10.02-23.10.10:741][  0]LogRenderer: Reallocating scene render targets to support 1208x576 Format 10 NumSamples 1 (Frame:1).
[2019.10.02-23.10.10:863][  0]LogContentBrowser: Native class hierarchy updated for 'HierarchicalLODOutliner' in 0.0003 seconds. Added 0 classes and 0 folders.
[2019.10.02-23.10.10:863][  0]LogLoad: (Engine Initialization) Total time: 8.30 seconds
[2019.10.02-23.10.10:863][  0]LogLoad: (Engine Initialization) Total Blueprint compile time: 0.00 seconds
[2019.10.02-23.10.10:873][  0]LogWindowsTextInputMethodSystem: Display: IME system now deactivated.
[2019.10.02-23.10.10:895][  0]LogContentStreaming: Texture pool size now 1000 MB
[2019.10.02-23.10.10:920][  0]LogSlate: Took 0.000198 seconds to synchronously load lazily loaded font '../../../Engine/Content/Slate/Fonts/Roboto-Light.ttf' (167K)
[2019.10.02-23.10.10:935][  1]LogAssetRegistry: Asset discovery search completed in 4.3889 seconds
[2019.10.02-23.10.10:936][  1]LogCollectionManager: Rebuilt the object cache for 0 collections in 0.000001 seconds (found 0 objects)
[2019.10.02-23.10.10:936][  1]LogCollectionManager: Fixed up redirectors for 0 collections in 0.000039 seconds (updated 0 objects)
[2019.10.02-23.10.15:101][472]LogSlate: FSceneViewport::OnFocusLost() reason 2
[2019.10.02-23.10.41:326][291]LogSlate: FSceneViewport::OnFocusLost() reason 0
[2019.10.02-23.14.12:618][470]LogSlate: FSceneViewport::OnFocusLost() reason 2
[2019.10.02-23.14.27:230][879]LogSlate: FSceneViewport::OnFocusLost() reason 2
[2019.10.02-23.14.31:832][430]LogSlate: FSceneViewport::OnFocusLost() reason 2
[2019.10.02-23.14.31:880][434]LogSlate: FSceneViewport::OnFocusLost() reason 2
[2019.10.02-23.14.32:240][476]LogSlate: FSceneViewport::OnFocusLost() reason 2
[2019.10.02-23.14.34:038][690]LogSlate: FSceneViewport::OnFocusLost() reason 2
[2019.10.02-23.16.04:127][860]LogSlate: FSceneViewport::OnFocusLost() reason 0
[2019.10.02-23.16.17:242][231]LogSlate: Took 0.000270 seconds to synchronously load lazily loaded font '../../../Engine/Content/Slate/Fonts/Roboto-Light.ttf' (167K)
[2019.10.02-23.16.17:244][231]LogSlate: FSceneViewport::OnFocusLost() reason 2
[2019.10.02-23.16.17:299][231]LogFactory: FactoryCreateFile: SoundWave with ReimportSoundFactory (0 0 ../../../../../../Users/s192119/Documents/Sounds/You Got Jebaited (Edited).wav)
[2019.10.02-23.16.34:209][312]LogSlate: FSceneViewport::OnFocusLost() reason 0
[2019.10.02-23.16.34:354][328]LogAssetEditorManager: Opening Asset editor for SoundWave /Game/_MyContent/Sound/You_Got_Jebaited__Edited_.You_Got_Jebaited__Edited_
[2019.10.02-23.16.36:634][583]LogSlate: Window 'You_Got_Jebaited__Edited_* - Generic Asset Editor' being destroyed
[2019.10.02-23.16.38:351][789]LogSlate: FSceneViewport::OnFocusLost() reason 0
[2019.10.02-23.16.38:534][804]LogSavePackage: Moving '../../../../../../Users/s192119/Documents/GitHub/Project1/Platformer1/Saved/You_Got_Jebaited__Edited_B09D6CA4462BC32A7968E69D2ED5D354.tmp' to '../../../../../../Users/s192119/Documents/GitHub/Project1/Platformer1/Content/_MyContent/Sound/You_Got_Jebaited__Edited_.uasset'
[2019.10.02-23.16.56:513][959]LogEditorViewport: Clicking on Actor (LMB): Widget_Jebaited_C (TextRenderActor4_Blueprint)
[2019.10.02-23.16.59:361][284]LogSlate: FSceneViewport::OnFocusLost() reason 2
[2019.10.02-23.17.03:203][744]LogSlate: FSceneViewport::OnFocusLost() reason 2
[2019.10.02-23.17.03:204][744]LogAssetEditorManager: Opening Asset editor for Blueprint /Game/_MyContent/UI/Widget_Jebaited.Widget_Jebaited
[2019.10.02-23.17.03:862][744]LogContentBrowser: Native class hierarchy updated for 'BlueprintGraph' in 0.0006 seconds. Added 116 classes and 0 folders.
[2019.10.02-23.17.04:880][744]LogSlate: Took 0.005606 seconds to synchronously load lazily loaded font '../../../Engine/Content/Slate/Fonts/Roboto-BoldCondensed.ttf' (158K)
[2019.10.02-23.17.04:947][745]LogSlate: Took 0.006028 seconds to synchronously load lazily loaded font '../../../Engine/Content/Slate/Fonts/Roboto-Italic.ttf' (157K)
[2019.10.02-23.19.23:178][788]LogAssetEditorManager: Opening Asset editor for SoundCue /Game/_MyContent/Sound/Jebaited_Cue.Jebaited_Cue
[2019.10.02-23.19.25:446][  6]LogSlate: Window 'Jebaited_Cue*' being destroyed
[2019.10.02-23.19.32:061][797]Cmd: OBJ SAVEPACKAGE PACKAGE="/Game/_MyContent/Sound/Jebaited_Cue" FILE="../../../../../../Users/s192119/Documents/GitHub/Project1/Platformer1/Content/_MyContent/Sound/Jebaited_Cue.uasset" SILENT=true
[2019.10.02-23.19.32:070][797]LogSavePackage: Moving '../../../../../../Users/s192119/Documents/GitHub/Project1/Platformer1/Saved/Jebaited_Cue6BD2A8EA4294A913958637AB9CA2757E.tmp' to '../../../../../../Users/s192119/Documents/GitHub/Project1/Platformer1/Content/_MyContent/Sound/Jebaited_Cue.uasset'
[2019.10.02-23.21.06:177][868]BlueprintLog: New page: Compile Widget_Jebaited
[2019.10.02-23.21.07:870][ 41]Cmd: OBJ SAVEPACKAGE PACKAGE="/Game/_MyContent/UI/Widget_Jebaited" FILE="../../../../../../Users/s192119/Documents/GitHub/Project1/Platformer1/Content/_MyContent/UI/Widget_Jebaited.uasset" SILENT=true
[2019.10.02-23.21.07:910][ 41]LogSavePackage: Moving '../../../../../../Users/s192119/Documents/GitHub/Project1/Platformer1/Saved/Widget_Jebaited699C2E0B4DB9D921AD092B85B457E300.tmp' to '../../../../../../Users/s192119/Documents/GitHub/Project1/Platformer1/Content/_MyContent/UI/Widget_Jebaited.uasset'
[2019.10.02-23.21.14:510][386]LogSavePackage: Moving '../../../../../../Users/s192119/Documents/GitHub/Project1/Platformer1/Saved/Level_12FBB715A43508623651F769B906D714F.tmp' to '../../../../../../Users/s192119/Documents/GitHub/Project1/Platformer1/Content/_MyContent/Maps/Level_1.umap'
[2019.10.02-23.21.14:603][386]LogSavePackage: Moving '../../../../../../Users/s192119/Documents/GitHub/Project1/Platformer1/Saved/Level_1_BuiltData065D84A544632CD9764921A36B721DF1.tmp' to '../../../../../../Users/s192119/Documents/GitHub/Project1/Platformer1/Content/_MyContent/Maps/Level_1_BuiltData.uasset'
[2019.10.02-23.21.26:167][709]LogEditorViewport: Clicking on Actor (LMB): ThirdPersonCharacter_C (My Player)
[2019.10.02-23.22.14:732][730]LogSlate: FSceneViewport::OnFocusLost() reason 0
[2019.10.02-23.22.14:832][742]LogTemp: Repeating last play command: Selected Viewport
[2019.10.02-23.22.14:865][742]LogBlueprintUserMessages: Early PlayInEditor Detection: Level '/Game/_MyContent/Maps/Level_1.Level_1:PersistentLevel' has LevelScriptBlueprint '/Game/_MyContent/Maps/Level_1.Level_1:PersistentLevel.Level_1' with GeneratedClass '/Game/_MyContent/Maps/Level_1.Level_C' with ClassGeneratedBy '/Game/_MyContent/Maps/Level_1.Level_1:PersistentLevel.Level_1'
[2019.10.02-23.22.14:865][742]LogPlayLevel: PlayLevel: No blueprints needed recompiling
[2019.10.02-23.22.14:882][742]PIE: New page: PIE session: Level_1 (Oct 3, 2019, 7:22:14 PM)
[2019.10.02-23.22.14:882][742]LogPlayLevel: Creating play world package: /Game/_MyContent/Maps/UEDPIE_0_Level_1
[2019.10.02-23.22.14:890][742]LogPlayLevel: PIE: StaticDuplicateObject took: (0.008059s)
[2019.10.02-23.22.14:890][742]LogAIModule: Creating AISystem for world Level_1
[2019.10.02-23.22.14:891][742]LogPlayLevel: PIE: World Init took: (0.000972s)
[2019.10.02-23.22.14:891][742]LogPlayLevel: PIE: Created PIE world by copying editor world from /Game/_MyContent/Maps/Level_1.Level_1 to /Game/_MyContent/Maps/UEDPIE_0_Level_1.Level_1 (0.009226s)
[2019.10.02-23.22.14:951][742]LogInit: XAudio2 using 'Speakers (2- High Definition Audio Device)' : 2 channels at 48 kHz using 16 bits per sample (channel mask 0x3)
[2019.10.02-23.22.14:959][742]LogInit: FAudioDevice initialized.
[2019.10.02-23.22.15:005][742]LogLoad: Game class is 'MyGameMode_C'
[2019.10.02-23.22.15:012][742]LogWorld: Bringing World /Game/_MyContent/Maps/UEDPIE_0_Level_1.Level_1 up for play (max tick rate 0) at 2019.10.03-09.22.15
[2019.10.02-23.22.15:013][742]LogWorld: Bringing up level for play took: 0.006111
[2019.10.02-23.22.15:037][742]LogContentBrowser: Native class hierarchy updated for 'MovieSceneCapture' in 0.0003 seconds. Added 10 classes and 0 folders.
[2019.10.02-23.22.15:048][742]PIE: Play in editor start time for /Game/_MyContent/Maps/UEDPIE_0_Level_1 -0.678
[2019.10.02-23.22.15:048][742]LogBlueprintUserMessages: Late PlayInEditor Detection: Level '/Game/_MyContent/Maps/Level_1.Level_1:PersistentLevel' has LevelScriptBlueprint '/Game/_MyContent/Maps/Level_1.Level_1:PersistentLevel.Level_1' with GeneratedClass '/Game/_MyContent/Maps/Level_1.Level_C' with ClassGeneratedBy '/Game/_MyContent/Maps/Level_1.Level_1:PersistentLevel.Level_1'
[2019.10.02-23.22.17:755][ 60]LogAudioDerivedData: Display: Building compressed audio format OGG hash OGG wave You_Got_Jebaited__Edited_...
[2019.10.02-23.22.17:761][ 60]LogTemp: Couldn't find amount to resample to.
[2019.10.02-23.22.19:587][ 60]LogAudioDerivedData: Display: Updated SoundWave->RawPCMDataSize from 0 to 17748584 while cooking SoundWave /Game/_MyContent/Sound/You_Got_Jebaited__Edited_.You_Got_Jebaited__Edited_.
[2019.10.02-23.22.32:199][551]LogSlate: FSceneViewport::OnFocusLost() reason 0
[2019.10.02-23.22.32:358][570]LogNet: Browse: /Game/_MyContent/Maps/Level_1
[2019.10.02-23.22.32:358][570]LogLoad: LoadMap: /Game/_MyContent/Maps/Level_1
[2019.10.02-23.22.32:387][570]LogPlayLevel: Creating play world package: /Game/_MyContent/Maps/UEDPIE_0_Level_1
[2019.10.02-23.22.32:394][570]LogPlayLevel: PIE: StaticDuplicateObject took: (0.007465s)
[2019.10.02-23.22.32:395][570]LogAIModule: Creating AISystem for world Level_1
[2019.10.02-23.22.32:396][570]LogPlayLevel: PIE: World Init took: (0.001117s)
[2019.10.02-23.22.32:396][570]LogPlayLevel: PIE: Created PIE world by copying editor world from /Game/_MyContent/Maps/Level_1.Level_1 to /Game/_MyContent/Maps/UEDPIE_0_Level_1.Level_1 (0.008801s)
[2019.10.02-23.22.32:396][570]LogLoad: Game class is 'MyGameMode_C'
[2019.10.02-23.22.32:401][570]LogWorld: Bringing World /Game/_MyContent/Maps/UEDPIE_0_Level_1.Level_1 up for play (max tick rate 0) at 2019.10.03-09.22.32
[2019.10.02-23.22.32:401][570]LogWorld: Bringing up level for play took: 0.004474
[2019.10.02-23.22.32:404][570]LogLoad: Took 0.045289 seconds to LoadMap(/Game/_MyContent/Maps/UEDPIE_0_Level_1)
[2019.10.02-23.22.45:286][113]LogSlate: FSceneViewport::OnFocusLost() reason 0
[2019.10.02-23.22.45:453][133]LogSlate: Updating window title bar state: overlay mode, drag disabled, window buttons hidden, title bar hidden
[2019.10.02-23.22.45:453][133]LogBlueprintUserMessages: Early EndPlayMap Detection: Level '/Game/_MyContent/Maps/Level_1.Level_1:PersistentLevel' has LevelScriptBlueprint '/Game/_MyContent/Maps/Level_1.Level_1:PersistentLevel.Level_1' with GeneratedClass '/Game/_MyContent/Maps/Level_1.Level_C' with ClassGeneratedBy '/Game/_MyContent/Maps/Level_1.Level_1:PersistentLevel.Level_1'
[2019.10.02-23.22.45:491][133]LogPlayLevel: Display: Shutting down PIE online subsystems
[2019.10.02-23.22.45:492][133]LogBlueprintUserMessages: Late EndPlayMap Detection: Level '/Game/_MyContent/Maps/Level_1.Level_1:PersistentLevel' has LevelScriptBlueprint '/Game/_MyContent/Maps/Level_1.Level_1:PersistentLevel.Level_1' with GeneratedClass '/Game/_MyContent/Maps/Level_1.Level_C' with ClassGeneratedBy '/Game/_MyContent/Maps/Level_1.Level_1:PersistentLevel.Level_1'
[2019.10.02-23.22.45:518][133]LogSlate: Updating window title bar state: overlay mode, drag disabled, window buttons hidden, title bar hidden
[2019.10.02-23.22.45:554][135]LogPlayLevel: Display: Destroying online subsystem :Context_4
[2019.10.02-23.23.00:043][852]LogEditorViewport: Clicking on Actor (LMB): CubeDisappear1_C (CubeDisappear1)
[2019.10.02-23.23.01:833][ 30]LogSlate: FSceneViewport::OnFocusLost() reason 2
[2019.10.02-23.23.03:364][208]LogSlate: FSceneViewport::OnFocusLost() reason 2
[2019.10.02-23.23.03:366][208]LogAssetEditorManager: Opening Asset editor for Blueprint /Game/_MyContent/Blueprints/CubeDisappear1.CubeDisappear1
[2019.10.02-23.23.15:694][607]BlueprintLog: New page: Compile CubeDisappear1
[2019.10.02-23.23.16:563][669]LogSavePackage: Moving '../../../../../../Users/s192119/Documents/GitHub/Project1/Platformer1/Saved/CubeDisappear14381B81C4D89E5E16686C0B8FE2C68D1.tmp' to '../../../../../../Users/s192119/Documents/GitHub/Project1/Platformer1/Content/_MyContent/Blueprints/CubeDisappear1.uasset'
[2019.10.02-23.23.22:897][348]LogEditorViewport: Clicking on Actor (LMB): ThirdPersonCharacter_C (My Player)
[2019.10.02-23.23.25:872][627]LogSlate: FSceneViewport::OnFocusLost() reason 0
[2019.10.02-23.23.42:515][263]LogSlate: FSceneViewport::OnFocusLost() reason 0
[2019.10.02-23.23.42:618][273]LogTemp: Repeating last play command: Selected Viewport
[2019.10.02-23.23.42:644][273]LogBlueprintUserMessages: Early PlayInEditor Detection: Level '/Game/_MyContent/Maps/Level_1.Level_1:PersistentLevel' has LevelScriptBlueprint '/Game/_MyContent/Maps/Level_1.Level_1:PersistentLevel.Level_1' with GeneratedClass '/Game/_MyContent/Maps/Level_1.Level_C' with ClassGeneratedBy '/Game/_MyContent/Maps/Level_1.Level_1:PersistentLevel.Level_1'
[2019.10.02-23.23.42:644][273]LogPlayLevel: PlayLevel: No blueprints needed recompiling
[2019.10.02-23.23.42:644][273]PIE: New page: PIE session: Level_1 (Oct 3, 2019, 7:23:42 PM)
[2019.10.02-23.23.42:644][273]LogPlayLevel: Creating play world package: /Game/_MyContent/Maps/UEDPIE_0_Level_1
[2019.10.02-23.23.42:652][273]LogPlayLevel: PIE: StaticDuplicateObject took: (0.007927s)
[2019.10.02-23.23.42:653][273]LogAIModule: Creating AISystem for world Level_1
[2019.10.02-23.23.42:653][273]LogPlayLevel: PIE: World Init took: (0.000921s)
[2019.10.02-23.23.42:653][273]LogPlayLevel: PIE: Created PIE world by copying editor world from /Game/_MyContent/Maps/Level_1.Level_1 to /Game/_MyContent/Maps/UEDPIE_0_Level_1.Level_1 (0.009031s)
[2019.10.02-23.23.42:713][273]LogInit: XAudio2 using 'Speakers (2- High Definition Audio Device)' : 2 channels at 48 kHz using 16 bits per sample (channel mask 0x3)
[2019.10.02-23.23.42:722][273]LogInit: FAudioDevice initialized.
[2019.10.02-23.23.42:751][273]LogLoad: Game class is 'MyGameMode_C'
[2019.10.02-23.23.42:756][273]LogWorld: Bringing World /Game/_MyContent/Maps/UEDPIE_0_Level_1.Level_1 up for play (max tick rate 0) at 2019.10.03-09.23.42
[2019.10.02-23.23.42:756][273]LogWorld: Bringing up level for play took: 0.004538
[2019.10.02-23.23.42:770][273]PIE: Play in editor start time for /Game/_MyContent/Maps/UEDPIE_0_Level_1 1.044
[2019.10.02-23.23.42:771][273]LogBlueprintUserMessages: Late PlayInEditor Detection: Level '/Game/_MyContent/Maps/Level_1.Level_1:PersistentLevel' has LevelScriptBlueprint '/Game/_MyContent/Maps/Level_1.Level_1:PersistentLevel.Level_1' with GeneratedClass '/Game/_MyContent/Maps/Level_1.Level_C' with ClassGeneratedBy '/Game/_MyContent/Maps/Level_1.Level_1:PersistentLevel.Level_1'
[2019.10.02-23.23.52:213][402]LogSlate: FSceneViewport::OnFocusLost() reason 0
[2019.10.02-23.23.52:355][419]LogNet: Browse: /Game/_MyContent/Maps/Level_1
[2019.10.02-23.23.52:355][419]LogLoad: LoadMap: /Game/_MyContent/Maps/Level_1
[2019.10.02-23.23.52:384][419]LogPlayLevel: Creating play world package: /Game/_MyContent/Maps/UEDPIE_0_Level_1
[2019.10.02-23.23.52:391][419]LogPlayLevel: PIE: StaticDuplicateObject took: (0.007408s)
[2019.10.02-23.23.52:392][419]LogAIModule: Creating AISystem for world Level_1
[2019.10.02-23.23.52:392][419]LogPlayLevel: PIE: World Init took: (0.001022s)
[2019.10.02-23.23.52:392][419]LogPlayLevel: PIE: Created PIE world by copying editor world from /Game/_MyContent/Maps/Level_1.Level_1 to /Game/_MyContent/Maps/UEDPIE_0_Level_1.Level_1 (0.008610s)
[2019.10.02-23.23.52:392][419]LogLoad: Game class is 'MyGameMode_C'
[2019.10.02-23.23.52:397][419]LogWorld: Bringing World /Game/_MyContent/Maps/UEDPIE_0_Level_1.Level_1 up for play (max tick rate 0) at 2019.10.03-09.23.52
[2019.10.02-23.23.52:397][419]LogWorld: Bringing up level for play took: 0.004381
[2019.10.02-23.23.52:400][419]LogLoad: Took 0.044699 seconds to LoadMap(/Game/_MyContent/Maps/UEDPIE_0_Level_1)
[2019.10.02-23.23.58:321][127]LogSlate: FSceneViewport::OnFocusLost() reason 0
[2019.10.02-23.23.58:438][141]LogSlate: Updating window title bar state: overlay mode, drag disabled, window buttons hidden, title bar hidden
[2019.10.02-23.23.58:438][141]LogBlueprintUserMessages: Early EndPlayMap Detection: Level '/Game/_MyContent/Maps/Level_1.Level_1:PersistentLevel' has LevelScriptBlueprint '/Game/_MyContent/Maps/Level_1.Level_1:PersistentLevel.Level_1' with GeneratedClass '/Game/_MyContent/Maps/Level_1.Level_C' with ClassGeneratedBy '/Game/_MyContent/Maps/Level_1.Level_1:PersistentLevel.Level_1'
[2019.10.02-23.23.58:471][141]LogPlayLevel: Display: Shutting down PIE online subsystems
[2019.10.02-23.23.58:472][141]LogBlueprintUserMessages: Late EndPlayMap Detection: Level '/Game/_MyContent/Maps/Level_1.Level_1:PersistentLevel' has LevelScriptBlueprint '/Game/_MyContent/Maps/Level_1.Level_1:PersistentLevel.Level_1' with GeneratedClass '/Game/_MyContent/Maps/Level_1.Level_C' with ClassGeneratedBy '/Game/_MyContent/Maps/Level_1.Level_1:PersistentLevel.Level_1'
[2019.10.02-23.23.58:499][141]LogSlate: Updating window title bar state: overlay mode, drag disabled, window buttons hidden, title bar hidden
[2019.10.02-23.23.58:545][144]LogPlayLevel: Display: Destroying online subsystem :Context_8
[2019.10.02-23.24.17:215][332]LogEditorViewport: Clicking on Actor (LMB): KillPlane_C (KillPlane)
[2019.10.02-23.24.19:678][614]LogSlate: FSceneViewport::OnFocusLost() reason 2
[2019.10.02-23.24.21:560][832]LogSlate: FSceneViewport::OnFocusLost() reason 2
[2019.10.02-23.24.21:561][832]LogAssetEditorManager: Opening Asset editor for Blueprint /Game/_MyContent/Blueprints/KillPlane.KillPlane
[2019.10.02-23.24.48:168][921]LogSavePackage: Moving '../../../../../../Users/s192119/Documents/GitHub/Project1/Platformer1/Saved/Level_10C212DD045880EB6CE6B64B015CE1786.tmp' to '../../../../../../Users/s192119/Documents/GitHub/Project1/Platformer1/Content/_MyContent/Maps/Level_1.umap'
[2019.10.02-23.24.48:247][921]LogSavePackage: Moving '../../../../../../Users/s192119/Documents/GitHub/Project1/Platformer1/Saved/Level_1_BuiltData176A0B394BAAC63CEDBF949C47A1F3AE.tmp' to '../../../../../../Users/s192119/Documents/GitHub/Project1/Platformer1/Content/_MyContent/Maps/Level_1_BuiltData.uasset'
[2019.10.02-23.24.57:774][984]LogSlate: FSceneViewport::OnFocusLost() reason 0
[2019.10.02-23.25.12:207][663]LogEditorViewport: Clicking on Actor (context menu): KillPlane_C (KillPlane)
[2019.10.02-23.25.12:261][663]LogSlate: FSceneViewport::OnFocusLost() reason 2
[2019.10.02-23.25.13:714][815]LogEditorViewport: Clicking on Actor (LMB): TriggerBox (TriggerBox)
[2019.10.02-23.25.16:256][100]LogSlate: FSceneViewport::OnFocusLost() reason 0
[2019.10.02-23.25.29:991][735]LogEditorViewport: Clicking on Actor (LMB): TriggerBox (TriggerBox)
[2019.10.02-23.25.45:886][568]LogSlate: FSceneViewport::OnFocusLost() reason 0
[2019.10.02-23.26.03:009][557]LogEditorViewport: Clicking on Actor (LMB): KillPlane_C (KillPlane)
[2019.10.02-23.26.03:887][654]LogEditorViewport: Clicking on Actor (LMB): KillPlane_C (KillPlane)
[2019.10.02-23.26.04:549][730]LogEditorViewport: Clicking on Actor (LMB): Widget_Jebaited_C (TextRenderActor4_Blueprint)
[2019.10.02-23.26.08:042][112]LogSlate: FSceneViewport::OnFocusLost() reason 0
[2019.10.02-23.26.14:829][875]LogEditorViewport: Clicking on Actor (LMB): KillPlane_C (KillPlane)
[2019.10.02-23.26.15:588][958]LogEditorViewport: Clicking on Actor (LMB): KillPlane_C (KillPlane)
[2019.10.02-23.26.17:257][155]LogEditorViewport: Clicking on Actor (LMB): TriggerBox (TriggerBox)
[2019.10.02-23.26.22:456][752]LogSlate: FSceneViewport::OnFocusLost() reason 0
[2019.10.02-23.26.51:955][ 94]LogSlate: FSceneViewport::OnFocusLost() reason 0
[2019.10.02-23.27.01:504][209]LogEditorViewport: Clicking Background
[2019.10.02-23.27.04:590][523]LogEditorViewport: Clicking on Actor (double click): TriggerBox (TriggerBox)
[2019.10.02-23.27.06:934][797]LogSlate: FSceneViewport::OnFocusLost() reason 0
[2019.10.02-23.27.25:370][939]LogSlate: Window 'Select Path' being destroyed
[2019.10.02-23.27.25:442][939]LogSlate: FSceneViewport::OnFocusLost() reason 2
[2019.10.02-23.27.25:444][939]LogAssetEditorManager: Opening Asset editor for Blueprint /Game/_MyContent/Blueprints/KillPlane_Troll1.KillPlane_Troll1
[2019.10.02-23.27.25:824][940]LogRenderer: Reallocating scene render targets to support 1208x712 Format 10 NumSamples 1 (Frame:1).
[2019.10.02-23.27.35:533][ 70]LogSlate: FSceneViewport::OnFocusLost() reason 0
[2019.10.02-23.27.54:086][248]LogSlate: FSceneViewport::OnFocusLost() reason 0
[2019.10.02-23.28.06:814][760]LogSlate: FSceneViewport::OnFocusLost() reason 0
[2019.10.02-23.28.23:905][791]LogSlate: FSceneViewport::OnFocusLost() reason 0
[2019.10.02-23.28.36:861][327]LogSlate: FSceneViewport::OnFocusLost() reason 0
[2019.10.02-23.28.36:952][338]BlueprintLog: New page: Compile KillPlane_Troll1
[2019.10.02-23.28.37:502][354]LogSavePackage: Moving '../../../../../../Users/s192119/Documents/GitHub/Project1/Platformer1/Saved/KillPlane_Troll16D96FAC046E364FBB5E4C282B3317CA4.tmp' to '../../../../../../Users/s192119/Documents/GitHub/Project1/Platformer1/Content/_MyContent/Blueprints/KillPlane_Troll1.uasset'
[2019.10.02-23.29.31:091][654]BlueprintLog: New page: Compile KillPlane_Troll1
[2019.10.02-23.29.31:986][732]LogSavePackage: Moving '../../../../../../Users/s192119/Documents/GitHub/Project1/Platformer1/Saved/KillPlane_Troll176E6EE894F26B3056735AB8FACC9C03A.tmp' to '../../../../../../Users/s192119/Documents/GitHub/Project1/Platformer1/Content/_MyContent/Blueprints/KillPlane_Troll1.uasset'
[2019.10.02-23.29.38:228][410]LogSavePackage: Moving '../../../../../../Users/s192119/Documents/GitHub/Project1/Platformer1/Saved/Level_19FDEFD5440C0AF6F8CE6F4A36FA863C7.tmp' to '../../../../../../Users/s192119/Documents/GitHub/Project1/Platformer1/Content/_MyContent/Maps/Level_1.umap'
[2019.10.02-23.29.38:314][410]LogSavePackage: Moving '../../../../../../Users/s192119/Documents/GitHub/Project1/Platformer1/Saved/Level_1_BuiltData1146D88A49D034D6A7361B8744800EDD.tmp' to '../../../../../../Users/s192119/Documents/GitHub/Project1/Platformer1/Content/_MyContent/Maps/Level_1_BuiltData.uasset'
[2019.10.02-23.29.48:448][579]LogTemp: Repeating last play command: Selected Viewport
[2019.10.02-23.29.48:471][579]LogBlueprintUserMessages: Early PlayInEditor Detection: Level '/Game/_MyContent/Maps/Level_1.Level_1:PersistentLevel' has LevelScriptBlueprint '/Game/_MyContent/Maps/Level_1.Level_1:PersistentLevel.Level_1' with GeneratedClass '/Game/_MyContent/Maps/Level_1.Level_C' with ClassGeneratedBy '/Game/_MyContent/Maps/Level_1.Level_1:PersistentLevel.Level_1'
[2019.10.02-23.29.48:471][579]LogPlayLevel: PlayLevel: No blueprints needed recompiling
[2019.10.02-23.29.48:471][579]PIE: New page: PIE session: Level_1 (Oct 3, 2019, 7:29:48 PM)
[2019.10.02-23.29.48:471][579]LogPlayLevel: Creating play world package: /Game/_MyContent/Maps/UEDPIE_0_Level_1
[2019.10.02-23.29.48:479][579]LogPlayLevel: PIE: StaticDuplicateObject took: (0.007686s)
[2019.10.02-23.29.48:479][579]LogAIModule: Creating AISystem for world Level_1
[2019.10.02-23.29.48:480][579]LogPlayLevel: PIE: World Init took: (0.000989s)
[2019.10.02-23.29.48:480][579]LogPlayLevel: PIE: Created PIE world by copying editor world from /Game/_MyContent/Maps/Level_1.Level_1 to /Game/_MyContent/Maps/UEDPIE_0_Level_1.Level_1 (0.008842s)
[2019.10.02-23.29.48:513][579]LogInit: XAudio2 using 'Speakers (2- High Definition Audio Device)' : 2 channels at 48 kHz using 16 bits per sample (channel mask 0x3)
[2019.10.02-23.29.48:522][579]LogInit: FAudioDevice initialized.
[2019.10.02-23.29.48:555][579]LogLoad: Game class is 'MyGameMode_C'
[2019.10.02-23.29.48:560][579]LogWorld: Bringing World /Game/_MyContent/Maps/UEDPIE_0_Level_1.Level_1 up for play (max tick rate 0) at 2019.10.03-09.29.48
[2019.10.02-23.29.48:560][579]LogWorld: Bringing up level for play took: 0.004653
[2019.10.02-23.29.48:575][579]PIE: Play in editor start time for /Game/_MyContent/Maps/UEDPIE_0_Level_1 0.849
[2019.10.02-23.29.48:575][579]LogBlueprintUserMessages: Late PlayInEditor Detection: Level '/Game/_MyContent/Maps/Level_1.Level_1:PersistentLevel' has LevelScriptBlueprint '/Game/_MyContent/Maps/Level_1.Level_1:PersistentLevel.Level_1' with GeneratedClass '/Game/_MyContent/Maps/Level_1.Level_C' with ClassGeneratedBy '/Game/_MyContent/Maps/Level_1.Level_1:PersistentLevel.Level_1'
[2019.10.02-23.29.58:091][716]LogSlate: FSceneViewport::OnFocusLost() reason 0
[2019.10.02-23.29.58:249][735]LogSlate: Updating window title bar state: overlay mode, drag disabled, window buttons hidden, title bar hidden
[2019.10.02-23.29.58:249][735]LogBlueprintUserMessages: Early EndPlayMap Detection: Level '/Game/_MyContent/Maps/Level_1.Level_1:PersistentLevel' has LevelScriptBlueprint '/Game/_MyContent/Maps/Level_1.Level_1:PersistentLevel.Level_1' with GeneratedClass '/Game/_MyContent/Maps/Level_1.Level_C' with ClassGeneratedBy '/Game/_MyContent/Maps/Level_1.Level_1:PersistentLevel.Level_1'
[2019.10.02-23.29.58:290][735]LogPlayLevel: Display: Shutting down PIE online subsystems
[2019.10.02-23.29.58:290][735]LogBlueprintUserMessages: Late EndPlayMap Detection: Level '/Game/_MyContent/Maps/Level_1.Level_1:PersistentLevel' has LevelScriptBlueprint '/Game/_MyContent/Maps/Level_1.Level_1:PersistentLevel.Level_1' with GeneratedClass '/Game/_MyContent/Maps/Level_1.Level_C' with ClassGeneratedBy '/Game/_MyContent/Maps/Level_1.Level_1:PersistentLevel.Level_1'
[2019.10.02-23.29.58:319][735]LogSlate: Updating window title bar state: overlay mode, drag disabled, window buttons hidden, title bar hidden
[2019.10.02-23.29.58:358][736]LogPlayLevel: Display: Destroying online subsystem :Context_12
[2019.10.02-23.30.09:230][ 23]LogSlate: FSceneViewport::OnFocusLost() reason 0
[2019.10.02-23.30.09:338][ 36]LogTemp: Repeating last play command: Selected Viewport
[2019.10.02-23.30.09:358][ 36]LogBlueprintUserMessages: Early PlayInEditor Detection: Level '/Game/_MyContent/Maps/Level_1.Level_1:PersistentLevel' has LevelScriptBlueprint '/Game/_MyContent/Maps/Level_1.Level_1:PersistentLevel.Level_1' with GeneratedClass '/Game/_MyContent/Maps/Level_1.Level_C' with ClassGeneratedBy '/Game/_MyContent/Maps/Level_1.Level_1:PersistentLevel.Level_1'
[2019.10.02-23.30.09:358][ 36]LogPlayLevel: PlayLevel: No blueprints needed recompiling
[2019.10.02-23.30.09:358][ 36]PIE: New page: PIE session: Level_1 (Oct 3, 2019, 7:30:09 PM)
[2019.10.02-23.30.09:358][ 36]LogPlayLevel: Creating play world package: /Game/_MyContent/Maps/UEDPIE_0_Level_1
[2019.10.02-23.30.09:366][ 36]LogPlayLevel: PIE: StaticDuplicateObject took: (0.007687s)
[2019.10.02-23.30.09:367][ 36]LogAIModule: Creating AISystem for world Level_1
[2019.10.02-23.30.09:367][ 36]LogPlayLevel: PIE: World Init took: (0.000964s)
[2019.10.02-23.30.09:367][ 36]LogPlayLevel: PIE: Created PIE world by copying editor world from /Game/_MyContent/Maps/Level_1.Level_1 to /Game/_MyContent/Maps/UEDPIE_0_Level_1.Level_1 (0.008842s)
[2019.10.02-23.30.09:401][ 36]LogInit: XAudio2 using 'Speakers (2- High Definition Audio Device)' : 2 channels at 48 kHz using 16 bits per sample (channel mask 0x3)
[2019.10.02-23.30.09:409][ 36]LogInit: FAudioDevice initialized.
[2019.10.02-23.30.09:439][ 36]LogLoad: Game class is 'MyGameMode_C'
[2019.10.02-23.30.09:444][ 36]LogWorld: Bringing World /Game/_MyContent/Maps/UEDPIE_0_Level_1.Level_1 up for play (max tick rate 0) at 2019.10.03-09.30.09
[2019.10.02-23.30.09:444][ 36]LogWorld: Bringing up level for play took: 0.004571
[2019.10.02-23.30.09:458][ 36]PIE: Play in editor start time for /Game/_MyContent/Maps/UEDPIE_0_Level_1 -0.268
[2019.10.02-23.30.09:459][ 36]LogBlueprintUserMessages: Late PlayInEditor Detection: Level '/Game/_MyContent/Maps/Level_1.Level_1:PersistentLevel' has LevelScriptBlueprint '/Game/_MyContent/Maps/Level_1.Level_1:PersistentLevel.Level_1' with GeneratedClass '/Game/_MyContent/Maps/Level_1.Level_C' with ClassGeneratedBy '/Game/_MyContent/Maps/Level_1.Level_1:PersistentLevel.Level_1'
[2019.10.02-23.30.19:805][259]LogSlate: FSceneViewport::OnFocusLost() reason 0
[2019.10.02-23.30.19:939][275]LogSlate: Updating window title bar state: overlay mode, drag disabled, window buttons hidden, title bar hidden
[2019.10.02-23.30.19:939][275]LogBlueprintUserMessages: Early EndPlayMap Detection: Level '/Game/_MyContent/Maps/Level_1.Level_1:PersistentLevel' has LevelScriptBlueprint '/Game/_MyContent/Maps/Level_1.Level_1:PersistentLevel.Level_1' with GeneratedClass '/Game/_MyContent/Maps/Level_1.Level_C' with ClassGeneratedBy '/Game/_MyContent/Maps/Level_1.Level_1:PersistentLevel.Level_1'
[2019.10.02-23.30.19:977][275]LogPlayLevel: Display: Shutting down PIE online subsystems
[2019.10.02-23.30.19:977][275]LogBlueprintUserMessages: Late EndPlayMap Detection: Level '/Game/_MyContent/Maps/Level_1.Level_1:PersistentLevel' has LevelScriptBlueprint '/Game/_MyContent/Maps/Level_1.Level_1:PersistentLevel.Level_1' with GeneratedClass '/Game/_MyContent/Maps/Level_1.Level_C' with ClassGeneratedBy '/Game/_MyContent/Maps/Level_1.Level_1:PersistentLevel.Level_1'
[2019.10.02-23.30.20:007][275]LogSlate: Updating window title bar state: overlay mode, drag disabled, window buttons hidden, title bar hidden
[2019.10.02-23.30.20:040][276]LogPlayLevel: Display: Destroying online subsystem :Context_13
[2019.10.02-23.30.23:520][668]LogSlate: FSceneViewport::OnFocusLost() reason 0
[2019.10.02-23.30.36:799][129]LogSlate: FSceneViewport::OnFocusLost() reason 0
[2019.10.02-23.30.41:696][705]LogSlate: FSceneViewport::OnFocusLost() reason 0
[2019.10.02-23.31.07:896][663]LogSlate: FSceneViewport::OnFocusLost() reason 0
[2019.10.02-23.31.07:988][674]LogTemp: Repeating last play command: Selected Viewport
[2019.10.02-23.31.08:009][674]LogBlueprintUserMessages: Early PlayInEditor Detection: Level '/Game/_MyContent/Maps/Level_1.Level_1:PersistentLevel' has LevelScriptBlueprint '/Game/_MyContent/Maps/Level_1.Level_1:PersistentLevel.Level_1' with GeneratedClass '/Game/_MyContent/Maps/Level_1.Level_C' with ClassGeneratedBy '/Game/_MyContent/Maps/Level_1.Level_1:PersistentLevel.Level_1'
[2019.10.02-23.31.08:009][674]LogPlayLevel: PlayLevel: No blueprints needed recompiling
[2019.10.02-23.31.08:009][674]PIE: New page: PIE session: Level_1 (Oct 3, 2019, 7:31:08 PM)
[2019.10.02-23.31.08:009][674]LogPlayLevel: Creating play world package: /Game/_MyContent/Maps/UEDPIE_0_Level_1
[2019.10.02-23.31.08:017][674]LogPlayLevel: PIE: StaticDuplicateObject took: (0.008106s)
[2019.10.02-23.31.08:018][674]LogAIModule: Creating AISystem for world Level_1
[2019.10.02-23.31.08:019][674]LogPlayLevel: PIE: World Init took: (0.001034s)
[2019.10.02-23.31.08:019][674]LogPlayLevel: PIE: Created PIE world by copying editor world from /Game/_MyContent/Maps/Level_1.Level_1 to /Game/_MyContent/Maps/UEDPIE_0_Level_1.Level_1 (0.009308s)
[2019.10.02-23.31.08:052][674]LogInit: XAudio2 using 'Speakers (2- High Definition Audio Device)' : 2 channels at 48 kHz using 16 bits per sample (channel mask 0x3)
[2019.10.02-23.31.08:060][674]LogInit: FAudioDevice initialized.
[2019.10.02-23.31.08:091][674]LogLoad: Game class is 'MyGameMode_C'
[2019.10.02-23.31.08:096][674]LogWorld: Bringing World /Game/_MyContent/Maps/UEDPIE_0_Level_1.Level_1 up for play (max tick rate 0) at 2019.10.03-09.31.08
[2019.10.02-23.31.08:096][674]LogWorld: Bringing up level for play took: 0.004644
[2019.10.02-23.31.08:111][674]PIE: Play in editor start time for /Game/_MyContent/Maps/UEDPIE_0_Level_1 0.385
[2019.10.02-23.31.08:112][674]LogBlueprintUserMessages: Late PlayInEditor Detection: Level '/Game/_MyContent/Maps/Level_1.Level_1:PersistentLevel' has LevelScriptBlueprint '/Game/_MyContent/Maps/Level_1.Level_1:PersistentLevel.Level_1' with GeneratedClass '/Game/_MyContent/Maps/Level_1.Level_C' with ClassGeneratedBy '/Game/_MyContent/Maps/Level_1.Level_1:PersistentLevel.Level_1'
[2019.10.02-23.31.11:118][ 30]LogSlate: FSceneViewport::OnFocusLost() reason 0
[2019.10.02-23.31.11:251][ 46]LogSlate: Updating window title bar state: overlay mode, drag disabled, window buttons hidden, title bar hidden
[2019.10.02-23.31.11:251][ 46]LogBlueprintUserMessages: Early EndPlayMap Detection: Level '/Game/_MyContent/Maps/Level_1.Level_1:PersistentLevel' has LevelScriptBlueprint '/Game/_MyContent/Maps/Level_1.Level_1:PersistentLevel.Level_1' with GeneratedClass '/Game/_MyContent/Maps/Level_1.Level_C' with ClassGeneratedBy '/Game/_MyContent/Maps/Level_1.Level_1:PersistentLevel.Level_1'
[2019.10.02-23.31.11:289][ 46]LogPlayLevel: Display: Shutting down PIE online subsystems
[2019.10.02-23.31.11:289][ 46]LogBlueprintUserMessages: Late EndPlayMap Detection: Level '/Game/_MyContent/Maps/Level_1.Level_1:PersistentLevel' has LevelScriptBlueprint '/Game/_MyContent/Maps/Level_1.Level_1:PersistentLevel.Level_1' with GeneratedClass '/Game/_MyContent/Maps/Level_1.Level_C' with ClassGeneratedBy '/Game/_MyContent/Maps/Level_1.Level_1:PersistentLevel.Level_1'
[2019.10.02-23.31.11:318][ 46]LogSlate: Updating window title bar state: overlay mode, drag disabled, window buttons hidden, title bar hidden
[2019.10.02-23.31.11:356][ 47]LogPlayLevel: Display: Destroying online subsystem :Context_14
[2019.10.02-23.31.15:858][543]LogEditorViewport: Clicking on Actor (LMB): TriggerBox (TriggerBox)
[2019.10.02-23.31.17:447][725]LogSlate: FSceneViewport::OnFocusLost() reason 0
[2019.10.02-23.31.36:834][829]LogSlate: Window 'Select Path' being destroyed
[2019.10.02-23.31.36:910][829]LogAssetEditorManager: Opening Asset editor for Blueprint /Game/_MyContent/Blueprints/KillPlane_Troll2.KillPlane_Troll2
[2019.10.02-23.31.42:458][415]LogSlate: FSceneViewport::OnFocusLost() reason 2
[2019.10.02-23.31.48:560][115]LogSlate: FSceneViewport::OnFocusLost() reason 0
[2019.10.02-23.32.01:372][647]LogSlate: FSceneViewport::OnFocusLost() reason 0
[2019.10.02-23.32.01:489][661]BlueprintLog: New page: Compile KillPlane_Troll2
[2019.10.02-23.32.02:082][682]LogSavePackage: Moving '../../../../../../Users/s192119/Documents/GitHub/Project1/Platformer1/Saved/KillPlane_Troll2C070057041EC01AF13D3CE91AD9DC90E.tmp' to '../../../../../../Users/s192119/Documents/GitHub/Project1/Platformer1/Content/_MyContent/Blueprints/KillPlane_Troll2.uasset'
[2019.10.02-23.32.02:646][747]LogSlate: FSceneViewport::OnFocusLost() reason 0
[2019.10.02-23.32.41:527][302]BlueprintLog: New page: Compile KillPlane_Troll2
[2019.10.02-23.32.42:159][348]LogSavePackage: Moving '../../../../../../Users/s192119/Documents/GitHub/Project1/Platformer1/Saved/KillPlane_Troll28CE5341144C15E480915C0B927031405.tmp' to '../../../../../../Users/s192119/Documents/GitHub/Project1/Platformer1/Content/_MyContent/Blueprints/KillPlane_Troll2.uasset'
[2019.10.02-23.32.45:224][650]LogSavePackage: Moving '../../../../../../Users/s192119/Documents/GitHub/Project1/Platformer1/Saved/Level_1D3FF60E3469CF370AA87618F6874C0A1.tmp' to '../../../../../../Users/s192119/Documents/GitHub/Project1/Platformer1/Content/_MyContent/Maps/Level_1.umap'
[2019.10.02-23.32.45:303][650]LogSavePackage: Moving '../../../../../../Users/s192119/Documents/GitHub/Project1/Platformer1/Saved/Level_1_BuiltDataFCC53F534133F60632C08BBD135A0C97.tmp' to '../../../../../../Users/s192119/Documents/GitHub/Project1/Platformer1/Content/_MyContent/Maps/Level_1_BuiltData.uasset'
[2019.10.02-23.32.46:442][756]LogTemp: Repeating last play command: Selected Viewport
[2019.10.02-23.32.46:465][756]LogBlueprintUserMessages: Early PlayInEditor Detection: Level '/Game/_MyContent/Maps/Level_1.Level_1:PersistentLevel' has LevelScriptBlueprint '/Game/_MyContent/Maps/Level_1.Level_1:PersistentLevel.Level_1' with GeneratedClass '/Game/_MyContent/Maps/Level_1.Level_C' with ClassGeneratedBy '/Game/_MyContent/Maps/Level_1.Level_1:PersistentLevel.Level_1'
[2019.10.02-23.32.46:465][756]LogPlayLevel: PlayLevel: No blueprints needed recompiling
[2019.10.02-23.32.46:465][756]PIE: New page: PIE session: Level_1 (Oct 3, 2019, 7:32:46 PM)
[2019.10.02-23.32.46:465][756]LogPlayLevel: Creating play world package: /Game/_MyContent/Maps/UEDPIE_0_Level_1
[2019.10.02-23.32.46:473][756]LogPlayLevel: PIE: StaticDuplicateObject took: (0.007802s)
[2019.10.02-23.32.46:474][756]LogAIModule: Creating AISystem for world Level_1
[2019.10.02-23.32.46:474][756]LogPlayLevel: PIE: World Init took: (0.001066s)
[2019.10.02-23.32.46:474][756]LogPlayLevel: PIE: Created PIE world by copying editor world from /Game/_MyContent/Maps/Level_1.Level_1 to /Game/_MyContent/Maps/UEDPIE_0_Level_1.Level_1 (0.009030s)
[2019.10.02-23.32.46:508][756]LogInit: XAudio2 using 'Speakers (2- High Definition Audio Device)' : 2 channels at 48 kHz using 16 bits per sample (channel mask 0x3)
[2019.10.02-23.32.46:517][756]LogInit: FAudioDevice initialized.
[2019.10.02-23.32.46:549][756]LogLoad: Game class is 'MyGameMode_C'
[2019.10.02-23.32.46:554][756]LogWorld: Bringing World /Game/_MyContent/Maps/UEDPIE_0_Level_1.Level_1 up for play (max tick rate 0) at 2019.10.03-09.32.46
[2019.10.02-23.32.46:555][756]LogWorld: Bringing up level for play took: 0.004676
[2019.10.02-23.32.46:570][756]PIE: Play in editor start time for /Game/_MyContent/Maps/UEDPIE_0_Level_1 0.843
[2019.10.02-23.32.46:570][756]LogBlueprintUserMessages: Late PlayInEditor Detection: Level '/Game/_MyContent/Maps/Level_1.Level_1:PersistentLevel' has LevelScriptBlueprint '/Game/_MyContent/Maps/Level_1.Level_1:PersistentLevel.Level_1' with GeneratedClass '/Game/_MyContent/Maps/Level_1.Level_C' with ClassGeneratedBy '/Game/_MyContent/Maps/Level_1.Level_1:PersistentLevel.Level_1'
[2019.10.02-23.32.57:068][ 11]LogSlate: FSceneViewport::OnFocusLost() reason 0
[2019.10.02-23.32.57:202][ 27]LogSlate: Updating window title bar state: overlay mode, drag disabled, window buttons hidden, title bar hidden
[2019.10.02-23.32.57:202][ 27]LogBlueprintUserMessages: Early EndPlayMap Detection: Level '/Game/_MyContent/Maps/Level_1.Level_1:PersistentLevel' has LevelScriptBlueprint '/Game/_MyContent/Maps/Level_1.Level_1:PersistentLevel.Level_1' with GeneratedClass '/Game/_MyContent/Maps/Level_1.Level_C' with ClassGeneratedBy '/Game/_MyContent/Maps/Level_1.Level_1:PersistentLevel.Level_1'
[2019.10.02-23.32.57:243][ 27]LogPlayLevel: Display: Shutting down PIE online subsystems
[2019.10.02-23.32.57:244][ 27]LogBlueprintUserMessages: Late EndPlayMap Detection: Level '/Game/_MyContent/Maps/Level_1.Level_1:PersistentLevel' has LevelScriptBlueprint '/Game/_MyContent/Maps/Level_1.Level_1:PersistentLevel.Level_1' with GeneratedClass '/Game/_MyContent/Maps/Level_1.Level_C' with ClassGeneratedBy '/Game/_MyContent/Maps/Level_1.Level_1:PersistentLevel.Level_1'
[2019.10.02-23.32.57:272][ 27]LogSlate: Updating window title bar state: overlay mode, drag disabled, window buttons hidden, title bar hidden
[2019.10.02-23.32.57:307][ 28]LogPlayLevel: Display: Destroying online subsystem :Context_16
[2019.10.02-23.32.59:908][329]LogActorComponent: UnregisterComponent: (/Engine/Transient.EditorFloorComp) Not registered. Aborting.
[2019.10.02-23.33.01:315][485]LogActorComponent: UnregisterComponent: (/Engine/Transient.EditorFloorComp) Not registered. Aborting.
[2019.10.02-23.33.05:018][862]LogAssetEditorManager: Opening Asset editor for Blueprint /Game/_MyContent/Blueprints/KillPlane.KillPlane
[2019.10.02-23.33.11:166][535]LogActorComponent: UnregisterComponent: (/Engine/Transient.EditorFloorComp) Not registered. Aborting.
[2019.10.02-23.33.20:388][591]LogEditorViewport: Clicking on Actor (context menu): KillPlane_C (KillPlane)
[2019.10.02-23.33.20:439][591]LogSlate: FSceneViewport::OnFocusLost() reason 2
[2019.10.02-23.33.24:138][  4]LogEditorViewport: Clicking Background
[2019.10.02-23.34.48:952][900]LogSlate: FSceneViewport::OnFocusLost() reason 0
[2019.10.02-23.34.49:221][917]LogActorComponent: UnregisterComponent: (/Engine/Transient.EditorFloorComp) Not registered. Aborting.
[2019.10.02-23.34.49:276][917]LogSlate: Window 'Platformer1 - Unreal Editor' being destroyed
[2019.10.02-23.34.49:454][918]Cmd: QUIT_EDITOR
[2019.10.02-23.34.50:375][918]LogWindowsTextInputMethodSystem: Display: IME system now deactivated.
[2019.10.02-23.34.50:389][918]LogExit: Preparing to exit.
[2019.10.02-23.34.51:449][918]LogExit: Editor shut down
[2019.10.02-23.34.51:450][918]LogExit: Transaction tracking system shut down
[2019.10.02-23.34.52:152][918]LogExit: Object subsystem successfully closed.
[2019.10.02-23.34.52:170][918]LogShaderCompilers: Display: Shaders left to compile 0
[2019.10.02-23.34.52:174][918]LogD3D11RHI: Shutdown
[2019.10.02-23.34.52:174][918]LogD3D11RHI: CleanupD3DDevice
[2019.10.02-23.34.52:176][918]LogD3D11RHI: ~FD3D11DynamicRHI
[2019.10.02-23.34.52:196][918]LogModuleManager: Shutting down and abandoning module MovieSceneCapture (616)
[2019.10.02-23.34.52:196][918]LogModuleManager: Shutting down and abandoning module Voice (614)
[2019.10.02-23.34.52:196][918]LogModuleManager: Shutting down and abandoning module BlueprintGraph (612)
[2019.10.02-23.34.52:196][918]LogModuleManager: Shutting down and abandoning module HierarchicalLODOutliner (610)
[2019.10.02-23.34.52:196][918]LogModuleManager: Shutting down and abandoning module SceneOutliner (608)
[2019.10.02-23.34.52:196][918]LogModuleManager: Shutting down and abandoning module AddContentDialog (606)
[2019.10.02-23.34.52:198][918]LogModuleManager: Shutting down and abandoning module WidgetCarousel (605)
[2019.10.02-23.34.52:198][918]LogModuleManager: Shutting down and abandoning module EditorWidgets (602)
[2019.10.02-23.34.52:198][918]LogModuleManager: Shutting down and abandoning module CollectionManager (600)
[2019.10.02-23.34.52:199][918]LogModuleManager: Shutting down and abandoning module StatsViewer (598)
[2019.10.02-23.34.52:199][918]LogModuleManager: Shutting down and abandoning module FoliageEdit (596)
[2019.10.02-23.34.52:199][918]LogModuleManager: Shutting down and abandoning module LandscapeEditor (594)
[2019.10.02-23.34.52:199][918]LogModuleManager: Shutting down and abandoning module MeshPaintMode (592)
[2019.10.02-23.34.52:199][918]LogModuleManager: Shutting down and abandoning module SceneDepthPickerMode (590)
[2019.10.02-23.34.52:199][918]LogModuleManager: Shutting down and abandoning module ActorPickerMode (588)
[2019.10.02-23.34.52:199][918]LogModuleManager: Shutting down and abandoning module GeometryMode (586)
[2019.10.02-23.34.52:199][918]LogModuleManager: Shutting down and abandoning module TextureAlignMode (584)
[2019.10.02-23.34.52:199][918]LogModuleManager: Shutting down and abandoning module BspMode (582)
[2019.10.02-23.34.52:199][918]LogModuleManager: Shutting down and abandoning module PIEPreviewDeviceProfileSelector (580)
[2019.10.02-23.34.52:199][918]LogModuleManager: Shutting down and abandoning module SequenceRecorderSections (578)
[2019.10.02-23.34.52:199][918]LogModuleManager: Shutting down and abandoning module AutomationWorker (576)
[2019.10.02-23.34.52:199][918]LogModuleManager: Shutting down and abandoning module AudioCaptureEditor (574)
[2019.10.02-23.34.52:199][918]LogModuleManager: Shutting down and abandoning module SequenceRecorder (573)
[2019.10.02-23.34.52:199][918]LogModuleManager: Shutting down and abandoning module MatineeToLevelSequence (570)
[2019.10.02-23.34.52:199][918]LogModuleManager: Shutting down and abandoning module LevelSequenceEditor (568)
[2019.10.02-23.34.52:199][918]LogModuleManager: Shutting down and abandoning module PlacementMode (567)
[2019.10.02-23.34.52:199][918]LogModuleManager: Shutting down and abandoning module MaterialEditor (566)
[2019.10.02-23.34.52:199][918]LogModuleManager: Shutting down and abandoning module WmfMediaFactory (562)
[2019.10.02-23.34.52:199][918]LogModuleManager: Shutting down and abandoning module WmfMediaEditor (560)
[2019.10.02-23.34.52:199][918]LogModuleManager: Shutting down and abandoning module MediaPlayerEditor (558)
[2019.10.02-23.34.52:199][918]LogModuleManager: Shutting down and abandoning module OpenExrWrapper (556)
[2019.10.02-23.34.52:199][918]LogModuleManager: Shutting down and abandoning module ImgMediaFactory (554)
[2019.10.02-23.34.52:199][918]LogModuleManager: Shutting down and abandoning module ImgMediaEditor (552)
[2019.10.02-23.34.52:199][918]LogModuleManager: Shutting down and abandoning module AvfMediaFactory (550)
[2019.10.02-23.34.52:199][918]LogModuleManager: Shutting down and abandoning module AvfMediaEditor (548)
[2019.10.02-23.34.52:199][918]LogModuleManager: Shutting down and abandoning module AndroidMediaFactory (546)
[2019.10.02-23.34.52:199][918]LogModuleManager: Shutting down and abandoning module AndroidMediaEditor (544)
[2019.10.02-23.34.52:199][918]LogModuleManager: Shutting down and abandoning module MagicLeapCameraPreviewFactory (542)
[2019.10.02-23.34.52:199][918]LogModuleManager: Shutting down and abandoning module MagicLeapMediaFactory (540)
[2019.10.02-23.34.52:200][918]LogModuleManager: Shutting down and abandoning module MagicLeapMediaEditor (538)
[2019.10.02-23.34.52:200][918]LogModuleManager: Shutting down and abandoning module CharacterAI (536)
[2019.10.02-23.34.52:200][918]LogModuleManager: Shutting down and abandoning module SmartSnapping (534)
[2019.10.02-23.34.52:200][918]LogModuleManager: Shutting down and abandoning module SessionServices (532)
[2019.10.02-23.34.52:200][918]LogModuleManager: Shutting down and abandoning module ViewportSnapping (530)
[2019.10.02-23.34.52:200][918]LogModuleManager: Shutting down and abandoning module ViewportInteraction (528)
[2019.10.02-23.34.52:200][918]LogModuleManager: Shutting down and abandoning module ClothPainter (526)
[2019.10.02-23.34.52:200][918]LogModuleManager: Shutting down and abandoning module SkeletalMeshEditor (525)
[2019.10.02-23.34.52:200][918]LogModuleManager: Shutting down and abandoning module LogVisualizer (522)
[2019.10.02-23.34.52:200][918]LogModuleManager: Shutting down and abandoning module IntroTutorials (520)
[2019.10.02-23.34.52:200][918]LogModuleManager: Shutting down and abandoning module GameProjectGeneration (519)
[2019.10.02-23.34.52:200][918]LogModuleManager: Shutting down and abandoning module LuminPlatformEditor (516)
[2019.10.02-23.34.52:200][918]LogModuleManager: Shutting down and abandoning module IOSPlatformEditor (514)
[2019.10.02-23.34.52:200][918]LogModuleManager: Shutting down and abandoning module HTML5PlatformEditor (512)
[2019.10.02-23.34.52:200][918]LogModuleManager: Shutting down and abandoning module AndroidPlatformEditor (510)
[2019.10.02-23.34.52:200][918]LogModuleManager: Shutting down and abandoning module AndroidDeviceDetection (509)
[2019.10.02-23.34.53:428][918]LogModuleManager: Shutting down and abandoning module WindowsPlatformEditor (506)
[2019.10.02-23.34.53:428][918]LogModuleManager: Shutting down and abandoning module LuminRuntimeSettings (504)
[2019.10.02-23.34.53:428][918]LogModuleManager: Shutting down and abandoning module IOSRuntimeSettings (502)
[2019.10.02-23.34.53:428][918]LogModuleManager: Shutting down and abandoning module AndroidRuntimeSettings (500)
[2019.10.02-23.34.53:428][918]LogModuleManager: Shutting down and abandoning module InputBindingEditor (498)
[2019.10.02-23.34.53:428][918]LogModuleManager: Shutting down and abandoning module MergeActors (496)
[2019.10.02-23.34.53:428][918]LogModuleManager: Shutting down and abandoning module LocalizationDashboard (494)
[2019.10.02-23.34.53:429][918]LogModuleManager: Shutting down and abandoning module LocalizationService (493)
[2019.10.02-23.34.53:429][918]LogModuleManager: Shutting down and abandoning module HardwareTargeting (490)
[2019.10.02-23.34.53:429][918]LogModuleManager: Shutting down and abandoning module DeviceProfileEditor (488)
[2019.10.02-23.34.53:429][918]LogModuleManager: Shutting down and abandoning module UndoHistory (486)
[2019.10.02-23.34.53:429][918]LogModuleManager: Shutting down and abandoning module XmlParser (484)
[2019.10.02-23.34.53:429][918]LogModuleManager: Shutting down and abandoning module Blutility (482)
[2019.10.02-23.34.53:429][918]LogModuleManager: Shutting down and abandoning module ProjectSettingsViewer (480)
[2019.10.02-23.34.53:429][918]LogModuleManager: Shutting down and abandoning module ProjectTargetPlatformEditor (479)
[2019.10.02-23.34.53:429][918]LogModuleManager: Shutting down and abandoning module EditorSettingsViewer (476)
[2019.10.02-23.34.53:429][918]LogModuleManager: Shutting down and abandoning module SettingsEditor (474)
[2019.10.02-23.34.53:429][918]LogModuleManager: Shutting down and abandoning module ProjectLauncher (472)
[2019.10.02-23.34.53:429][918]LogModuleManager: Shutting down and abandoning module SessionFrontend (470)
[2019.10.02-23.34.53:429][918]LogModuleManager: Shutting down and abandoning module ProfilerClient (468)
[2019.10.02-23.34.53:429][918]LogModuleManager: Shutting down and abandoning module DeviceManager (466)
[2019.10.02-23.34.53:429][918]LogModuleManager: Shutting down and abandoning module TargetDeviceServices (465)
[2019.10.02-23.34.53:493][918]LogModuleManager: Shutting down and abandoning module AutomationController (462)
[2019.10.02-23.34.53:493][918]LogModuleManager: Shutting down and abandoning module AutomationWindow (460)
[2019.10.02-23.34.53:493][918]LogModuleManager: Shutting down and abandoning module Layers (458)
[2019.10.02-23.34.53:493][918]LogModuleManager: Shutting down and abandoning module ComponentVisualizers (456)
[2019.10.02-23.34.53:493][918]LogModuleManager: Shutting down and abandoning module DetailCustomizations (454)
[2019.10.02-23.34.53:493][918]LogModuleManager: Shutting down and abandoning module PackagesDialog (452)
[2019.10.02-23.34.53:493][918]LogModuleManager: Shutting down and abandoning module Persona (450)
[2019.10.02-23.34.53:493][918]LogModuleManager: Shutting down and abandoning module AdvancedPreviewScene (449)
[2019.10.02-23.34.53:493][918]LogModuleManager: Shutting down and abandoning module AnimGraph (447)
[2019.10.02-23.34.53:493][918]LogModuleManager: Shutting down and abandoning module Kismet (444)
[2019.10.02-23.34.53:498][918]LogModuleManager: Shutting down and abandoning module GraphEditor (442)
[2019.10.02-23.34.53:498][918]LogModuleManager: Shutting down and abandoning module ClassViewer (440)
[2019.10.02-23.34.53:499][918]LogModuleManager: Shutting down and abandoning module Toolbox (438)
[2019.10.02-23.34.53:499][918]LogModuleManager: Shutting down and abandoning module ModuleUI (436)
[2019.10.02-23.34.53:499][918]LogModuleManager: Shutting down and abandoning module MovieSceneTools (434)
[2019.10.02-23.34.53:499][918]LogModuleManager: Shutting down and abandoning module OutputLog (432)
[2019.10.02-23.34.53:499][918]LogModuleManager: Shutting down and abandoning module GammaUI (430)
[2019.10.02-23.34.53:499][918]LogModuleManager: Shutting down and abandoning module Documentation (428)
[2019.10.02-23.34.53:499][918]LogModuleManager: Shutting down and abandoning module MovieSceneTracks (426)
[2019.10.02-23.34.53:499][918]LogModuleManager: Shutting down and abandoning module MovieScene (424)
[2019.10.02-23.34.53:499][918]LogModuleManager: Shutting down and abandoning module StreamingPauseRendering (422)
[2019.10.02-23.34.53:499][918]LogModuleManager: Shutting down and abandoning module LauncherPlatform (420)
[2019.10.02-23.34.53:499][918]LogModuleManager: Shutting down and abandoning module AnalyticsET (418)
[2019.10.02-23.34.53:499][918]LogModuleManager: Shutting down and abandoning module PortalServices (416)
[2019.10.02-23.34.53:499][918]LogModuleManager: Shutting down and abandoning module PortalRpc (414)
[2019.10.02-23.34.53:499][918]LogModuleManager: Shutting down and abandoning module MessagingRpc (412)
[2019.10.02-23.34.53:499][918]LogModuleManager: Shutting down and abandoning module AIModule (410)
[2019.10.02-23.34.53:499][918]LogModuleManager: Shutting down and abandoning module GameplayDebugger (409)
[2019.10.02-23.34.53:499][918]LogModuleManager: Shutting down and abandoning module AITestSuite (407)
[2019.10.02-23.34.53:499][918]LogModuleManager: Shutting down and abandoning module NavigationSystem (405)
[2019.10.02-23.34.53:499][918]LogModuleManager: Shutting down and abandoning module DesktopPlatform (402)
[2019.10.02-23.34.53:499][918]LogModuleManager: Shutting down and abandoning module ProfilerService (400)
[2019.10.02-23.34.53:710][918]LogModuleManager: Shutting down and abandoning module TaskGraph (398)
[2019.10.02-23.34.53:710][918]LogModuleManager: Shutting down and abandoning module SteamVRController (396)
[2019.10.02-23.34.53:710][918]LogModuleManager: Shutting down and abandoning module ProceduralMeshComponentEditor (394)
[2019.10.02-23.34.53:710][918]LogModuleManager: Shutting down and abandoning module ProceduralMeshComponent (392)
[2019.10.02-23.34.53:710][918]LogModuleManager: Shutting down and abandoning module OculusInput (390)
[2019.10.02-23.34.53:710][918]LogModuleManager: Shutting down and abandoning module MobilePatchingUtils (388)
[2019.10.02-23.34.53:710][918]LogModuleManager: Shutting down and abandoning module EditableMesh (386)
[2019.10.02-23.34.53:710][918]LogModuleManager: Shutting down and abandoning module CustomMeshComponent (384)
[2019.10.02-23.34.53:711][918]LogModuleManager: Shutting down and abandoning module CableComponent (382)
[2019.10.02-23.34.53:711][918]LogModuleManager: Shutting down and abandoning module AudioCapture (380)
[2019.10.02-23.34.53:711][918]LogModuleManager: Shutting down and abandoning module ArchVisCharacter (378)
[2019.10.02-23.34.53:711][918]LogModuleManager: Shutting down and abandoning module AndroidPermission (376)
[2019.10.02-23.34.53:711][918]LogModuleManager: Shutting down and abandoning module NUTUnrealEngine4 (374)
[2019.10.02-23.34.53:711][918]LogModuleManager: Shutting down and abandoning module NetcodeUnitTest (372)
[2019.10.02-23.34.53:711][918]LogModuleManager: Shutting down and abandoning module MediaCompositingEditor (370)
[2019.10.02-23.34.53:711][918]LogModuleManager: Shutting down and abandoning module MediaCompositing (368)
[2019.10.02-23.34.53:711][918]LogModuleManager: Shutting down and abandoning module LinearTimecode (366)
[2019.10.02-23.34.53:711][918]LogModuleManager: Shutting down and abandoning module ImgMedia (364)
[2019.10.02-23.34.53:714][918]LogModuleManager: Shutting down and abandoning module HTML5Networking (362)
[2019.10.02-23.34.53:714][918]LogModuleManager: Shutting down and abandoning module GeometryCacheTracks (360)
[2019.10.02-23.34.53:714][918]LogModuleManager: Shutting down and abandoning module GeometryCacheSequencer (358)
[2019.10.02-23.34.53:714][918]LogModuleManager: Shutting down and abandoning module BackChannel (356)
[2019.10.02-23.34.53:714][918]LogModuleManager: Shutting down and abandoning module AppleVision (354)
[2019.10.02-23.34.53:714][918]LogModuleManager: Shutting down and abandoning module AppleImageUtils (352)
[2019.10.02-23.34.53:714][918]LogModuleManager: Shutting down and abandoning module AlembicImporter (350)
[2019.10.02-23.34.53:714][918]LogModuleManager: Shutting down and abandoning module AlembicLibrary (349)
[2019.10.02-23.34.53:714][918]LogModuleManager: Shutting down and abandoning module GeometryCache (348)
[2019.10.02-23.34.53:714][918]LogModuleManager: Shutting down and abandoning module GeometryCacheEd (347)
[2019.10.02-23.34.53:714][918]LogModuleManager: Shutting down and abandoning module DatasmithContentEditor (342)
[2019.10.02-23.34.53:714][918]LogModuleManager: Shutting down and abandoning module DatasmithContent (340)
[2019.10.02-23.34.53:714][918]LogModuleManager: Shutting down and abandoning module SpeedTreeImporter (338)
[2019.10.02-23.34.53:714][918]LogModuleManager: Shutting down and abandoning module PluginBrowser (336)
[2019.10.02-23.34.53:714][918]LogModuleManager: Shutting down and abandoning module MobileLauncherProfileWizard (334)
[2019.10.02-23.34.53:714][918]LogModuleManager: Shutting down and abandoning module PolygonModeling (332)
[2019.10.02-23.34.53:714][918]LogModuleManager: Shutting down and abandoning module MeshEditor (330)
[2019.10.02-23.34.53:714][918]LogModuleManager: Shutting down and abandoning module CryptoKeysOpenSSL (328)
[2019.10.02-23.34.53:714][918]LogModuleManager: Shutting down and abandoning module CryptoKeys (326)
[2019.10.02-23.34.53:714][918]LogModuleManager: Shutting down and abandoning module VisualStudioSourceCodeAccess (324)
[2019.10.02-23.34.53:714][918]LogModuleManager: Shutting down and abandoning module VisualStudioCodeSourceCodeAccess (322)
[2019.10.02-23.34.53:714][918]LogModuleManager: Shutting down and abandoning module UObjectPlugin (320)
[2019.10.02-23.34.53:714][918]LogModuleManager: Shutting down and abandoning module SubversionSourceControl (318)
[2019.10.02-23.34.53:715][918]LogModuleManager: Shutting down and abandoning module PerforceSourceControl (316)
[2019.10.02-23.34.53:715][918]LogModuleManager: Shutting down and abandoning module GitSourceControl (314)
[2019.10.02-23.34.53:715][918]LogModuleManager: Shutting down and abandoning module SourceControl (313)
[2019.10.02-23.34.53:715][918]LogModuleManager: Shutting down and abandoning module CLionSourceCodeAccess (310)
[2019.10.02-23.34.53:715][918]LogModuleManager: Shutting down and abandoning module LightPropagationVolumeEditor (308)
[2019.10.02-23.34.53:715][918]LogModuleManager: Shutting down and abandoning module PaperTiledImporter (306)
[2019.10.02-23.34.53:715][918]LogModuleManager: Shutting down and abandoning module PaperSpriteSheetImporter (304)
[2019.10.02-23.34.53:715][918]LogModuleManager: Shutting down and abandoning module Paper2DEditor (302)
[2019.10.02-23.34.53:715][918]LogModuleManager: Shutting down and abandoning module MeshPaint (301)
[2019.10.02-23.34.53:715][918]LogModuleManager: Shutting down and abandoning module RuntimePhysXCooking (298)
[2019.10.02-23.34.53:715][918]LogModuleManager: Shutting down and abandoning module PhysXVehiclesEditor (296)
[2019.10.02-23.34.53:715][918]LogModuleManager: Shutting down and abandoning module PhysXVehicles (294)
[2019.10.02-23.34.53:715][918]LogModuleManager: Shutting down and abandoning module OculusEditor (292)
[2019.10.02-23.34.53:715][918]LogModuleManager: Shutting down and abandoning module LocationServicesBPLibrary (290)
[2019.10.02-23.34.53:715][918]LogModuleManager: Shutting down and abandoning module ImmediatePhysicsEditor (288)
[2019.10.02-23.34.53:715][918]LogModuleManager: Shutting down and abandoning module ImmediatePhysics (286)
[2019.10.02-23.34.53:715][918]LogModuleManager: Shutting down and abandoning module ActorSequence (284)
[2019.10.02-23.34.53:715][918]LogModuleManager: Shutting down and abandoning module UdpMessaging (282)
[2019.10.02-23.34.53:817][918]LogModuleManager: Shutting down and abandoning module TcpMessaging (280)
[2019.10.02-23.34.53:917][918]LogModuleManager: Shutting down and abandoning module MagicLeapAudio (278)
[2019.10.02-23.34.53:917][918]LogModuleManager: Shutting down and abandoning module GameplayTagsEditor (276)
[2019.10.02-23.34.53:917][918]LogModuleManager: Shutting down and abandoning module FacialAnimationEditor (274)
[2019.10.02-23.34.53:917][918]LogModuleManager: Shutting down and abandoning module FacialAnimation (272)
[2019.10.02-23.34.53:917][918]LogModuleManager: Shutting down and abandoning module DataValidation (270)
[2019.10.02-23.34.53:917][918]LogModuleManager: Shutting down and abandoning module AssetManagerEditor (268)
[2019.10.02-23.34.53:917][918]LogModuleManager: Shutting down and abandoning module LevelEditor (267)
[2019.10.02-23.34.53:917][918]LogModuleManager: Shutting down and abandoning module PixelInspectorModule (266)
[2019.10.02-23.34.53:918][918]LogModuleManager: Shutting down and abandoning module CommonMenuExtensions (264)
[2019.10.02-23.34.53:918][918]LogModuleManager: Shutting down and abandoning module MainFrame (262)
[2019.10.02-23.34.53:918][918]LogModuleManager: Shutting down and abandoning module HotReload (261)
[2019.10.02-23.34.53:918][918]LogModuleManager: Shutting down and abandoning module ContentBrowser (257)
[2019.10.02-23.34.53:919][918]LogModuleManager: Shutting down and abandoning module TreeMap (255)
[2019.10.02-23.34.53:919][918]LogModuleManager: Shutting down and abandoning module LightPropagationVolumeRuntime (252)
[2019.10.02-23.34.53:919][918]LogModuleManager: Shutting down and abandoning module AISupportModule (250)
[2019.10.02-23.34.53:919][918]LogModuleManager: Shutting down and abandoning module Paper2D (248)
[2019.10.02-23.34.53:919][918]LogModuleManager: Shutting down and abandoning module WindowsMoviePlayer (246)
[2019.10.02-23.34.53:919][918]LogModuleManager: Shutting down and abandoning module WmfMedia (244)
[2019.10.02-23.34.53:921][918]LogModuleManager: Shutting down and abandoning module Media (243)
[2019.10.02-23.34.53:927][918]LogModuleManager: Shutting down and abandoning module PacketHandler (240)
[2019.10.02-23.34.53:927][918]LogModuleManager: Shutting down and abandoning module ClothingSystemEditor (238)
[2019.10.02-23.34.53:927][918]LogModuleManager: Shutting down and abandoning module ClothingSystemRuntime (236)
[2019.10.02-23.34.53:927][918]LogModuleManager: Shutting down and abandoning module MediaAssets (234)
[2019.10.02-23.34.53:927][918]LogModuleManager: Shutting down and abandoning module Overlay (232)
[2019.10.02-23.34.53:927][918]LogModuleManager: Shutting down and abandoning module OverlayEditor (231)
[2019.10.02-23.34.53:927][918]LogModuleManager: Shutting down and abandoning module VREditor (228)
[2019.10.02-23.34.53:927][918]LogModuleManager: Shutting down and abandoning module StringTableEditor (226)
[2019.10.02-23.34.53:927][918]LogModuleManager: Shutting down and abandoning module GameplayTasksEditor (224)
[2019.10.02-23.34.53:927][918]LogModuleManager: Shutting down and abandoning module BehaviorTreeEditor (222)
[2019.10.02-23.34.53:927][918]LogModuleManager: Shutting down and abandoning module FunctionalTesting (220)
[2019.10.02-23.34.53:927][918]LogModuleManager: Shutting down and abandoning module CollisionAnalyzer (218)
[2019.10.02-23.34.53:927][918]LogModuleManager: Shutting down and abandoning module WorkspaceMenuStructure (217)
[2019.10.02-23.34.53:927][918]LogModuleManager: Shutting down and abandoning module UMG (214)
[2019.10.02-23.34.53:927][918]LogModuleManager: Shutting down and abandoning module UMGEditor (213)
[2019.10.02-23.34.53:927][918]LogModuleManager: Shutting down and abandoning module Sequencer (212)
[2019.10.02-23.34.53:927][918]LogModuleManager: Shutting down and abandoning module MessageLog (209)
[2019.10.02-23.34.53:927][918]LogModuleManager: Shutting down and abandoning module SlateReflector (204)
[2019.10.02-23.34.53:928][918]LogModuleManager: Shutting down and abandoning module Slate (202)
[2019.10.02-23.34.53:928][918]LogModuleManager: Shutting down and abandoning module EditorStyle (200)
[2019.10.02-23.34.53:929][918]LogModuleManager: Shutting down and abandoning module MRMesh (198)
[2019.10.02-23.34.53:929][918]LogModuleManager: Shutting down and abandoning module SourceCodeAccess (196)
[2019.10.02-23.34.53:929][918]LogModuleManager: Shutting down and abandoning module HeadMountedDisplay (194)
[2019.10.02-23.34.53:929][918]LogModuleManager: Shutting down and abandoning module XAudio2 (192)
[2019.10.02-23.34.53:929][918]LogModuleManager: Shutting down and abandoning module Networking (190)
[2019.10.02-23.34.53:929][918]LogModuleManager: Shutting down and abandoning module Core (188)
[2019.10.02-23.34.53:929][918]LogModuleManager: Shutting down and abandoning module LevelSequence (186)
[2019.10.02-23.34.53:929][918]LogModuleManager: Shutting down and abandoning module KismetCompiler (184)
[2019.10.02-23.34.53:929][918]LogModuleManager: Shutting down and abandoning module MeshUtilities (182)
[2019.10.02-23.34.53:929][918]LogModuleManager: Shutting down and abandoning module MeshMergeUtilities (181)
[2019.10.02-23.34.53:929][918]LogModuleManager: Shutting down and abandoning module MeshReductionInterface (180)
[2019.10.02-23.34.53:929][918]LogModuleManager: Shutting down and abandoning module SimplygonSwarm (179)
[2019.10.02-23.34.53:929][918]LogModuleManager: Shutting down and abandoning module ProxyLODMeshReduction (177)
[2019.10.02-23.34.53:929][918]LogModuleManager: Shutting down and abandoning module SimplygonMeshReduction (175)
[2019.10.02-23.34.53:929][918]LogModuleManager: Shutting down and abandoning module QuadricMeshReduction (173)
[2019.10.02-23.34.53:929][918]LogModuleManager: Shutting down and abandoning module MaterialBaking (169)
[2019.10.02-23.34.53:929][918]LogModuleManager: Shutting down and abandoning module DirectoryWatcher (165)
[2019.10.02-23.34.53:929][918]LogModuleManager: Shutting down and abandoning module DerivedDataCache (162)
[2019.10.02-23.34.53:952][918]LogDerivedDataCache: Shutdown
[2019.10.02-23.34.53:952][918]LogModuleManager: Shutting down and abandoning module XGEController (160)
[2019.10.02-23.34.53:952][918]LogModuleManager: Shutting down and abandoning module TargetPlatform (158)
[2019.10.02-23.34.53:952][918]LogModuleManager: Shutting down and abandoning module VulkanShaderFormat (157)
[2019.10.02-23.34.53:952][918]LogModuleManager: Shutting down and abandoning module ShaderFormatVectorVM (155)
[2019.10.02-23.34.53:952][918]LogModuleManager: Shutting down and abandoning module ShaderFormatOpenGL (153)
[2019.10.02-23.34.53:952][918]LogModuleManager: Shutting down and abandoning module ShaderFormatD3D (151)
[2019.10.02-23.34.53:952][918]LogModuleManager: Shutting down and abandoning module MetalShaderFormat (149)
[2019.10.02-23.34.53:952][918]LogModuleManager: Shutting down and abandoning module TextureFormatUncompressed (147)
[2019.10.02-23.34.53:952][918]LogModuleManager: Shutting down and abandoning module TextureFormatPVR (145)
[2019.10.02-23.34.53:952][918]LogModuleManager: Shutting down and abandoning module TextureFormatDXT (143)
[2019.10.02-23.34.53:952][918]LogModuleManager: Shutting down and abandoning module TextureFormatIntelISPCTexComp (141)
[2019.10.02-23.34.53:952][918]LogModuleManager: Shutting down and abandoning module TextureFormatASTC (139)
[2019.10.02-23.34.53:953][918]LogModuleManager: Shutting down and abandoning module ImageWrapper (138)
[2019.10.02-23.34.53:953][918]LogModuleManager: Shutting down and abandoning module TextureFormatAndroid (135)
[2019.10.02-23.34.53:953][918]LogModuleManager: Shutting down and abandoning module AudioFormatOpus (133)
[2019.10.02-23.34.53:953][918]LogModuleManager: Shutting down and abandoning module AudioFormatOgg (131)
[2019.10.02-23.34.53:953][918]LogModuleManager: Shutting down and abandoning module AudioFormatADPCM (129)
[2019.10.02-23.34.53:953][918]LogModuleManager: Shutting down and abandoning module LuminTargetPlatform (127)
[2019.10.02-23.34.53:953][918]LogModuleManager: Shutting down and abandoning module LinuxTargetPlatform (125)
[2019.10.02-23.34.53:953][918]LogModuleManager: Shutting down and abandoning module LinuxServerTargetPlatform (123)
[2019.10.02-23.34.53:953][918]LogModuleManager: Shutting down and abandoning module LinuxNoEditorTargetPlatform (121)
[2019.10.02-23.34.53:953][918]LogModuleManager: Shutting down and abandoning module LinuxClientTargetPlatform (119)
[2019.10.02-23.34.53:953][918]LogModuleManager: Shutting down and abandoning module TVOSTargetPlatform (117)
[2019.10.02-23.34.53:953][918]LogModuleManager: Shutting down and abandoning module Messaging (115)
[2019.10.02-23.34.53:953][918]LogModuleManager: Shutting down and abandoning module IOSTargetPlatform (113)
[2019.10.02-23.34.53:954][918]LogModuleManager: Shutting down and abandoning module HTML5TargetPlatform (111)
[2019.10.02-23.34.53:954][918]LogModuleManager: Shutting down and abandoning module AndroidTargetPlatform (109)
[2019.10.02-23.34.53:959][918]LogModuleManager: Shutting down and abandoning module WindowsTargetPlatform (107)
[2019.10.02-23.34.53:959][918]LogModuleManager: Shutting down and abandoning module WindowsServerTargetPlatform (105)
[2019.10.02-23.34.53:959][918]LogModuleManager: Shutting down and abandoning module WindowsNoEditorTargetPlatform (103)
[2019.10.02-23.34.53:959][918]LogModuleManager: Shutting down and abandoning module WindowsClientTargetPlatform (101)
[2019.10.02-23.34.53:959][918]LogModuleManager: Shutting down and abandoning module MacTargetPlatform (99)
[2019.10.02-23.34.53:959][918]LogModuleManager: Shutting down and abandoning module MacServerTargetPlatform (97)
[2019.10.02-23.34.53:959][918]LogModuleManager: Shutting down and abandoning module MacNoEditorTargetPlatform (95)
[2019.10.02-23.34.53:959][918]LogModuleManager: Shutting down and abandoning module MacClientTargetPlatform (93)
[2019.10.02-23.34.53:959][918]LogModuleManager: Shutting down and abandoning module AllDesktopTargetPlatform (91)
[2019.10.02-23.34.53:960][918]LogModuleManager: Shutting down and abandoning module InputCore (88)
[2019.10.02-23.34.53:960][918]LogModuleManager: Shutting down and abandoning module Settings (86)
[2019.10.02-23.34.53:960][918]LogModuleManager: Shutting down and abandoning module PhysXCooking (84)
[2019.10.02-23.34.53:960][918]LogModuleManager: Shutting down and abandoning module SteamVR (82)
[2019.10.02-23.34.53:960][918]LogModuleManager: Shutting down and abandoning module OculusHMD (80)
[2019.10.02-23.34.53:960][918]LogModuleManager: Shutting down and abandoning module ExampleDeviceProfileSelector (78)
[2019.10.02-23.34.53:960][918]LogModuleManager: Shutting down and abandoning module LauncherChunkInstaller (76)
[2019.10.02-23.34.53:960][918]LogModuleManager: Shutting down and abandoning module OnlineBlueprintSupport (74)
[2019.10.02-23.34.53:960][918]LogModuleManager: Shutting down and abandoning module OnlineSubsystem (70)
[2019.10.02-23.34.53:961][918]LogModuleManager: Shutting down and abandoning module XMPP (65)
[2019.10.02-23.34.53:961][918]LogModuleManager: Shutting down and abandoning module WebSockets (64)
[2019.10.02-23.34.53:972][918]LogModuleManager: Shutting down and abandoning module HTTP (61)
[2019.10.02-23.34.53:972][918]LogHttp: Display: Http module shutting down, but needs to wait on 1 outstanding Http requests:
[2019.10.02-23.34.53:972][918]LogHttp: Display: 	verb=[POST] url=[https://datarouter.ol.epicgames.com/datarouter/api/v1/public/data?SessionID=%7BA748E288-4797-4D3B-EE4A-4097BFC556C4%7D&AppID=UEEditor.Rocket.Release&AppVersion=4.20.3-4369336%2B%2B%2BUE4%2BRelease-4.20&UserID=5fd3084d452e0c906384cc985dd14919%7C%7Cfe46fbdf-cd3f-44b9-ada0-3a4568aedb0e&AppEnvironment=datacollector-binary&UploadType=eteventstream] status=Processing
[2019.10.02-23.34.54:003][918]LogModuleManager: Shutting down and abandoning module SSL (60)
[2019.10.02-23.34.54:004][918]LogModuleManager: Shutting down and abandoning module MagicLeapEmulator (56)
[2019.10.02-23.34.54:004][918]LogModuleManager: Shutting down and abandoning module MagicLeapPrivileges (54)
[2019.10.02-23.34.54:004][918]LogModuleManager: Shutting down and abandoning module MagicLeapIdentity (52)
[2019.10.02-23.34.54:004][918]LogModuleManager: Shutting down and abandoning module MagicLeapHelperVulkan (50)
[2019.10.02-23.34.54:004][918]LogModuleManager: Shutting down and abandoning module MagicLeapHelperOpenGL (48)
[2019.10.02-23.34.54:004][918]LogModuleManager: Shutting down and abandoning module MagicLeapSecureStorage (46)
[2019.10.02-23.34.54:004][918]LogModuleManager: Shutting down and abandoning module MagicLeapGestures (44)
[2019.10.02-23.34.54:005][918]LogModuleManager: Shutting down and abandoning module MagicLeapEyeTracker (42)
[2019.10.02-23.34.54:005][918]LogModuleManager: Shutting down and abandoning module MagicLeapController (40)
[2019.10.02-23.34.54:005][918]LogSlate: Slate User Destroyed.  User Index 0, Is Virtual User: 0
[2019.10.02-23.34.54:005][918]LogModuleManager: Shutting down and abandoning module MagicLeap (38)
[2019.10.02-23.34.54:005][918]LogModuleManager: Shutting down and abandoning module AnimationModifiers (36)
[2019.10.02-23.34.54:005][918]LogModuleManager: Shutting down and abandoning module PropertyEditor (35)
[2019.10.02-23.34.54:005][918]LogModuleManager: Shutting down and abandoning module AudioEditor (32)
[2019.10.02-23.34.54:005][918]LogModuleManager: Shutting down and abandoning module TextureCompressor (30)
[2019.10.02-23.34.54:005][918]LogModuleManager: Shutting down and abandoning module ShaderCore (28)
[2019.10.02-23.34.54:005][918]LogModuleManager: Shutting down and abandoning module Landscape (26)
[2019.10.02-23.34.54:005][918]LogModuleManager: Shutting down and abandoning module SlateRHIRenderer (24)
[2019.10.02-23.34.54:005][918]LogModuleManager: Shutting down and abandoning module OpenGLDrv (22)
[2019.10.02-23.34.54:006][918]LogModuleManager: Shutting down and abandoning module D3D11RHI (20)
[2019.10.02-23.34.54:006][918]LogModuleManager: Shutting down and abandoning module AnimGraphRuntime (18)
[2019.10.02-23.34.54:006][918]LogModuleManager: Shutting down and abandoning module Renderer (16)
[2019.10.02-23.34.54:006][918]LogModuleManager: Shutting down and abandoning module Engine (14)
[2019.10.02-23.34.54:006][918]LogModuleManager: Shutting down and abandoning module CoreUObject (12)
[2019.10.02-23.34.54:006][918]LogModuleManager: Shutting down and abandoning module NetworkFile (10)
[2019.10.02-23.34.54:006][918]LogModuleManager: Shutting down and abandoning module CookedIterativeFile (8)
[2019.10.02-23.34.54:006][918]LogModuleManager: Shutting down and abandoning module StreamingFile (6)
[2019.10.02-23.34.54:006][918]LogModuleManager: Shutting down and abandoning module SandboxFile (4)
[2019.10.02-23.34.54:006][918]LogModuleManager: Shutting down and abandoning module PakFile (2)
[2019.10.02-23.34.54:012][918]LogExit: Exiting.
[2019.10.02-23.34.54:035][918]Log file closed, 10/03/19 09:34:54
