Log file open, 10/03/19 16:54:11
LogWindows: Failed to load 'aqProf.dll' (GetLastError=126)
LogWindows: File 'aqProf.dll' does not exist
LogWindows: Failed to load 'VSPerf140.dll' (GetLastError=126)
LogWindows: File 'VSPerf140.dll' does not exist
LogWindows: Failed to load 'VtuneApi.dll' (GetLastError=126)
LogWindows: File 'VtuneApi.dll' does not exist
LogWindows: Failed to load 'VtuneApi32e.dll' (GetLastError=126)
LogWindows: File 'VtuneApi32e.dll' does not exist
LogInit: Display: Running engine for game: Platformer1
LogPlatformFile: Not using cached read wrapper
LogTaskGraph: Started task graph with 5 named threads and 23 total threads with 3 sets of task threads.
LogStats: Stats thread started at 0.282156
LogD3D11RHI: Loaded GFSDK_Aftermath_Lib.x64.dll
LogICUInternationalization: Display: ICU TimeZone Detection - Raw Offset: +10:00, Platform Override: ''
LogPluginManager: Mounting plugin Paper2D
LogPluginManager: Mounting plugin AISupport
LogPluginManager: Mounting plugin LightPropagationVolume
LogPluginManager: Mounting plugin CLionSourceCodeAccess
LogPluginManager: Mounting plugin CodeLiteSourceCodeAccess
LogPluginManager: Mounting plugin GitSourceControl
LogPluginManager: Mounting plugin KDevelopSourceCodeAccess
LogPluginManager: Mounting plugin NullSourceCodeAccess
LogPluginManager: Mounting plugin PerforceSourceControl
LogPluginManager: Mounting plugin SubversionSourceControl
LogPluginManager: Mounting plugin UObjectPlugin
LogPluginManager: Mounting plugin VisualStudioCodeSourceCodeAccess
LogPluginManager: Mounting plugin VisualStudioSourceCodeAccess
LogPluginManager: Mounting plugin XCodeSourceCodeAccess
LogPluginManager: Mounting plugin AssetManagerEditor
LogPluginManager: Mounting plugin CryptoKeys
LogPluginManager: Mounting plugin DataValidation
LogPluginManager: Mounting plugin FacialAnimation
LogPluginManager: Mounting plugin GameplayTagsEditor
LogPluginManager: Mounting plugin MacGraphicsSwitching
LogPluginManager: Mounting plugin MeshEditor
LogPluginManager: Mounting plugin MobileLauncherProfileWizard
LogPluginManager: Mounting plugin PluginBrowser
LogPluginManager: Mounting plugin SpeedTreeImporter
LogPluginManager: Mounting plugin DatasmithContent
LogPluginManager: Mounting plugin AlembicImporter
LogPluginManager: Mounting plugin AppleImageUtils
LogPluginManager: Mounting plugin AppleVision
LogPluginManager: Mounting plugin BackChannel
LogPluginManager: Mounting plugin CharacterAI
LogPluginManager: Mounting plugin GeometryCache
LogPluginManager: Mounting plugin HTML5Networking
LogPluginManager: Mounting plugin ProxyLODPlugin
LogPluginManager: Mounting plugin MagicLeap
LogPluginManager: Mounting plugin MagicLeapEmulator
LogPluginManager: Mounting plugin MagicLeapMedia
LogPluginManager: Mounting plugin AndroidMedia
LogPluginManager: Mounting plugin AvfMedia
LogPluginManager: Mounting plugin ImgMedia
LogPluginManager: Mounting plugin LinearTimecode
LogPluginManager: Mounting plugin MediaCompositing
LogPluginManager: Mounting plugin MediaPlayerEditor
LogPluginManager: Mounting plugin WmfMedia
LogPluginManager: Mounting plugin TcpMessaging
LogPluginManager: Mounting plugin UdpMessaging
LogPluginManager: Mounting plugin ActorSequence
LogPluginManager: Mounting plugin LevelSequenceEditor
LogPluginManager: Mounting plugin MatineeToLevelSequence
LogPluginManager: Mounting plugin NetcodeUnitTest
LogPluginManager: Mounting plugin NUTUnrealEngine4
LogPluginManager: Mounting plugin OnlineSubsystemGooglePlay
LogPluginManager: Mounting plugin OnlineSubsystemIOS
LogPluginManager: Mounting plugin OnlineSubsystem
LogPluginManager: Mounting plugin OnlineSubsystemNull
LogPluginManager: Mounting plugin OnlineSubsystemUtils
LogPluginManager: Mounting plugin LauncherChunkInstaller
LogPluginManager: Mounting plugin AndroidDeviceProfileSelector
LogPluginManager: Mounting plugin AndroidMoviePlayer
LogPluginManager: Mounting plugin AndroidPermission
LogPluginManager: Mounting plugin AppleMoviePlayer
LogPluginManager: Mounting plugin ArchVisCharacter
LogPluginManager: Mounting plugin AudioCapture
LogPluginManager: Mounting plugin CableComponent
LogPluginManager: Mounting plugin CustomMeshComponent
LogPluginManager: Mounting plugin EditableMesh
LogPluginManager: Mounting plugin ExampleDeviceProfileSelector
LogPluginManager: Mounting plugin GoogleCloudMessaging
LogPluginManager: Mounting plugin ImmediatePhysics
LogPluginManager: Mounting plugin IOSDeviceProfileSelector
LogPluginManager: Mounting plugin LinuxDeviceProfileSelector
LogPluginManager: Mounting plugin LocationServicesBPLibrary
LogPluginManager: Mounting plugin MobilePatchingUtils
LogPluginManager: Mounting plugin OculusVR
LogPluginManager: Plugin shader directory ../../../Engine/Plugins/Runtime/Oculus/OculusVR/Shaders found
LogPluginManager: Mapping shader source directory ../../../Engine/Plugins/Runtime/Oculus/OculusVR/Shaders to virtual directory /Plugin/OculusVR
LogPluginManager: Mounting plugin PhysXVehicles
LogPluginManager: Mounting plugin ProceduralMeshComponent
LogPluginManager: Mounting plugin RuntimePhysXCooking
LogPluginManager: Mounting plugin SteamVR
LogPluginManager: Mounting plugin WindowsMoviePlayer
LogStreaming: Display: Took  0.108s to configure plugins.
LogInit: Using libcurl 7.55.1-DEV
LogInit:  - built for x86_64-pc-win32
LogInit:  - supports SSL with OpenSSL/1.0.2h
LogInit:  - supports HTTP deflate (compression) using libz 1.2.8
LogInit:  - other features:
LogInit:      CURL_VERSION_SSL
LogInit:      CURL_VERSION_LIBZ
LogInit:      CURL_VERSION_IPV6
LogInit:      CURL_VERSION_ASYNCHDNS
LogInit:      CURL_VERSION_LARGEFILE
LogInit:      CURL_VERSION_IDN
LogInit:  CurlRequestOptions (configurable via config and command line):
LogInit:  - bVerifyPeer = false  - Libcurl will NOT verify peer certificate
LogInit:  - bUseHttpProxy = false  - Libcurl will NOT use HTTP proxy
LogInit:  - bDontReuseConnections = false  - Libcurl will reuse connections
LogInit:  - CertBundlePath = nullptr  - Libcurl will use whatever was configured at build time.
LogInit:  - MaxHostConnections = 16  - Libcurl will limit the number of connections to a host
LogInit:  - LocalHostAddr = Default
LogInit:  - BufferSize = 65536
LogInit: WinSock: version 1.1 (2.2), MaxSocks=32767, MaxUdp=65467
LogInit: Build: ++UE4+Release-4.20-CL-4369336
LogInit: Engine Version: 4.20.3-4369336+++UE4+Release-4.20
LogInit: Compatible Engine Version: 4.20.0-4212847+++UE4+Release-4.20
LogInit: Net CL: 4212847
LogInit: OS: Windows 10 (), CPU:         Intel(R) Core(TM) i7-3770 CPU @ 3.40GHz, GPU: NVIDIA GeForce GTX 660 Ti
LogInit: Compiled (64-bit): Sep 17 2018 12:26:19
LogInit: Compiled with Visual C++: 19.13.26129.00
LogInit: Build Configuration: Development
LogInit: Branch Name: ++UE4+Release-4.20
LogInit: Command Line: 
LogInit: Base Directory: C:/Program Files/Epic Games/UE_4.20/Engine/Binaries/Win64/
LogInit: Installed Engine Build: 1
LogDevObjectVersion: Number of dev versions registered: 20
LogDevObjectVersion:   Dev-Blueprints (B0D832E4-1F89-4F0D-ACCF-7EB736FD4AA2): 10
LogDevObjectVersion:   Dev-Build (E1C64328-A22C-4D53-A36C-8E866417BD8C): 0
LogDevObjectVersion:   Dev-Core (375EC13C-06E4-48FB-B500-84F0262A717E): 2
LogDevObjectVersion:   Dev-Editor (E4B068ED-F494-42E9-A231-DA0B2E46BB41): 24
LogDevObjectVersion:   Dev-Framework (CFFC743F-43B0-4480-9391-14DF171D2073): 34
LogDevObjectVersion:   Dev-Mobile (B02B49B5-BB20-44E9-A304-32B752E40360): 2
LogDevObjectVersion:   Dev-Networking (A4E4105C-59A1-49B5-A7C5-40C4547EDFEE): 0
LogDevObjectVersion:   Dev-Online (39C831C9-5AE6-47DC-9A44-9C173E1C8E7C): 0
LogDevObjectVersion:   Dev-Physics (78F01B33-EBEA-4F98-B9B4-84EACCB95AA2): 0
LogDevObjectVersion:   Dev-Platform (6631380F-2D4D-43E0-8009-CF276956A95A): 0
LogDevObjectVersion:   Dev-Rendering (12F88B9F-8875-4AFC-A67C-D90C383ABD29): 26
LogDevObjectVersion:   Dev-Sequencer (7B5AE74C-D270-4C10-A958-57980B212A5A): 9
LogDevObjectVersion:   Dev-VR (D7296918-1DD6-4BDD-9DE2-64A83CC13884): 2
LogDevObjectVersion:   Dev-LoadTimes (C2A15278-BFE7-4AFE-6C17-90FF531DF755): 1
LogDevObjectVersion:   Private-Geometry (6EACA3D4-40EC-4CC1-B786-8BED09428FC5): 3
LogDevObjectVersion:   Dev-AnimPhys (29E575DD-E0A3-4627-9D10-D276232CDCEA): 17
LogDevObjectVersion:   Dev-ReflectionCapture (6B266CEC-1EC7-4B8F-A30B-E4D90942FC07): 1
LogDevObjectVersion:   Dev-Automation (0DF73D61-A23F-47EA-B727-89E90C41499A): 1
LogDevObjectVersion:   FortniteMain (601D1886-AC64-4F84-AA16-D3DE0DEAC7D6): 12
LogDevObjectVersion:   Dev-Enterprise (9DFFBCD6-494F-0158-E221-12823C92A888): 1
LogStreaming: Display: Took  0.003s to delete old logs.
LogInit: Presizing for max 8388607 objects, including 0 objects not considered by GC, pre-allocating 0 bytes for permanent pool.
LogInit: Object subsystem initialized
[2019.10.03-06.54.12:249][  0]LogInit: Selected Device Profile: [Windows]
[2019.10.03-06.54.12:249][  0]LogInit: Applying CVar settings loaded from the selected device profile: [Windows]
[2019.10.03-06.54.12:265][  0]LogHAL: Display: Platform has ~ 16 GB [17139372032 / 17179869184 / 16], which maps to Larger [LargestMinGB=32, LargerMinGB=12, DefaultMinGB=8, SmallerMinGB=6, SmallestMinGB=0)
[2019.10.03-06.54.12:265][  0]LogInit: Setting Device Profile CVar: [[r.Vulkan.UseRealUBs:1]]
[2019.10.03-06.54.12:265][  0]LogInit: Going up to parent DeviceProfile []
[2019.10.03-06.54.12:265][  0]LogInit: Computer: SYD-D32E9F
[2019.10.03-06.54.12:265][  0]LogInit: User: s192119
[2019.10.03-06.54.12:265][  0]LogInit: CPU Page size=4096, Cores=4
[2019.10.03-06.54.12:265][  0]LogInit: High frequency timer resolution =3.323577 MHz
[2019.10.03-06.54.12:266][  0]LogMemory: Memory total: Physical=16.0GB (16GB approx)
[2019.10.03-06.54.12:266][  0]LogMemory: Platform Memory Stats for Windows
[2019.10.03-06.54.12:266][  0]LogMemory: Process Physical Memory: 100.92 MB used, 100.92 MB peak
[2019.10.03-06.54.12:266][  0]LogMemory: Process Virtual Memory: 89.48 MB used, 89.48 MB peak
[2019.10.03-06.54.12:266][  0]LogMemory: Physical Memory: 3455.02 MB used,  12890.36 MB free, 16345.38 MB total
[2019.10.03-06.54.12:266][  0]LogMemory: Virtual Memory: 4638.47 MB used,  12890.36 MB free, 134217728.00 MB total
[2019.10.03-06.54.12:282][  0]LogInit: Using OS detected language (en-US).
[2019.10.03-06.54.12:282][  0]LogInit: Using OS detected locale (en-US).
[2019.10.03-06.54.12:283][  0]LogTextLocalizationManager: No specific localization for 'en-US' exists, so the 'en' localization will be used.
[2019.10.03-06.54.12:670][  0]LogStreaming: Display: Took  0.388s to InitEngineTextLocalization.
[2019.10.03-06.54.12:670][  0]LogInit: Setting process to per monitor DPI aware
[2019.10.03-06.54.12:710][  0]LogSlate: New Slate User Created.  User Index 0, Is Virtual User: 0
[2019.10.03-06.54.12:710][  0]LogSlate: Slate User Registered.  User Index 0, Is Virtual User: 0
[2019.10.03-06.54.12:904][  0]LogHMD: Failed to initialize OpenVR with code 110
[2019.10.03-06.54.12:904][  0]LogD3D11RHI: D3D11 adapters:
[2019.10.03-06.54.12:967][  0]LogD3D11RHI:    0. 'NVIDIA GeForce GTX 660 Ti' (Feature Level 11_0)
[2019.10.03-06.54.12:967][  0]LogD3D11RHI:       1998/0/8172 MB DedicatedVideo/DedicatedSystem/SharedSystem, Outputs:2, VendorId:0x10de
[2019.10.03-06.54.12:969][  0]LogD3D11RHI:    1. 'Microsoft Basic Render Driver' (Feature Level 11_0)
[2019.10.03-06.54.12:969][  0]LogD3D11RHI:       0/0/8172 MB DedicatedVideo/DedicatedSystem/SharedSystem, Outputs:0, VendorId:0x1414
[2019.10.03-06.54.12:969][  0]LogD3D11RHI: Chosen D3D11 Adapter: 0
[2019.10.03-06.54.12:973][  0]LogD3D11RHI: Creating new Direct3DDevice
[2019.10.03-06.54.12:974][  0]LogD3D11RHI:     GPU DeviceId: 0x1183 (for the marketing name, search the web for "GPU Device Id")
[2019.10.03-06.54.12:974][  0]LogWindows: EnumDisplayDevices:
[2019.10.03-06.54.12:974][  0]LogWindows:    0. 'NVIDIA GeForce GTX 660 Ti' (P:1 D:1)
[2019.10.03-06.54.12:974][  0]LogWindows:    1. 'NVIDIA GeForce GTX 660 Ti' (P:0 D:1)
[2019.10.03-06.54.12:974][  0]LogWindows:    2. 'NVIDIA GeForce GTX 660 Ti' (P:0 D:0)
[2019.10.03-06.54.12:974][  0]LogWindows:    3. 'NVIDIA GeForce GTX 660 Ti' (P:0 D:0)
[2019.10.03-06.54.12:974][  0]LogWindows: DebugString: FoundDriverCount:4 
[2019.10.03-06.54.12:974][  0]LogD3D11RHI:     Adapter Name: NVIDIA GeForce GTX 660 Ti
[2019.10.03-06.54.12:974][  0]LogD3D11RHI:   Driver Version: 417.35 (internal:25.21.14.1735, unified:417.35)
[2019.10.03-06.54.12:974][  0]LogD3D11RHI:      Driver Date: 12-11-2018
[2019.10.03-06.54.12:975][  0]LogRHI: Texture pool is 1398 MB (70% of 1998 MB)
[2019.10.03-06.54.13:019][  0]LogD3D11RHI: Async texture creation enabled
[2019.10.03-06.54.13:036][  0]LogD3D11RHI: GPU Timing Frequency: 1000.000000 (Debug: 2 2)
[2019.10.03-06.54.13:038][  0]LogShaderCompilers: Guid format shader working directory is -22 characters bigger than the processId version (../../../../../../Users/s192119/Documents/GitHub/Project1/Platformer1/Intermediate/Shaders/WorkingDirectory/10896/).
[2019.10.03-06.54.13:038][  0]LogShaderCompilers: Cleaned the shader compiler working directory 'C:/Users/s192119/AppData/Local/Temp/UnrealShaderWorkingDir/3EF8AD324B87335923A4D088CC6E92FE/'.
[2019.10.03-06.54.13:277][  0]LogTemp: Display: Loaded TP AllDesktopTargetPlatform
[2019.10.03-06.54.13:290][  0]LogTemp: Display: Loaded TP MacClientTargetPlatform
[2019.10.03-06.54.13:303][  0]LogTemp: Display: Loaded TP MacNoEditorTargetPlatform
[2019.10.03-06.54.13:316][  0]LogTemp: Display: Loaded TP MacServerTargetPlatform
[2019.10.03-06.54.13:329][  0]LogTemp: Display: Loaded TP MacTargetPlatform
[2019.10.03-06.54.13:342][  0]LogTemp: Display: Loaded TP WindowsClientTargetPlatform
[2019.10.03-06.54.13:356][  0]LogTemp: Display: Loaded TP WindowsNoEditorTargetPlatform
[2019.10.03-06.54.13:369][  0]LogTemp: Display: Loaded TP WindowsServerTargetPlatform
[2019.10.03-06.54.13:375][  0]LogTemp: Display: Loaded TP WindowsTargetPlatform
[2019.10.03-06.54.13:452][  0]LogTemp: Display: Loaded TP AndroidTargetPlatform
[2019.10.03-06.54.13:452][  0]LogTemp: Display: Loaded TP AndroidTargetPlatform
[2019.10.03-06.54.13:452][  0]LogTemp: Display: Loaded TP AndroidTargetPlatform
[2019.10.03-06.54.13:452][  0]LogTemp: Display: Loaded TP AndroidTargetPlatform
[2019.10.03-06.54.13:452][  0]LogTemp: Display: Loaded TP AndroidTargetPlatform
[2019.10.03-06.54.13:452][  0]LogTemp: Display: Loaded TP AndroidTargetPlatform
[2019.10.03-06.54.13:452][  0]LogTemp: Display: Loaded TP AndroidTargetPlatform
[2019.10.03-06.54.13:452][  0]LogTemp: Display: Loaded TP AndroidTargetPlatform
[2019.10.03-06.54.13:452][  0]LogTemp: Display: Loaded TP AndroidTargetPlatform
[2019.10.03-06.54.13:452][  0]LogTemp: Display: Loaded TP AndroidTargetPlatform
[2019.10.03-06.54.13:452][  0]LogTemp: Display: Loaded TP AndroidTargetPlatform
[2019.10.03-06.54.13:452][  0]LogTemp: Display: Loaded TP AndroidTargetPlatform
[2019.10.03-06.54.13:452][  0]LogTemp: Display: Loaded TP AndroidTargetPlatform
[2019.10.03-06.54.13:452][  0]LogTemp: Display: Loaded TP AndroidTargetPlatform
[2019.10.03-06.54.13:452][  0]LogTemp: Display: Loaded TP AndroidTargetPlatform
[2019.10.03-06.54.13:452][  0]LogTemp: Display: Loaded TP AndroidTargetPlatform
[2019.10.03-06.54.13:452][  0]LogTemp: Display: Loaded TP AndroidTargetPlatform
[2019.10.03-06.54.13:452][  0]LogTemp: Display: Loaded TP AndroidTargetPlatform
[2019.10.03-06.54.13:453][  0]LogTemp: Display: Loaded TP HTML5TargetPlatform
[2019.10.03-06.54.13:514][  0]LogTemp: Display: Loaded TP IOSTargetPlatform
[2019.10.03-06.54.13:514][  0]LogTemp: Display: Loaded TP IOSTargetPlatform
[2019.10.03-06.54.13:538][  0]LogTemp: Display: Loaded TP TVOSTargetPlatform
[2019.10.03-06.54.13:538][  0]LogTemp: Display: Loaded TP TVOSTargetPlatform
[2019.10.03-06.54.13:550][  0]LogTemp: Display: Loaded TP LinuxClientTargetPlatform
[2019.10.03-06.54.13:563][  0]LogTemp: Display: Loaded TP LinuxNoEditorTargetPlatform
[2019.10.03-06.54.13:575][  0]LogTemp: Display: Loaded TP LinuxServerTargetPlatform
[2019.10.03-06.54.13:588][  0]LogTemp: Display: Loaded TP LinuxTargetPlatform
[2019.10.03-06.54.13:597][  0]LogTemp: Display: Loaded TP LuminTargetPlatform
[2019.10.03-06.54.13:597][  0]LogTargetPlatformManager: Display: Building Assets For Windows
[2019.10.03-06.54.13:648][  0]LogXGEController: Cannot use XGE Controller as Incredibuild is not installed on this machine.
[2019.10.03-06.54.13:648][  0]LogShaderCompilers: Cannot use XGE Shader Compiler as Incredibuild is not installed on this machine.
[2019.10.03-06.54.13:648][  0]LogShaderCompilers: Display: Using Local Shader Compiler.
[2019.10.03-06.54.14:410][  0]LogDerivedDataCache: Display: Max Cache Size: 512 MB
[2019.10.03-06.54.14:473][  0]LogDerivedDataCache: Loaded boot cache 0.06s 71MB C:/Users/s192119/AppData/Local/UnrealEngine/4.20/DerivedDataCache/Boot.ddc.
[2019.10.03-06.54.14:474][  0]LogDerivedDataCache: Display: Loaded Boot cache: C:/Users/s192119/AppData/Local/UnrealEngine/4.20/DerivedDataCache/Boot.ddc
[2019.10.03-06.54.14:474][  0]LogDerivedDataCache: FDerivedDataBackendGraph:  Pak pak cache file ../../../../../../Users/s192119/Documents/GitHub/Project1/Platformer1/DerivedDataCache/DDC.ddp not found, will not use a pak cache.
[2019.10.03-06.54.14:474][  0]LogDerivedDataCache: Unable to find inner node Pak for hierarchical cache Hierarchy.
[2019.10.03-06.54.14:474][  0]LogDerivedDataCache: FDerivedDataBackendGraph:  CompressedPak pak cache file ../../../../../../Users/s192119/Documents/GitHub/Project1/Platformer1/DerivedDataCache/Compressed.ddp not found, will not use a pak cache.
[2019.10.03-06.54.14:474][  0]LogDerivedDataCache: Unable to find inner node CompressedPak for hierarchical cache Hierarchy.
[2019.10.03-06.54.14:486][  0]LogDerivedDataCache: Display: Pak cache opened for reading ../../../Engine/DerivedDataCache/Compressed.ddp.
[2019.10.03-06.54.14:499][  0]LogDerivedDataCache: Using Local data cache path C:/Users/s192119/AppData/Local/UnrealEngine/Common/DerivedDataCache: Writable
[2019.10.03-06.54.14:499][  0]LogDerivedDataCache: Shared data cache path not found in *engine.ini, will not use an Shared cache.
[2019.10.03-06.54.14:499][  0]LogDerivedDataCache: Unable to find inner node Shared for hierarchical cache Hierarchy.
[2019.10.03-06.54.14:520][  0]LogMaterial: Verifying Global Shaders for PCD3D_SM5
[2019.10.03-06.54.14:521][  0]LogSlate: Using FreeType 2.6.0
[2019.10.03-06.54.14:522][  0]LogSlate: SlateFontServices - WITH_FREETYPE: 1, WITH_HARFBUZZ: 1
[2019.10.03-06.54.14:594][  0]LogAssetRegistry: FAssetRegistry took 0.0265 seconds to start up
[2019.10.03-06.54.14:966][  0]LogInit: Selected Device Profile: [Windows]
[2019.10.03-06.54.15:097][  0]LogSimplygon: Simplygon DLL not present - disabling.
[2019.10.03-06.54.15:100][  0]LogMeshReduction: Using SimplygonSwarm for distributed automatic mesh merging
[2019.10.03-06.54.15:100][  0]LogMeshReduction: Using ProxyLODMeshReduction for automatic mesh merging
[2019.10.03-06.54.15:100][  0]LogMeshReduction: Using QuadricMeshReduction for automatic static mesh reduction
[2019.10.03-06.54.15:100][  0]LogMeshReduction: No automatic skeletal mesh reduction module available
[2019.10.03-06.54.15:116][  0]LogNetVersion: Platformer1 1.0.0, NetCL: 4212847, EngineNetVer: 5, GameNetVer: 0 (Checksum: 2788840230)
[2019.10.03-06.54.15:637][  0]LogPackageLocalizationCache: Processed 11 localized package path(s) for 2 prioritized culture(s) in 0.114147 seconds
[2019.10.03-06.54.15:643][  0]LogUObjectArray: 38425 objects as part of root set at end of initial load.
[2019.10.03-06.54.15:643][  0]LogUObjectAllocator: 6690864 out of 0 bytes used by permanent object pool.
[2019.10.03-06.54.15:643][  0]LogUObjectArray: CloseDisregardForGC: 0/0 objects in disregard for GC pool
[2019.10.03-06.54.16:453][  0]LogTcpMessaging: Initializing TcpMessaging bridge
[2019.10.03-06.54.16:465][  0]LogUdpMessaging: Initializing bridge on interface 0.0.0.0:0 to multicast group 230.0.0.1:6666.
[2019.10.03-06.54.16:609][  0]SourceControl: Source control is disabled
[2019.10.03-06.54.16:609][  0]SourceControl: Source control is disabled
[2019.10.03-06.54.16:610][  0]SourceControl: Source control is disabled
[2019.10.03-06.54.16:611][  0]SourceControl: Source control is disabled
[2019.10.03-06.54.16:777][  0]LogAndroidPermission: UAndroidPermissionCallbackProxy::GetInstance
[2019.10.03-06.54.16:814][  0]LogOcInput: OculusInput pre-init called
[2019.10.03-06.54.16:873][  0]LogEngine: Initializing Engine...
[2019.10.03-06.54.16:874][  0]LogHMD: Failed to initialize OpenVR with code 110
[2019.10.03-06.54.16:875][  0]LogStats: UGameplayTagsManager::ConstructGameplayTagTree: ImportINI prefixes -  0.000 s
[2019.10.03-06.54.16:875][  0]LogStats: UGameplayTagsManager::ConstructGameplayTagTree: Construct from data asset -  0.000 s
[2019.10.03-06.54.16:875][  0]LogStats: UGameplayTagsManager::ConstructGameplayTagTree: ImportINI -  0.000 s
[2019.10.03-06.54.16:875][  0]LogStats: UGameplayTagsManager::ConstructGameplayTagTree: GameplayTagTreeChangedEvent.Broadcast -  0.000 s
[2019.10.03-06.54.17:094][  0]LogInit: Initializing FReadOnlyCVARCache
[2019.10.03-06.54.17:108][  0]LogAIModule: Creating AISystem for world Untitled
[2019.10.03-06.54.17:117][  0]LogInit: XAudio2 using 'Digital Audio (S/PDIF) (2- High Definition Audio Device)' : 2 channels at 48 kHz using 16 bits per sample (channel mask 0x3)
[2019.10.03-06.54.17:137][  0]LogInit: FAudioDevice initialized.
[2019.10.03-06.54.17:137][  0]LogNetVersion: Set ProjectVersion to 1.0.0.0. Version Checksum will be recalculated on next use.
[2019.10.03-06.54.17:237][  0]LogDerivedDataCache: Saved boot cache 0.10s 71MB C:/Users/s192119/AppData/Local/UnrealEngine/4.20/DerivedDataCache/Boot.ddc.
[2019.10.03-06.54.17:251][  0]LogInit: Texture streaming: Enabled
[2019.10.03-06.54.17:266][  0]LogEngineSessionManager: EngineSessionManager initialized
[2019.10.03-06.54.17:277][  0]LogInit: Transaction tracking system initialized
[2019.10.03-06.54.17:295][  0]BlueprintLog: New page: Editor Load
[2019.10.03-06.54.17:359][  0]LocalizationService: Localization service is disabled
[2019.10.03-06.54.17:608][  0]LogCook: Display: Max memory allowance for cook 16384mb min free memory 0mb
[2019.10.03-06.54.17:608][  0]LogCook: Display: Mobile HDR setting 1
[2019.10.03-06.54.17:608][  0]LogGameplayTags: Display: UGameplayTagsManager::DoneAddingNativeTags. DelegateIsBound: 0
[2019.10.03-06.54.17:608][  0]LogStats: UGameplayTagsManager::ConstructGameplayTagTree: ImportINI prefixes -  0.000 s
[2019.10.03-06.54.17:608][  0]LogStats: UGameplayTagsManager::ConstructGameplayTagTree: Construct from data asset -  0.000 s
[2019.10.03-06.54.17:608][  0]LogStats: UGameplayTagsManager::ConstructGameplayTagTree: ImportINI -  0.000 s
[2019.10.03-06.54.17:608][  0]LogStats: UGameplayTagsManager::ConstructGameplayTagTree: GameplayTagTreeChangedEvent.Broadcast -  0.000 s
[2019.10.03-06.54.17:725][  0]LogFileCache: Scanning file cache for directory 'C:/Users/s192119/Documents/GitHub/Project1/Platformer1/Content/' took 0.01s
[2019.10.03-06.54.17:725][  0]SourceControl: Source control is disabled
[2019.10.03-06.54.17:725][  0]Cmd: MAP LOAD FILE="../../../../../../Users/s192119/Documents/GitHub/Project1/Platformer1/Content/_MyContent/Maps/Level_1.umap" TEMPLATE=0 SHOWPROGRESS=1 FEATURELEVEL=3
[2019.10.03-06.54.17:726][  0]LightingResults: New page: Lighting Build
[2019.10.03-06.54.17:728][  0]MapCheck: New page: Map Check
[2019.10.03-06.54.17:728][  0]LightingResults: New page: Lighting Build
[2019.10.03-06.54.18:330][  0]LogAIModule: Creating AISystem for world Level_1
[2019.10.03-06.54.18:352][  0]LogEditorServer: Finished looking for orphan Actors (0.000 secs)
[2019.10.03-06.54.18:372][  0]Cmd: MAP CHECKDEP NOCLEARLOG
[2019.10.03-06.54.18:450][  0]MapCheck: Map check complete: 0 Error(s), 0 Warning(s), took 78.018ms to complete.
[2019.10.03-06.54.18:450][  0]LogFileHelpers: Loading map 'Level_1' took 0.725
[2019.10.03-06.54.18:552][  0]LogSlate: Updating window title bar state: overlay mode, drag disabled, window buttons hidden, title bar hidden
[2019.10.03-06.54.18:560][  0]LogSlate: Updating window title bar state: overlay mode, drag disabled, window buttons hidden, title bar hidden
[2019.10.03-06.54.18:568][  0]LogSlate: Updating window title bar state: overlay mode, drag disabled, window buttons hidden, title bar hidden
[2019.10.03-06.54.18:575][  0]LogSlate: Updating window title bar state: overlay mode, drag disabled, window buttons hidden, title bar hidden
[2019.10.03-06.54.18:581][  0]LogCollectionManager: Loaded 0 collections in 0.001297 seconds
[2019.10.03-06.54.18:621][  0]LogFileCache: Scanning file cache for directory 'C:/Users/s192119/Documents/GitHub/Project1/Platformer1/Saved/Collections/' took 0.01s
[2019.10.03-06.54.18:622][  0]LogFileCache: Scanning file cache for directory 'C:/Users/s192119/Documents/GitHub/Project1/Platformer1/Content/Developers/s192119/Collections/' took 0.01s
[2019.10.03-06.54.18:622][  0]LogFileCache: Scanning file cache for directory 'C:/Users/s192119/Documents/GitHub/Project1/Platformer1/Content/Collections/' took 0.01s
[2019.10.03-06.54.18:622][  0]LogCollectionManager: Rebuilt the GUID cache for 0 collections in 0.000001 seconds
[2019.10.03-06.54.18:631][  0]LogContentBrowser: Native class hierarchy populated in 0.0096 seconds. Added 2572 classes and 603 folders.
[2019.10.03-06.54.18:638][  0]LogContentBrowser: Native class hierarchy updated for 'WidgetCarousel' in 0.0002 seconds. Added 0 classes and 0 folders.
[2019.10.03-06.54.18:679][  0]LogContentBrowser: Native class hierarchy updated for 'AddContentDialog' in 0.0003 seconds. Added 0 classes and 0 folders.
[2019.10.03-06.54.18:683][  0]LogContentBrowser: Native class hierarchy updated for 'SceneOutliner' in 0.0002 seconds. Added 1 classes and 2 folders.
[2019.10.03-06.54.18:698][  0]LogSlate: Took 0.000325 seconds to synchronously load lazily loaded font '../../../Engine/Content/Slate/Fonts/Roboto-Regular.ttf' (155K)
[2019.10.03-06.54.18:701][  0]LogSlate: Took 0.000259 seconds to synchronously load lazily loaded font '../../../Engine/Content/Slate/Fonts/Roboto-Bold.ttf' (160K)
[2019.10.03-06.54.18:706][  0]LogSlate: Took 0.000222 seconds to synchronously load lazily loaded font '../../../Engine/Content/Editor/Slate/Fonts/FontAwesome.ttf' (139K)
[2019.10.03-06.54.18:787][  0]LogRenderer: Reallocating scene render targets to support 1208x576 Format 10 NumSamples 1 (Frame:1).
[2019.10.03-06.54.18:957][  0]LogContentBrowser: Native class hierarchy updated for 'HierarchicalLODOutliner' in 0.0003 seconds. Added 0 classes and 0 folders.
[2019.10.03-06.54.18:957][  0]LogLoad: (Engine Initialization) Total time: 8.32 seconds
[2019.10.03-06.54.18:957][  0]LogLoad: (Engine Initialization) Total Blueprint compile time: 0.00 seconds
[2019.10.03-06.54.18:967][  0]LogWindowsTextInputMethodSystem: Display: IME system now deactivated.
[2019.10.03-06.54.18:988][  0]LogContentStreaming: Texture pool size now 1000 MB
[2019.10.03-06.54.19:022][  0]LogSlate: Took 0.000176 seconds to synchronously load lazily loaded font '../../../Engine/Content/Slate/Fonts/Roboto-Light.ttf' (167K)
[2019.10.03-06.54.19:056][  1]LogAssetRegistry: Asset discovery search completed in 4.4843 seconds
[2019.10.03-06.54.19:058][  1]LogCollectionManager: Rebuilt the object cache for 0 collections in 0.000001 seconds (found 0 objects)
[2019.10.03-06.54.19:058][  1]LogCollectionManager: Fixed up redirectors for 0 collections in 0.000056 seconds (updated 0 objects)
[2019.10.03-06.54.27:135][934]LogSlate: FSceneViewport::OnFocusLost() reason 2
[2019.10.03-06.54.29:142][173]LogBlueprintUserMessages: Early PlayInEditor Detection: Level '/Game/_MyContent/Maps/Level_1.Level_1:PersistentLevel' has LevelScriptBlueprint '/Game/_MyContent/Maps/Level_1.Level_1:PersistentLevel.Level_1' with GeneratedClass '/Game/_MyContent/Maps/Level_1.Level_C' with ClassGeneratedBy '/Game/_MyContent/Maps/Level_1.Level_1:PersistentLevel.Level_1'
[2019.10.03-06.54.29:142][173]LogPlayLevel: PlayLevel: No blueprints needed recompiling
[2019.10.03-06.54.29:155][173]PIE: New page: PIE session: Level_1 (Oct 4, 2019, 2:54:29 AM)
[2019.10.03-06.54.29:155][173]LogPlayLevel: Creating play world package: /Game/_MyContent/Maps/UEDPIE_0_Level_1
[2019.10.03-06.54.29:166][173]LogPlayLevel: PIE: StaticDuplicateObject took: (0.010843s)
[2019.10.03-06.54.29:167][173]LogAIModule: Creating AISystem for world Level_1
[2019.10.03-06.54.29:167][173]LogPlayLevel: PIE: World Init took: (0.001067s)
[2019.10.03-06.54.29:167][173]LogPlayLevel: PIE: Created PIE world by copying editor world from /Game/_MyContent/Maps/Level_1.Level_1 to /Game/_MyContent/Maps/UEDPIE_0_Level_1.Level_1 (0.012095s)
[2019.10.03-06.54.29:189][173]LogInit: XAudio2 using 'Digital Audio (S/PDIF) (2- High Definition Audio Device)' : 2 channels at 48 kHz using 16 bits per sample (channel mask 0x3)
[2019.10.03-06.54.29:197][173]LogInit: FAudioDevice initialized.
[2019.10.03-06.54.29:202][173]LogSlate: FSceneViewport::OnFocusLost() reason 2
[2019.10.03-06.54.29:204][173]LogSlate: Updating window title bar state: overlay mode, drag disabled, window buttons hidden, title bar hidden
[2019.10.03-06.54.29:261][173]LogLoad: Game class is 'MyGameMode_C'
[2019.10.03-06.54.29:269][173]LogWorld: Bringing World /Game/_MyContent/Maps/UEDPIE_0_Level_1.Level_1 up for play (max tick rate 0) at 2019.10.03-16.54.29
[2019.10.03-06.54.29:269][173]LogWorld: Bringing up level for play took: 0.006663
[2019.10.03-06.54.29:286][173]LogContentBrowser: Native class hierarchy updated for 'MovieSceneCapture' in 0.0003 seconds. Added 10 classes and 0 folders.
[2019.10.03-06.54.29:291][173]PIE: Play in editor start time for /Game/_MyContent/Maps/UEDPIE_0_Level_1 -0.354
[2019.10.03-06.54.29:291][173]LogBlueprintUserMessages: Late PlayInEditor Detection: Level '/Game/_MyContent/Maps/Level_1.Level_1:PersistentLevel' has LevelScriptBlueprint '/Game/_MyContent/Maps/Level_1.Level_1:PersistentLevel.Level_1' with GeneratedClass '/Game/_MyContent/Maps/Level_1.Level_C' with ClassGeneratedBy '/Game/_MyContent/Maps/Level_1.Level_1:PersistentLevel.Level_1'
[2019.10.03-06.54.29:351][173]LogRenderer: Reallocating scene render targets to support 1292x756 Format 10 NumSamples 1 (Frame:1).
[2019.10.03-06.54.33:697][531]LogRenderer: Reallocating scene render targets to support 1920x1016 Format 10 NumSamples 1 (Frame:360).
[2019.10.03-06.54.35:195][677]LogSlate: FSceneViewport::OnFocusLost() reason 0
[2019.10.03-06.55.12:241][226]LogSlate: FSceneViewport::OnFocusLost() reason 0
[2019.10.03-06.55.12:299][231]LogNet: Browse: /Game/_MyContent/Maps/Level_1
[2019.10.03-06.55.12:309][231]LogLoad: LoadMap: /Game/_MyContent/Maps/Level_1
[2019.10.03-06.55.12:333][231]LogPlayLevel: Creating play world package: /Game/_MyContent/Maps/UEDPIE_0_Level_1
[2019.10.03-06.55.12:342][231]LogPlayLevel: PIE: StaticDuplicateObject took: (0.008697s)
[2019.10.03-06.55.12:343][231]LogAIModule: Creating AISystem for world Level_1
[2019.10.03-06.55.12:343][231]LogPlayLevel: PIE: World Init took: (0.000893s)
[2019.10.03-06.55.12:343][231]LogPlayLevel: PIE: Created PIE world by copying editor world from /Game/_MyContent/Maps/Level_1.Level_1 to /Game/_MyContent/Maps/UEDPIE_0_Level_1.Level_1 (0.009804s)
[2019.10.03-06.55.12:343][231]LogLoad: Game class is 'MyGameMode_C'
[2019.10.03-06.55.12:349][231]LogWorld: Bringing World /Game/_MyContent/Maps/UEDPIE_0_Level_1.Level_1 up for play (max tick rate 0) at 2019.10.03-16.55.12
[2019.10.03-06.55.12:350][231]LogWorld: Bringing up level for play took: 0.005963
[2019.10.03-06.55.12:352][231]LogLoad: Took 0.043894 seconds to LoadMap(/Game/_MyContent/Maps/UEDPIE_0_Level_1)
[2019.10.03-06.55.34:033][183]LogSlate: FSceneViewport::OnFocusLost() reason 0
[2019.10.03-06.55.34:087][188]LogNet: Browse: /Game/_MyContent/Maps/Level_1
[2019.10.03-06.55.34:096][188]LogLoad: LoadMap: /Game/_MyContent/Maps/Level_1
[2019.10.03-06.55.34:119][188]LogPlayLevel: Creating play world package: /Game/_MyContent/Maps/UEDPIE_0_Level_1
[2019.10.03-06.55.34:128][188]LogPlayLevel: PIE: StaticDuplicateObject took: (0.008652s)
[2019.10.03-06.55.34:129][188]LogAIModule: Creating AISystem for world Level_1
[2019.10.03-06.55.34:129][188]LogPlayLevel: PIE: World Init took: (0.000908s)
[2019.10.03-06.55.34:129][188]LogPlayLevel: PIE: Created PIE world by copying editor world from /Game/_MyContent/Maps/Level_1.Level_1 to /Game/_MyContent/Maps/UEDPIE_0_Level_1.Level_1 (0.009742s)
[2019.10.03-06.55.34:129][188]LogLoad: Game class is 'MyGameMode_C'
[2019.10.03-06.55.34:135][188]LogWorld: Bringing World /Game/_MyContent/Maps/UEDPIE_0_Level_1.Level_1 up for play (max tick rate 0) at 2019.10.03-16.55.34
[2019.10.03-06.55.34:136][188]LogWorld: Bringing up level for play took: 0.005812
[2019.10.03-06.55.34:138][188]LogLoad: Took 0.041728 seconds to LoadMap(/Game/_MyContent/Maps/UEDPIE_0_Level_1)
[2019.10.03-06.56.01:988][716]LogSlate: FSceneViewport::OnFocusLost() reason 0
[2019.10.03-06.56.02:089][725]LogNet: Browse: /Game/_MyContent/Maps/Level_1
[2019.10.03-06.56.02:099][725]LogLoad: LoadMap: /Game/_MyContent/Maps/Level_1
[2019.10.03-06.56.02:123][725]LogPlayLevel: Creating play world package: /Game/_MyContent/Maps/UEDPIE_0_Level_1
[2019.10.03-06.56.02:132][725]LogPlayLevel: PIE: StaticDuplicateObject took: (0.008890s)
[2019.10.03-06.56.02:132][725]LogAIModule: Creating AISystem for world Level_1
[2019.10.03-06.56.02:133][725]LogPlayLevel: PIE: World Init took: (0.000755s)
[2019.10.03-06.56.02:133][725]LogPlayLevel: PIE: Created PIE world by copying editor world from /Game/_MyContent/Maps/Level_1.Level_1 to /Game/_MyContent/Maps/UEDPIE_0_Level_1.Level_1 (0.009867s)
[2019.10.03-06.56.02:133][725]LogLoad: Game class is 'MyGameMode_C'
[2019.10.03-06.56.02:139][725]LogWorld: Bringing World /Game/_MyContent/Maps/UEDPIE_0_Level_1.Level_1 up for play (max tick rate 0) at 2019.10.03-16.56.02
[2019.10.03-06.56.02:140][725]LogWorld: Bringing up level for play took: 0.005968
[2019.10.03-06.56.02:142][725]LogLoad: Took 0.043046 seconds to LoadMap(/Game/_MyContent/Maps/UEDPIE_0_Level_1)
[2019.10.03-06.56.17:221][110]LogSlate: FSceneViewport::OnFocusLost() reason 0
[2019.10.03-06.56.17:316][119]LogNet: Browse: /Game/_MyContent/Maps/Level_1
[2019.10.03-06.56.17:326][119]LogLoad: LoadMap: /Game/_MyContent/Maps/Level_1
[2019.10.03-06.56.17:350][119]LogPlayLevel: Creating play world package: /Game/_MyContent/Maps/UEDPIE_0_Level_1
[2019.10.03-06.56.17:359][119]LogPlayLevel: PIE: StaticDuplicateObject took: (0.008735s)
[2019.10.03-06.56.17:360][119]LogAIModule: Creating AISystem for world Level_1
[2019.10.03-06.56.17:360][119]LogPlayLevel: PIE: World Init took: (0.000943s)
[2019.10.03-06.56.17:360][119]LogPlayLevel: PIE: Created PIE world by copying editor world from /Game/_MyContent/Maps/Level_1.Level_1 to /Game/_MyContent/Maps/UEDPIE_0_Level_1.Level_1 (0.009872s)
[2019.10.03-06.56.17:360][119]LogLoad: Game class is 'MyGameMode_C'
[2019.10.03-06.56.17:367][119]LogWorld: Bringing World /Game/_MyContent/Maps/UEDPIE_0_Level_1.Level_1 up for play (max tick rate 0) at 2019.10.03-16.56.17
[2019.10.03-06.56.17:367][119]LogWorld: Bringing up level for play took: 0.006061
[2019.10.03-06.56.17:370][119]LogLoad: Took 0.044020 seconds to LoadMap(/Game/_MyContent/Maps/UEDPIE_0_Level_1)
[2019.10.03-06.56.25:983][918]LogSlate: FSceneViewport::OnFocusLost() reason 0
[2019.10.03-06.56.26:104][929]LogNet: Browse: /Game/_MyContent/Maps/Level_1
[2019.10.03-06.56.26:115][929]LogLoad: LoadMap: /Game/_MyContent/Maps/Level_1
[2019.10.03-06.56.26:138][929]LogPlayLevel: Creating play world package: /Game/_MyContent/Maps/UEDPIE_0_Level_1
[2019.10.03-06.56.26:146][929]LogPlayLevel: PIE: StaticDuplicateObject took: (0.008602s)
[2019.10.03-06.56.26:147][929]LogAIModule: Creating AISystem for world Level_1
[2019.10.03-06.56.26:147][929]LogPlayLevel: PIE: World Init took: (0.000816s)
[2019.10.03-06.56.26:147][929]LogPlayLevel: PIE: Created PIE world by copying editor world from /Game/_MyContent/Maps/Level_1.Level_1 to /Game/_MyContent/Maps/UEDPIE_0_Level_1.Level_1 (0.009629s)
[2019.10.03-06.56.26:147][929]LogLoad: Game class is 'MyGameMode_C'
[2019.10.03-06.56.26:154][929]LogWorld: Bringing World /Game/_MyContent/Maps/UEDPIE_0_Level_1.Level_1 up for play (max tick rate 0) at 2019.10.03-16.56.26
[2019.10.03-06.56.26:155][929]LogWorld: Bringing up level for play took: 0.006068
[2019.10.03-06.56.26:157][929]LogLoad: Took 0.042410 seconds to LoadMap(/Game/_MyContent/Maps/UEDPIE_0_Level_1)
[2019.10.03-06.56.36:119][852]LogSlate: FSceneViewport::OnFocusLost() reason 0
[2019.10.03-06.56.36:211][860]LogNet: Browse: /Game/_MyContent/Maps/Level_1
[2019.10.03-06.56.36:221][860]LogLoad: LoadMap: /Game/_MyContent/Maps/Level_1
[2019.10.03-06.56.36:244][860]LogPlayLevel: Creating play world package: /Game/_MyContent/Maps/UEDPIE_0_Level_1
[2019.10.03-06.56.36:252][860]LogPlayLevel: PIE: StaticDuplicateObject took: (0.008870s)
[2019.10.03-06.56.36:253][860]LogAIModule: Creating AISystem for world Level_1
[2019.10.03-06.56.36:253][860]LogPlayLevel: PIE: World Init took: (0.000789s)
[2019.10.03-06.56.36:253][860]LogPlayLevel: PIE: Created PIE world by copying editor world from /Game/_MyContent/Maps/Level_1.Level_1 to /Game/_MyContent/Maps/UEDPIE_0_Level_1.Level_1 (0.009882s)
[2019.10.03-06.56.36:253][860]LogLoad: Game class is 'MyGameMode_C'
[2019.10.03-06.56.36:260][860]LogWorld: Bringing World /Game/_MyContent/Maps/UEDPIE_0_Level_1.Level_1 up for play (max tick rate 0) at 2019.10.03-16.56.36
[2019.10.03-06.56.36:260][860]LogWorld: Bringing up level for play took: 0.005897
[2019.10.03-06.56.36:263][860]LogLoad: Took 0.041679 seconds to LoadMap(/Game/_MyContent/Maps/UEDPIE_0_Level_1)
[2019.10.03-06.57.02:606][348]LogSlate: FSceneViewport::OnFocusLost() reason 0
[2019.10.03-06.57.02:734][360]LogNet: Browse: /Game/_MyContent/Maps/Level_1
[2019.10.03-06.57.02:743][360]LogLoad: LoadMap: /Game/_MyContent/Maps/Level_1
[2019.10.03-06.57.02:766][360]LogPlayLevel: Creating play world package: /Game/_MyContent/Maps/UEDPIE_0_Level_1
[2019.10.03-06.57.02:774][360]LogPlayLevel: PIE: StaticDuplicateObject took: (0.008799s)
[2019.10.03-06.57.02:775][360]LogAIModule: Creating AISystem for world Level_1
[2019.10.03-06.57.02:775][360]LogPlayLevel: PIE: World Init took: (0.000869s)
[2019.10.03-06.57.02:775][360]LogPlayLevel: PIE: Created PIE world by copying editor world from /Game/_MyContent/Maps/Level_1.Level_1 to /Game/_MyContent/Maps/UEDPIE_0_Level_1.Level_1 (0.009866s)
[2019.10.03-06.57.02:776][360]LogLoad: Game class is 'MyGameMode_C'
[2019.10.03-06.57.02:782][360]LogWorld: Bringing World /Game/_MyContent/Maps/UEDPIE_0_Level_1.Level_1 up for play (max tick rate 0) at 2019.10.03-16.57.02
[2019.10.03-06.57.02:783][360]LogWorld: Bringing up level for play took: 0.006308
[2019.10.03-06.57.02:785][360]LogLoad: Took 0.041886 seconds to LoadMap(/Game/_MyContent/Maps/UEDPIE_0_Level_1)
[2019.10.03-06.57.38:455][647]LogSlate: FSceneViewport::OnFocusLost() reason 0
[2019.10.03-06.57.38:547][655]LogNet: Browse: /Game/_MyContent/Maps/Level_1
[2019.10.03-06.57.38:558][655]LogLoad: LoadMap: /Game/_MyContent/Maps/Level_1
[2019.10.03-06.57.38:580][655]LogPlayLevel: Creating play world package: /Game/_MyContent/Maps/UEDPIE_0_Level_1
[2019.10.03-06.57.38:589][655]LogPlayLevel: PIE: StaticDuplicateObject took: (0.008981s)
[2019.10.03-06.57.38:590][655]LogAIModule: Creating AISystem for world Level_1
[2019.10.03-06.57.38:590][655]LogPlayLevel: PIE: World Init took: (0.000831s)
[2019.10.03-06.57.38:590][655]LogPlayLevel: PIE: Created PIE world by copying editor world from /Game/_MyContent/Maps/Level_1.Level_1 to /Game/_MyContent/Maps/UEDPIE_0_Level_1.Level_1 (0.010010s)
[2019.10.03-06.57.38:590][655]LogLoad: Game class is 'MyGameMode_C'
[2019.10.03-06.57.38:597][655]LogWorld: Bringing World /Game/_MyContent/Maps/UEDPIE_0_Level_1.Level_1 up for play (max tick rate 0) at 2019.10.03-16.57.38
[2019.10.03-06.57.38:597][655]LogWorld: Bringing up level for play took: 0.006042
[2019.10.03-06.57.38:600][655]LogLoad: Took 0.041982 seconds to LoadMap(/Game/_MyContent/Maps/UEDPIE_0_Level_1)
[2019.10.03-06.57.48:717][610]LogSlate: FSceneViewport::OnFocusLost() reason 0
[2019.10.03-06.57.48:795][617]LogNet: Browse: /Game/_MyContent/Maps/Level_1
[2019.10.03-06.57.48:807][617]LogLoad: LoadMap: /Game/_MyContent/Maps/Level_1
[2019.10.03-06.57.48:830][617]LogPlayLevel: Creating play world package: /Game/_MyContent/Maps/UEDPIE_0_Level_1
[2019.10.03-06.57.48:840][617]LogPlayLevel: PIE: StaticDuplicateObject took: (0.009009s)
[2019.10.03-06.57.48:840][617]LogAIModule: Creating AISystem for world Level_1
[2019.10.03-06.57.48:841][617]LogPlayLevel: PIE: World Init took: (0.000944s)
[2019.10.03-06.57.48:841][617]LogPlayLevel: PIE: Created PIE world by copying editor world from /Game/_MyContent/Maps/Level_1.Level_1 to /Game/_MyContent/Maps/UEDPIE_0_Level_1.Level_1 (0.010169s)
[2019.10.03-06.57.48:841][617]LogLoad: Game class is 'MyGameMode_C'
[2019.10.03-06.57.48:847][617]LogWorld: Bringing World /Game/_MyContent/Maps/UEDPIE_0_Level_1.Level_1 up for play (max tick rate 0) at 2019.10.03-16.57.48
[2019.10.03-06.57.48:847][617]LogWorld: Bringing up level for play took: 0.005993
[2019.10.03-06.57.48:850][617]LogLoad: Took 0.043220 seconds to LoadMap(/Game/_MyContent/Maps/UEDPIE_0_Level_1)
[2019.10.03-06.57.58:877][560]LogSlate: FSceneViewport::OnFocusLost() reason 0
[2019.10.03-06.57.58:943][566]LogNet: Browse: /Game/_MyContent/Maps/Level_1
[2019.10.03-06.57.58:953][566]LogLoad: LoadMap: /Game/_MyContent/Maps/Level_1
[2019.10.03-06.57.58:976][566]LogPlayLevel: Creating play world package: /Game/_MyContent/Maps/UEDPIE_0_Level_1
[2019.10.03-06.57.58:985][566]LogPlayLevel: PIE: StaticDuplicateObject took: (0.008782s)
[2019.10.03-06.57.58:985][566]LogAIModule: Creating AISystem for world Level_1
[2019.10.03-06.57.58:985][566]LogPlayLevel: PIE: World Init took: (0.000817s)
[2019.10.03-06.57.58:985][566]LogPlayLevel: PIE: Created PIE world by copying editor world from /Game/_MyContent/Maps/Level_1.Level_1 to /Game/_MyContent/Maps/UEDPIE_0_Level_1.Level_1 (0.009812s)
[2019.10.03-06.57.58:986][566]LogLoad: Game class is 'MyGameMode_C'
[2019.10.03-06.57.58:992][566]LogWorld: Bringing World /Game/_MyContent/Maps/UEDPIE_0_Level_1.Level_1 up for play (max tick rate 0) at 2019.10.03-16.57.58
[2019.10.03-06.57.58:992][566]LogWorld: Bringing up level for play took: 0.006030
[2019.10.03-06.57.58:995][566]LogLoad: Took 0.041781 seconds to LoadMap(/Game/_MyContent/Maps/UEDPIE_0_Level_1)
[2019.10.03-06.58.32:625][491]LogSlate: FSceneViewport::OnFocusLost() reason 0
[2019.10.03-06.58.32:705][498]LogSlate: Updating window title bar state: overlay mode, drag disabled, window buttons hidden, title bar hidden
[2019.10.03-06.58.32:705][498]LogBlueprintUserMessages: Early EndPlayMap Detection: Level '/Game/_MyContent/Maps/Level_1.Level_1:PersistentLevel' has LevelScriptBlueprint '/Game/_MyContent/Maps/Level_1.Level_1:PersistentLevel.Level_1' with GeneratedClass '/Game/_MyContent/Maps/Level_1.Level_C' with ClassGeneratedBy '/Game/_MyContent/Maps/Level_1.Level_1:PersistentLevel.Level_1'
[2019.10.03-06.58.32:727][498]LogSlate: Window 'Platformer1 Game Preview Standalone (64-bit/PCD3D_SM5)' being destroyed
[2019.10.03-06.58.32:758][498]LogPlayLevel: Display: Shutting down PIE online subsystems
[2019.10.03-06.58.32:759][498]LogBlueprintUserMessages: Late EndPlayMap Detection: Level '/Game/_MyContent/Maps/Level_1.Level_1:PersistentLevel' has LevelScriptBlueprint '/Game/_MyContent/Maps/Level_1.Level_1:PersistentLevel.Level_1' with GeneratedClass '/Game/_MyContent/Maps/Level_1.Level_C' with ClassGeneratedBy '/Game/_MyContent/Maps/Level_1.Level_1:PersistentLevel.Level_1'
[2019.10.03-06.58.32:812][501]LogPlayLevel: Display: Destroying online subsystem :Context_6
[2019.10.03-06.58.36:029][880]LogSlate: FSceneViewport::OnFocusLost() reason 0
[2019.10.03-06.58.36:304][900]LogSlate: Window 'Platformer1 - Unreal Editor' being destroyed
[2019.10.03-06.58.36:305][900]LogWindowsTextInputMethodSystem: Display: IME system now deactivated.
[2019.10.03-06.58.36:482][901]Cmd: QUIT_EDITOR
[2019.10.03-06.58.37:273][901]LogExit: Preparing to exit.
[2019.10.03-06.58.37:716][901]LogExit: Editor shut down
[2019.10.03-06.58.37:716][901]LogExit: Transaction tracking system shut down
[2019.10.03-06.58.38:016][901]LogExit: Object subsystem successfully closed.
[2019.10.03-06.58.38:031][901]LogShaderCompilers: Display: Shaders left to compile 0
[2019.10.03-06.58.38:034][901]LogD3D11RHI: Shutdown
[2019.10.03-06.58.38:034][901]LogD3D11RHI: CleanupD3DDevice
[2019.10.03-06.58.38:036][901]LogD3D11RHI: ~FD3D11DynamicRHI
[2019.10.03-06.58.38:056][901]LogModuleManager: Shutting down and abandoning module MovieSceneCapture (614)
[2019.10.03-06.58.38:056][901]LogModuleManager: Shutting down and abandoning module Voice (612)
[2019.10.03-06.58.38:056][901]LogModuleManager: Shutting down and abandoning module HierarchicalLODOutliner (610)
[2019.10.03-06.58.38:056][901]LogModuleManager: Shutting down and abandoning module SceneOutliner (608)
[2019.10.03-06.58.38:056][901]LogModuleManager: Shutting down and abandoning module AddContentDialog (606)
[2019.10.03-06.58.38:056][901]LogModuleManager: Shutting down and abandoning module WidgetCarousel (605)
[2019.10.03-06.58.38:056][901]LogModuleManager: Shutting down and abandoning module EditorWidgets (602)
[2019.10.03-06.58.38:056][901]LogModuleManager: Shutting down and abandoning module CollectionManager (600)
[2019.10.03-06.58.38:056][901]LogModuleManager: Shutting down and abandoning module StatsViewer (598)
[2019.10.03-06.58.38:056][901]LogModuleManager: Shutting down and abandoning module FoliageEdit (596)
[2019.10.03-06.58.38:056][901]LogModuleManager: Shutting down and abandoning module LandscapeEditor (594)
[2019.10.03-06.58.38:057][901]LogModuleManager: Shutting down and abandoning module MeshPaintMode (592)
[2019.10.03-06.58.38:057][901]LogModuleManager: Shutting down and abandoning module SceneDepthPickerMode (590)
[2019.10.03-06.58.38:057][901]LogModuleManager: Shutting down and abandoning module ActorPickerMode (588)
[2019.10.03-06.58.38:057][901]LogModuleManager: Shutting down and abandoning module GeometryMode (586)
[2019.10.03-06.58.38:057][901]LogModuleManager: Shutting down and abandoning module TextureAlignMode (584)
[2019.10.03-06.58.38:057][901]LogModuleManager: Shutting down and abandoning module BspMode (582)
[2019.10.03-06.58.38:057][901]LogModuleManager: Shutting down and abandoning module PIEPreviewDeviceProfileSelector (580)
[2019.10.03-06.58.38:057][901]LogModuleManager: Shutting down and abandoning module SequenceRecorderSections (578)
[2019.10.03-06.58.38:057][901]LogModuleManager: Shutting down and abandoning module AutomationWorker (576)
[2019.10.03-06.58.38:057][901]LogModuleManager: Shutting down and abandoning module AudioCaptureEditor (574)
[2019.10.03-06.58.38:057][901]LogModuleManager: Shutting down and abandoning module SequenceRecorder (573)
[2019.10.03-06.58.38:057][901]LogModuleManager: Shutting down and abandoning module MatineeToLevelSequence (570)
[2019.10.03-06.58.38:057][901]LogModuleManager: Shutting down and abandoning module LevelSequenceEditor (568)
[2019.10.03-06.58.38:057][901]LogModuleManager: Shutting down and abandoning module PlacementMode (567)
[2019.10.03-06.58.38:057][901]LogModuleManager: Shutting down and abandoning module MaterialEditor (566)
[2019.10.03-06.58.38:057][901]LogModuleManager: Shutting down and abandoning module WmfMediaFactory (562)
[2019.10.03-06.58.38:057][901]LogModuleManager: Shutting down and abandoning module WmfMediaEditor (560)
[2019.10.03-06.58.38:057][901]LogModuleManager: Shutting down and abandoning module MediaPlayerEditor (558)
[2019.10.03-06.58.38:057][901]LogModuleManager: Shutting down and abandoning module OpenExrWrapper (556)
[2019.10.03-06.58.38:057][901]LogModuleManager: Shutting down and abandoning module ImgMediaFactory (554)
[2019.10.03-06.58.38:057][901]LogModuleManager: Shutting down and abandoning module ImgMediaEditor (552)
[2019.10.03-06.58.38:057][901]LogModuleManager: Shutting down and abandoning module AvfMediaFactory (550)
[2019.10.03-06.58.38:057][901]LogModuleManager: Shutting down and abandoning module AvfMediaEditor (548)
[2019.10.03-06.58.38:057][901]LogModuleManager: Shutting down and abandoning module AndroidMediaFactory (546)
[2019.10.03-06.58.38:057][901]LogModuleManager: Shutting down and abandoning module AndroidMediaEditor (544)
[2019.10.03-06.58.38:057][901]LogModuleManager: Shutting down and abandoning module MagicLeapCameraPreviewFactory (542)
[2019.10.03-06.58.38:057][901]LogModuleManager: Shutting down and abandoning module MagicLeapMediaFactory (540)
[2019.10.03-06.58.38:057][901]LogModuleManager: Shutting down and abandoning module MagicLeapMediaEditor (538)
[2019.10.03-06.58.38:057][901]LogModuleManager: Shutting down and abandoning module CharacterAI (536)
[2019.10.03-06.58.38:057][901]LogModuleManager: Shutting down and abandoning module SmartSnapping (534)
[2019.10.03-06.58.38:057][901]LogModuleManager: Shutting down and abandoning module SessionServices (532)
[2019.10.03-06.58.38:057][901]LogModuleManager: Shutting down and abandoning module ViewportSnapping (530)
[2019.10.03-06.58.38:057][901]LogModuleManager: Shutting down and abandoning module ViewportInteraction (528)
[2019.10.03-06.58.38:057][901]LogModuleManager: Shutting down and abandoning module ClothPainter (526)
[2019.10.03-06.58.38:057][901]LogModuleManager: Shutting down and abandoning module SkeletalMeshEditor (525)
[2019.10.03-06.58.38:057][901]LogModuleManager: Shutting down and abandoning module LogVisualizer (522)
[2019.10.03-06.58.38:057][901]LogModuleManager: Shutting down and abandoning module IntroTutorials (520)
[2019.10.03-06.58.38:058][901]LogModuleManager: Shutting down and abandoning module GameProjectGeneration (519)
[2019.10.03-06.58.38:058][901]LogModuleManager: Shutting down and abandoning module LuminPlatformEditor (516)
[2019.10.03-06.58.38:058][901]LogModuleManager: Shutting down and abandoning module IOSPlatformEditor (514)
[2019.10.03-06.58.38:058][901]LogModuleManager: Shutting down and abandoning module HTML5PlatformEditor (512)
[2019.10.03-06.58.38:058][901]LogModuleManager: Shutting down and abandoning module AndroidPlatformEditor (510)
[2019.10.03-06.58.38:058][901]LogModuleManager: Shutting down and abandoning module AndroidDeviceDetection (509)
[2019.10.03-06.58.38:622][901]LogModuleManager: Shutting down and abandoning module WindowsPlatformEditor (506)
[2019.10.03-06.58.38:622][901]LogModuleManager: Shutting down and abandoning module LuminRuntimeSettings (504)
[2019.10.03-06.58.38:622][901]LogModuleManager: Shutting down and abandoning module IOSRuntimeSettings (502)
[2019.10.03-06.58.38:622][901]LogModuleManager: Shutting down and abandoning module AndroidRuntimeSettings (500)
[2019.10.03-06.58.38:622][901]LogModuleManager: Shutting down and abandoning module InputBindingEditor (498)
[2019.10.03-06.58.38:622][901]LogModuleManager: Shutting down and abandoning module MergeActors (496)
[2019.10.03-06.58.38:622][901]LogModuleManager: Shutting down and abandoning module LocalizationDashboard (494)
[2019.10.03-06.58.38:623][901]LogModuleManager: Shutting down and abandoning module LocalizationService (493)
[2019.10.03-06.58.38:623][901]LogModuleManager: Shutting down and abandoning module HardwareTargeting (490)
[2019.10.03-06.58.38:623][901]LogModuleManager: Shutting down and abandoning module DeviceProfileEditor (488)
[2019.10.03-06.58.38:623][901]LogModuleManager: Shutting down and abandoning module UndoHistory (486)
[2019.10.03-06.58.38:623][901]LogModuleManager: Shutting down and abandoning module XmlParser (484)
[2019.10.03-06.58.38:623][901]LogModuleManager: Shutting down and abandoning module Blutility (482)
[2019.10.03-06.58.38:623][901]LogModuleManager: Shutting down and abandoning module ProjectSettingsViewer (480)
[2019.10.03-06.58.38:623][901]LogModuleManager: Shutting down and abandoning module ProjectTargetPlatformEditor (479)
[2019.10.03-06.58.38:623][901]LogModuleManager: Shutting down and abandoning module EditorSettingsViewer (476)
[2019.10.03-06.58.38:623][901]LogModuleManager: Shutting down and abandoning module SettingsEditor (474)
[2019.10.03-06.58.38:623][901]LogModuleManager: Shutting down and abandoning module ProjectLauncher (472)
[2019.10.03-06.58.38:623][901]LogModuleManager: Shutting down and abandoning module SessionFrontend (470)
[2019.10.03-06.58.38:623][901]LogModuleManager: Shutting down and abandoning module ProfilerClient (468)
[2019.10.03-06.58.38:623][901]LogModuleManager: Shutting down and abandoning module DeviceManager (466)
[2019.10.03-06.58.38:623][901]LogModuleManager: Shutting down and abandoning module TargetDeviceServices (465)
[2019.10.03-06.58.38:688][901]LogModuleManager: Shutting down and abandoning module AutomationController (462)
[2019.10.03-06.58.38:688][901]LogModuleManager: Shutting down and abandoning module AutomationWindow (460)
[2019.10.03-06.58.38:688][901]LogModuleManager: Shutting down and abandoning module Layers (458)
[2019.10.03-06.58.38:688][901]LogModuleManager: Shutting down and abandoning module ComponentVisualizers (456)
[2019.10.03-06.58.38:688][901]LogModuleManager: Shutting down and abandoning module DetailCustomizations (454)
[2019.10.03-06.58.38:688][901]LogModuleManager: Shutting down and abandoning module PackagesDialog (452)
[2019.10.03-06.58.38:688][901]LogModuleManager: Shutting down and abandoning module Persona (450)
[2019.10.03-06.58.38:688][901]LogModuleManager: Shutting down and abandoning module AdvancedPreviewScene (449)
[2019.10.03-06.58.38:688][901]LogModuleManager: Shutting down and abandoning module AnimGraph (447)
[2019.10.03-06.58.38:688][901]LogModuleManager: Shutting down and abandoning module Kismet (444)
[2019.10.03-06.58.38:688][901]LogModuleManager: Shutting down and abandoning module GraphEditor (442)
[2019.10.03-06.58.38:688][901]LogModuleManager: Shutting down and abandoning module ClassViewer (440)
[2019.10.03-06.58.38:688][901]LogModuleManager: Shutting down and abandoning module Toolbox (438)
[2019.10.03-06.58.38:688][901]LogModuleManager: Shutting down and abandoning module ModuleUI (436)
[2019.10.03-06.58.38:688][901]LogModuleManager: Shutting down and abandoning module MovieSceneTools (434)
[2019.10.03-06.58.38:688][901]LogModuleManager: Shutting down and abandoning module OutputLog (432)
[2019.10.03-06.58.38:688][901]LogModuleManager: Shutting down and abandoning module GammaUI (430)
[2019.10.03-06.58.38:689][901]LogModuleManager: Shutting down and abandoning module Documentation (428)
[2019.10.03-06.58.38:689][901]LogModuleManager: Shutting down and abandoning module MovieSceneTracks (426)
[2019.10.03-06.58.38:689][901]LogModuleManager: Shutting down and abandoning module MovieScene (424)
[2019.10.03-06.58.38:689][901]LogModuleManager: Shutting down and abandoning module StreamingPauseRendering (422)
[2019.10.03-06.58.38:689][901]LogModuleManager: Shutting down and abandoning module LauncherPlatform (420)
[2019.10.03-06.58.38:689][901]LogModuleManager: Shutting down and abandoning module AnalyticsET (418)
[2019.10.03-06.58.38:689][901]LogModuleManager: Shutting down and abandoning module PortalServices (416)
[2019.10.03-06.58.38:689][901]LogModuleManager: Shutting down and abandoning module PortalRpc (414)
[2019.10.03-06.58.38:689][901]LogModuleManager: Shutting down and abandoning module MessagingRpc (412)
[2019.10.03-06.58.38:689][901]LogModuleManager: Shutting down and abandoning module AIModule (410)
[2019.10.03-06.58.38:689][901]LogModuleManager: Shutting down and abandoning module GameplayDebugger (409)
[2019.10.03-06.58.38:689][901]LogModuleManager: Shutting down and abandoning module AITestSuite (407)
[2019.10.03-06.58.38:689][901]LogModuleManager: Shutting down and abandoning module NavigationSystem (405)
[2019.10.03-06.58.38:689][901]LogModuleManager: Shutting down and abandoning module DesktopPlatform (402)
[2019.10.03-06.58.38:689][901]LogModuleManager: Shutting down and abandoning module ProfilerService (400)
[2019.10.03-06.58.38:729][901]LogModuleManager: Shutting down and abandoning module TaskGraph (398)
[2019.10.03-06.58.38:729][901]LogModuleManager: Shutting down and abandoning module SteamVRController (396)
[2019.10.03-06.58.38:729][901]LogModuleManager: Shutting down and abandoning module ProceduralMeshComponentEditor (394)
[2019.10.03-06.58.38:729][901]LogModuleManager: Shutting down and abandoning module ProceduralMeshComponent (392)
[2019.10.03-06.58.38:729][901]LogModuleManager: Shutting down and abandoning module OculusInput (390)
[2019.10.03-06.58.38:729][901]LogModuleManager: Shutting down and abandoning module MobilePatchingUtils (388)
[2019.10.03-06.58.38:729][901]LogModuleManager: Shutting down and abandoning module EditableMesh (386)
[2019.10.03-06.58.38:729][901]LogModuleManager: Shutting down and abandoning module CustomMeshComponent (384)
[2019.10.03-06.58.38:729][901]LogModuleManager: Shutting down and abandoning module CableComponent (382)
[2019.10.03-06.58.38:729][901]LogModuleManager: Shutting down and abandoning module AudioCapture (380)
[2019.10.03-06.58.38:729][901]LogModuleManager: Shutting down and abandoning module ArchVisCharacter (378)
[2019.10.03-06.58.38:729][901]LogModuleManager: Shutting down and abandoning module AndroidPermission (376)
[2019.10.03-06.58.38:730][901]LogModuleManager: Shutting down and abandoning module NUTUnrealEngine4 (374)
[2019.10.03-06.58.38:730][901]LogModuleManager: Shutting down and abandoning module NetcodeUnitTest (372)
[2019.10.03-06.58.38:730][901]LogModuleManager: Shutting down and abandoning module MediaCompositingEditor (370)
[2019.10.03-06.58.38:730][901]LogModuleManager: Shutting down and abandoning module MediaCompositing (368)
[2019.10.03-06.58.38:730][901]LogModuleManager: Shutting down and abandoning module LinearTimecode (366)
[2019.10.03-06.58.38:730][901]LogModuleManager: Shutting down and abandoning module ImgMedia (364)
[2019.10.03-06.58.38:732][901]LogModuleManager: Shutting down and abandoning module HTML5Networking (362)
[2019.10.03-06.58.38:732][901]LogModuleManager: Shutting down and abandoning module GeometryCacheTracks (360)
[2019.10.03-06.58.38:732][901]LogModuleManager: Shutting down and abandoning module GeometryCacheSequencer (358)
[2019.10.03-06.58.38:732][901]LogModuleManager: Shutting down and abandoning module BackChannel (356)
[2019.10.03-06.58.38:732][901]LogModuleManager: Shutting down and abandoning module AppleVision (354)
[2019.10.03-06.58.38:732][901]LogModuleManager: Shutting down and abandoning module AppleImageUtils (352)
[2019.10.03-06.58.38:732][901]LogModuleManager: Shutting down and abandoning module AlembicImporter (350)
[2019.10.03-06.58.38:732][901]LogModuleManager: Shutting down and abandoning module AlembicLibrary (349)
[2019.10.03-06.58.38:732][901]LogModuleManager: Shutting down and abandoning module GeometryCache (348)
[2019.10.03-06.58.38:732][901]LogModuleManager: Shutting down and abandoning module GeometryCacheEd (347)
[2019.10.03-06.58.38:732][901]LogModuleManager: Shutting down and abandoning module DatasmithContentEditor (342)
[2019.10.03-06.58.38:732][901]LogModuleManager: Shutting down and abandoning module DatasmithContent (340)
[2019.10.03-06.58.38:734][901]LogModuleManager: Shutting down and abandoning module SpeedTreeImporter (338)
[2019.10.03-06.58.38:734][901]LogModuleManager: Shutting down and abandoning module PluginBrowser (336)
[2019.10.03-06.58.38:734][901]LogModuleManager: Shutting down and abandoning module MobileLauncherProfileWizard (334)
[2019.10.03-06.58.38:734][901]LogModuleManager: Shutting down and abandoning module PolygonModeling (332)
[2019.10.03-06.58.38:734][901]LogModuleManager: Shutting down and abandoning module MeshEditor (330)
[2019.10.03-06.58.38:734][901]LogModuleManager: Shutting down and abandoning module CryptoKeysOpenSSL (328)
[2019.10.03-06.58.38:734][901]LogModuleManager: Shutting down and abandoning module CryptoKeys (326)
[2019.10.03-06.58.38:734][901]LogModuleManager: Shutting down and abandoning module VisualStudioSourceCodeAccess (324)
[2019.10.03-06.58.38:734][901]LogModuleManager: Shutting down and abandoning module VisualStudioCodeSourceCodeAccess (322)
[2019.10.03-06.58.38:734][901]LogModuleManager: Shutting down and abandoning module UObjectPlugin (320)
[2019.10.03-06.58.38:734][901]LogModuleManager: Shutting down and abandoning module SubversionSourceControl (318)
[2019.10.03-06.58.38:734][901]LogModuleManager: Shutting down and abandoning module PerforceSourceControl (316)
[2019.10.03-06.58.38:734][901]LogModuleManager: Shutting down and abandoning module GitSourceControl (314)
[2019.10.03-06.58.38:734][901]LogModuleManager: Shutting down and abandoning module SourceControl (313)
[2019.10.03-06.58.38:734][901]LogModuleManager: Shutting down and abandoning module CLionSourceCodeAccess (310)
[2019.10.03-06.58.38:734][901]LogModuleManager: Shutting down and abandoning module LightPropagationVolumeEditor (308)
[2019.10.03-06.58.38:734][901]LogModuleManager: Shutting down and abandoning module PaperTiledImporter (306)
[2019.10.03-06.58.38:734][901]LogModuleManager: Shutting down and abandoning module PaperSpriteSheetImporter (304)
[2019.10.03-06.58.38:734][901]LogModuleManager: Shutting down and abandoning module Paper2DEditor (302)
[2019.10.03-06.58.38:734][901]LogModuleManager: Shutting down and abandoning module MeshPaint (301)
[2019.10.03-06.58.38:734][901]LogModuleManager: Shutting down and abandoning module RuntimePhysXCooking (298)
[2019.10.03-06.58.38:734][901]LogModuleManager: Shutting down and abandoning module PhysXVehiclesEditor (296)
[2019.10.03-06.58.38:734][901]LogModuleManager: Shutting down and abandoning module PhysXVehicles (294)
[2019.10.03-06.58.38:734][901]LogModuleManager: Shutting down and abandoning module OculusEditor (292)
[2019.10.03-06.58.38:734][901]LogModuleManager: Shutting down and abandoning module LocationServicesBPLibrary (290)
[2019.10.03-06.58.38:734][901]LogModuleManager: Shutting down and abandoning module ImmediatePhysicsEditor (288)
[2019.10.03-06.58.38:734][901]LogModuleManager: Shutting down and abandoning module ImmediatePhysics (286)
[2019.10.03-06.58.38:734][901]LogModuleManager: Shutting down and abandoning module ActorSequence (284)
[2019.10.03-06.58.38:734][901]LogModuleManager: Shutting down and abandoning module UdpMessaging (282)
[2019.10.03-06.58.38:835][901]LogModuleManager: Shutting down and abandoning module TcpMessaging (280)
[2019.10.03-06.58.38:936][901]LogModuleManager: Shutting down and abandoning module MagicLeapAudio (278)
[2019.10.03-06.58.38:936][901]LogModuleManager: Shutting down and abandoning module GameplayTagsEditor (276)
[2019.10.03-06.58.38:936][901]LogModuleManager: Shutting down and abandoning module FacialAnimationEditor (274)
[2019.10.03-06.58.38:936][901]LogModuleManager: Shutting down and abandoning module FacialAnimation (272)
[2019.10.03-06.58.38:936][901]LogModuleManager: Shutting down and abandoning module DataValidation (270)
[2019.10.03-06.58.38:936][901]LogModuleManager: Shutting down and abandoning module AssetManagerEditor (268)
[2019.10.03-06.58.38:936][901]LogModuleManager: Shutting down and abandoning module LevelEditor (267)
[2019.10.03-06.58.38:937][901]LogModuleManager: Shutting down and abandoning module PixelInspectorModule (266)
[2019.10.03-06.58.38:937][901]LogModuleManager: Shutting down and abandoning module CommonMenuExtensions (264)
[2019.10.03-06.58.38:937][901]LogModuleManager: Shutting down and abandoning module MainFrame (262)
[2019.10.03-06.58.38:937][901]LogModuleManager: Shutting down and abandoning module HotReload (261)
[2019.10.03-06.58.38:937][901]LogModuleManager: Shutting down and abandoning module ContentBrowser (257)
[2019.10.03-06.58.38:938][901]LogModuleManager: Shutting down and abandoning module TreeMap (255)
[2019.10.03-06.58.38:938][901]LogModuleManager: Shutting down and abandoning module LightPropagationVolumeRuntime (252)
[2019.10.03-06.58.38:938][901]LogModuleManager: Shutting down and abandoning module AISupportModule (250)
[2019.10.03-06.58.38:938][901]LogModuleManager: Shutting down and abandoning module Paper2D (248)
[2019.10.03-06.58.38:938][901]LogModuleManager: Shutting down and abandoning module WindowsMoviePlayer (246)
[2019.10.03-06.58.38:938][901]LogModuleManager: Shutting down and abandoning module WmfMedia (244)
[2019.10.03-06.58.38:939][901]LogModuleManager: Shutting down and abandoning module Media (243)
[2019.10.03-06.58.38:945][901]LogModuleManager: Shutting down and abandoning module PacketHandler (240)
[2019.10.03-06.58.38:945][901]LogModuleManager: Shutting down and abandoning module ClothingSystemEditor (238)
[2019.10.03-06.58.38:945][901]LogModuleManager: Shutting down and abandoning module ClothingSystemRuntime (236)
[2019.10.03-06.58.38:945][901]LogModuleManager: Shutting down and abandoning module MediaAssets (234)
[2019.10.03-06.58.38:945][901]LogModuleManager: Shutting down and abandoning module Overlay (232)
[2019.10.03-06.58.38:945][901]LogModuleManager: Shutting down and abandoning module OverlayEditor (231)
[2019.10.03-06.58.38:945][901]LogModuleManager: Shutting down and abandoning module VREditor (228)
[2019.10.03-06.58.38:945][901]LogModuleManager: Shutting down and abandoning module StringTableEditor (226)
[2019.10.03-06.58.38:945][901]LogModuleManager: Shutting down and abandoning module GameplayTasksEditor (224)
[2019.10.03-06.58.38:945][901]LogModuleManager: Shutting down and abandoning module BehaviorTreeEditor (222)
[2019.10.03-06.58.38:945][901]LogModuleManager: Shutting down and abandoning module FunctionalTesting (220)
[2019.10.03-06.58.38:945][901]LogModuleManager: Shutting down and abandoning module CollisionAnalyzer (218)
[2019.10.03-06.58.38:945][901]LogModuleManager: Shutting down and abandoning module WorkspaceMenuStructure (217)
[2019.10.03-06.58.38:945][901]LogModuleManager: Shutting down and abandoning module UMG (214)
[2019.10.03-06.58.38:945][901]LogModuleManager: Shutting down and abandoning module UMGEditor (213)
[2019.10.03-06.58.38:945][901]LogModuleManager: Shutting down and abandoning module Sequencer (212)
[2019.10.03-06.58.38:945][901]LogModuleManager: Shutting down and abandoning module MessageLog (209)
[2019.10.03-06.58.38:946][901]LogModuleManager: Shutting down and abandoning module SlateReflector (204)
[2019.10.03-06.58.38:946][901]LogModuleManager: Shutting down and abandoning module Slate (202)
[2019.10.03-06.58.38:946][901]LogModuleManager: Shutting down and abandoning module EditorStyle (200)
[2019.10.03-06.58.38:947][901]LogModuleManager: Shutting down and abandoning module MRMesh (198)
[2019.10.03-06.58.38:947][901]LogModuleManager: Shutting down and abandoning module SourceCodeAccess (196)
[2019.10.03-06.58.38:947][901]LogModuleManager: Shutting down and abandoning module HeadMountedDisplay (194)
[2019.10.03-06.58.38:947][901]LogModuleManager: Shutting down and abandoning module XAudio2 (192)
[2019.10.03-06.58.38:947][901]LogModuleManager: Shutting down and abandoning module Networking (190)
[2019.10.03-06.58.38:947][901]LogModuleManager: Shutting down and abandoning module Core (188)
[2019.10.03-06.58.38:947][901]LogModuleManager: Shutting down and abandoning module LevelSequence (186)
[2019.10.03-06.58.38:947][901]LogModuleManager: Shutting down and abandoning module KismetCompiler (184)
[2019.10.03-06.58.38:947][901]LogModuleManager: Shutting down and abandoning module MeshUtilities (182)
[2019.10.03-06.58.38:947][901]LogModuleManager: Shutting down and abandoning module MeshMergeUtilities (181)
[2019.10.03-06.58.38:947][901]LogModuleManager: Shutting down and abandoning module MeshReductionInterface (180)
[2019.10.03-06.58.38:947][901]LogModuleManager: Shutting down and abandoning module SimplygonSwarm (179)
[2019.10.03-06.58.38:947][901]LogModuleManager: Shutting down and abandoning module ProxyLODMeshReduction (177)
[2019.10.03-06.58.38:947][901]LogModuleManager: Shutting down and abandoning module SimplygonMeshReduction (175)
[2019.10.03-06.58.38:947][901]LogModuleManager: Shutting down and abandoning module QuadricMeshReduction (173)
[2019.10.03-06.58.38:947][901]LogModuleManager: Shutting down and abandoning module MaterialBaking (169)
[2019.10.03-06.58.38:947][901]LogModuleManager: Shutting down and abandoning module DirectoryWatcher (165)
[2019.10.03-06.58.38:948][901]LogModuleManager: Shutting down and abandoning module DerivedDataCache (162)
[2019.10.03-06.58.39:011][901]LogDerivedDataCache: Shutdown
[2019.10.03-06.58.39:011][901]LogModuleManager: Shutting down and abandoning module XGEController (160)
[2019.10.03-06.58.39:011][901]LogModuleManager: Shutting down and abandoning module TargetPlatform (158)
[2019.10.03-06.58.39:011][901]LogModuleManager: Shutting down and abandoning module VulkanShaderFormat (157)
[2019.10.03-06.58.39:011][901]LogModuleManager: Shutting down and abandoning module ShaderFormatVectorVM (155)
[2019.10.03-06.58.39:011][901]LogModuleManager: Shutting down and abandoning module ShaderFormatOpenGL (153)
[2019.10.03-06.58.39:011][901]LogModuleManager: Shutting down and abandoning module ShaderFormatD3D (151)
[2019.10.03-06.58.39:011][901]LogModuleManager: Shutting down and abandoning module MetalShaderFormat (149)
[2019.10.03-06.58.39:011][901]LogModuleManager: Shutting down and abandoning module TextureFormatUncompressed (147)
[2019.10.03-06.58.39:011][901]LogModuleManager: Shutting down and abandoning module TextureFormatPVR (145)
[2019.10.03-06.58.39:012][901]LogModuleManager: Shutting down and abandoning module TextureFormatDXT (143)
[2019.10.03-06.58.39:012][901]LogModuleManager: Shutting down and abandoning module TextureFormatIntelISPCTexComp (141)
[2019.10.03-06.58.39:012][901]LogModuleManager: Shutting down and abandoning module TextureFormatASTC (139)
[2019.10.03-06.58.39:012][901]LogModuleManager: Shutting down and abandoning module ImageWrapper (138)
[2019.10.03-06.58.39:012][901]LogModuleManager: Shutting down and abandoning module TextureFormatAndroid (135)
[2019.10.03-06.58.39:012][901]LogModuleManager: Shutting down and abandoning module AudioFormatOpus (133)
[2019.10.03-06.58.39:012][901]LogModuleManager: Shutting down and abandoning module AudioFormatOgg (131)
[2019.10.03-06.58.39:012][901]LogModuleManager: Shutting down and abandoning module AudioFormatADPCM (129)
[2019.10.03-06.58.39:012][901]LogModuleManager: Shutting down and abandoning module LuminTargetPlatform (127)
[2019.10.03-06.58.39:012][901]LogModuleManager: Shutting down and abandoning module LinuxTargetPlatform (125)
[2019.10.03-06.58.39:012][901]LogModuleManager: Shutting down and abandoning module LinuxServerTargetPlatform (123)
[2019.10.03-06.58.39:012][901]LogModuleManager: Shutting down and abandoning module LinuxNoEditorTargetPlatform (121)
[2019.10.03-06.58.39:012][901]LogModuleManager: Shutting down and abandoning module LinuxClientTargetPlatform (119)
[2019.10.03-06.58.39:012][901]LogModuleManager: Shutting down and abandoning module TVOSTargetPlatform (117)
[2019.10.03-06.58.39:013][901]LogModuleManager: Shutting down and abandoning module Messaging (115)
[2019.10.03-06.58.39:013][901]LogModuleManager: Shutting down and abandoning module IOSTargetPlatform (113)
[2019.10.03-06.58.39:013][901]LogModuleManager: Shutting down and abandoning module HTML5TargetPlatform (111)
[2019.10.03-06.58.39:013][901]LogModuleManager: Shutting down and abandoning module AndroidTargetPlatform (109)
[2019.10.03-06.58.39:020][901]LogModuleManager: Shutting down and abandoning module WindowsTargetPlatform (107)
[2019.10.03-06.58.39:020][901]LogModuleManager: Shutting down and abandoning module WindowsServerTargetPlatform (105)
[2019.10.03-06.58.39:020][901]LogModuleManager: Shutting down and abandoning module WindowsNoEditorTargetPlatform (103)
[2019.10.03-06.58.39:020][901]LogModuleManager: Shutting down and abandoning module WindowsClientTargetPlatform (101)
[2019.10.03-06.58.39:020][901]LogModuleManager: Shutting down and abandoning module MacTargetPlatform (99)
[2019.10.03-06.58.39:020][901]LogModuleManager: Shutting down and abandoning module MacServerTargetPlatform (97)
[2019.10.03-06.58.39:020][901]LogModuleManager: Shutting down and abandoning module MacNoEditorTargetPlatform (95)
[2019.10.03-06.58.39:020][901]LogModuleManager: Shutting down and abandoning module MacClientTargetPlatform (93)
[2019.10.03-06.58.39:020][901]LogModuleManager: Shutting down and abandoning module AllDesktopTargetPlatform (91)
[2019.10.03-06.58.39:020][901]LogModuleManager: Shutting down and abandoning module InputCore (88)
[2019.10.03-06.58.39:020][901]LogModuleManager: Shutting down and abandoning module Settings (86)
[2019.10.03-06.58.39:020][901]LogModuleManager: Shutting down and abandoning module PhysXCooking (84)
[2019.10.03-06.58.39:020][901]LogModuleManager: Shutting down and abandoning module SteamVR (82)
[2019.10.03-06.58.39:020][901]LogModuleManager: Shutting down and abandoning module OculusHMD (80)
[2019.10.03-06.58.39:020][901]LogModuleManager: Shutting down and abandoning module ExampleDeviceProfileSelector (78)
[2019.10.03-06.58.39:020][901]LogModuleManager: Shutting down and abandoning module LauncherChunkInstaller (76)
[2019.10.03-06.58.39:020][901]LogModuleManager: Shutting down and abandoning module OnlineBlueprintSupport (74)
[2019.10.03-06.58.39:020][901]LogModuleManager: Shutting down and abandoning module OnlineSubsystem (70)
[2019.10.03-06.58.39:021][901]LogModuleManager: Shutting down and abandoning module XMPP (65)
[2019.10.03-06.58.39:021][901]LogModuleManager: Shutting down and abandoning module WebSockets (64)
[2019.10.03-06.58.39:055][901]LogModuleManager: Shutting down and abandoning module HTTP (61)
[2019.10.03-06.58.39:055][901]LogHttp: Display: Http module shutting down, but needs to wait on 1 outstanding Http requests:
[2019.10.03-06.58.39:056][901]LogHttp: Display: 	verb=[POST] url=[https://datarouter.ol.epicgames.com/datarouter/api/v1/public/data?SessionID=%7B555C5383-4A68-A585-B032-07A88629B17F%7D&AppID=UEEditor.Rocket.Release&AppVersion=4.20.3-4369336%2B%2B%2BUE4%2BRelease-4.20&UserID=5fd3084d452e0c906384cc985dd14919%7C%7Cfe46fbdf-cd3f-44b9-ada0-3a4568aedb0e&AppEnvironment=datacollector-binary&UploadType=eteventstream] status=Processing
[2019.10.03-06.58.39:079][901]LogModuleManager: Shutting down and abandoning module SSL (60)
[2019.10.03-06.58.39:080][901]LogModuleManager: Shutting down and abandoning module MagicLeapEmulator (56)
[2019.10.03-06.58.39:080][901]LogModuleManager: Shutting down and abandoning module MagicLeapPrivileges (54)
[2019.10.03-06.58.39:080][901]LogModuleManager: Shutting down and abandoning module MagicLeapIdentity (52)
[2019.10.03-06.58.39:080][901]LogModuleManager: Shutting down and abandoning module MagicLeapHelperVulkan (50)
[2019.10.03-06.58.39:080][901]LogModuleManager: Shutting down and abandoning module MagicLeapHelperOpenGL (48)
[2019.10.03-06.58.39:080][901]LogModuleManager: Shutting down and abandoning module MagicLeapSecureStorage (46)
[2019.10.03-06.58.39:080][901]LogModuleManager: Shutting down and abandoning module MagicLeapGestures (44)
[2019.10.03-06.58.39:080][901]LogModuleManager: Shutting down and abandoning module MagicLeapEyeTracker (42)
[2019.10.03-06.58.39:080][901]LogModuleManager: Shutting down and abandoning module MagicLeapController (40)
[2019.10.03-06.58.39:080][901]LogSlate: Slate User Destroyed.  User Index 0, Is Virtual User: 0
[2019.10.03-06.58.39:080][901]LogModuleManager: Shutting down and abandoning module MagicLeap (38)
[2019.10.03-06.58.39:080][901]LogModuleManager: Shutting down and abandoning module AnimationModifiers (36)
[2019.10.03-06.58.39:080][901]LogModuleManager: Shutting down and abandoning module PropertyEditor (35)
[2019.10.03-06.58.39:080][901]LogModuleManager: Shutting down and abandoning module AudioEditor (32)
[2019.10.03-06.58.39:080][901]LogModuleManager: Shutting down and abandoning module TextureCompressor (30)
[2019.10.03-06.58.39:080][901]LogModuleManager: Shutting down and abandoning module ShaderCore (28)
[2019.10.03-06.58.39:080][901]LogModuleManager: Shutting down and abandoning module Landscape (26)
[2019.10.03-06.58.39:080][901]LogModuleManager: Shutting down and abandoning module SlateRHIRenderer (24)
[2019.10.03-06.58.39:081][901]LogModuleManager: Shutting down and abandoning module OpenGLDrv (22)
[2019.10.03-06.58.39:081][901]LogModuleManager: Shutting down and abandoning module D3D11RHI (20)
[2019.10.03-06.58.39:081][901]LogModuleManager: Shutting down and abandoning module AnimGraphRuntime (18)
[2019.10.03-06.58.39:081][901]LogModuleManager: Shutting down and abandoning module Renderer (16)
[2019.10.03-06.58.39:081][901]LogModuleManager: Shutting down and abandoning module Engine (14)
[2019.10.03-06.58.39:081][901]LogModuleManager: Shutting down and abandoning module CoreUObject (12)
[2019.10.03-06.58.39:081][901]LogModuleManager: Shutting down and abandoning module NetworkFile (10)
[2019.10.03-06.58.39:081][901]LogModuleManager: Shutting down and abandoning module CookedIterativeFile (8)
[2019.10.03-06.58.39:081][901]LogModuleManager: Shutting down and abandoning module StreamingFile (6)
[2019.10.03-06.58.39:081][901]LogModuleManager: Shutting down and abandoning module SandboxFile (4)
[2019.10.03-06.58.39:081][901]LogModuleManager: Shutting down and abandoning module PakFile (2)
[2019.10.03-06.58.39:087][901]LogExit: Exiting.
[2019.10.03-06.58.39:098][901]Log file closed, 10/03/19 16:58:39
